{"message":"++++ Bot Name   : MyAccès","level":"debug","service":"bot-service","timestamp":"2021-09-13 13:27:24","ms":"+0ms"}
{"message":"++++ Bot Status : DEV","level":"debug","service":"bot-service","timestamp":"2021-09-13 13:27:24","ms":"+11ms"}
{"message":"++++ Bot Access : ACCESS_TO_ALL","level":"debug","service":"bot-service","timestamp":"2021-09-13 13:27:25","ms":"+135ms"}
{"message":"++++ HOST       : https://5011-154-126-61-242.ngrok.io","level":"debug","service":"bot-service","timestamp":"2021-09-13 13:27:25","ms":"+3ms"}
{"message":"++++ API HOST   : http://localhost:51943","level":"debug","service":"bot-service","timestamp":"2021-09-13 13:27:25","ms":"+2ms"}
{"message":"Http server is listening on 60067","level":"info","service":"bot-service","timestamp":"2021-09-13 13:27:25","ms":"+644ms"}
{"message":"Https server is listening on 60066","level":"info","service":"bot-service","timestamp":"2021-09-13 13:27:25","ms":"+10ms"}
{"message":"++++ Bot Name   : MyAccès","level":"debug","service":"bot-service","timestamp":"2021-09-13 15:37:51","ms":"+0ms"}
{"message":"++++ Bot Status : DEV","level":"debug","service":"bot-service","timestamp":"2021-09-13 15:37:51","ms":"+5ms"}
{"message":"++++ Bot Access : ACCESS_TO_ALL","level":"debug","service":"bot-service","timestamp":"2021-09-13 15:37:51","ms":"+10ms"}
{"message":"++++ HOST       : https://5f6a-154-126-61-242.ngrok.io","level":"debug","service":"bot-service","timestamp":"2021-09-13 15:37:51","ms":"+2ms"}
{"message":"++++ API HOST   : http://localhost:51943","level":"debug","service":"bot-service","timestamp":"2021-09-13 15:37:51","ms":"+3ms"}
{"message":"Http server is listening on 60067","level":"info","service":"bot-service","timestamp":"2021-09-13 15:37:52","ms":"+1s"}
{"message":"Https server is listening on 60066","level":"info","service":"bot-service","timestamp":"2021-09-13 15:37:52","ms":"+17ms"}
{"service":"bot-service","sender":"2789694227751300","text":"cc","level":"info","message":"Input_Message","timestamp":"2021-09-13 15:43:36","ms":"+6m"}
{"service":"bot-service","sender":"2789694227751300","payload":"Mes comptes","level":"info","message":"Input_Payload","timestamp":"2021-09-13 15:44:23","ms":"+47s"}
{"service":"bot-service","sender":"2789694227751300","payload":"Consultation","level":"info","message":"Input_Payload","timestamp":"2021-09-13 15:44:36","ms":"+13s"}
{"message":"*Resolver> ?checkMyAccountChain> 1 chain","level":"silly","service":"bot-service","timestamp":"2021-09-13 15:44:36","ms":"+32ms"}
{"message":"**Process-chain> my-account> chain? CheckMyAccountChain","level":"silly","service":"bot-service","timestamp":"2021-09-13 15:44:42","ms":"+6s"}
{"service":"bot-service","sender":"3598183203594950","text":"coucou","level":"info","message":"Input_Message","timestamp":"2021-09-13 15:45:08","ms":"+25s"}
{"message":"++++ Bot Name   : MyAccès","level":"debug","service":"bot-service","timestamp":"2021-09-13 15:52:20","ms":"+0ms"}
{"message":"++++ Bot Status : DEV","level":"debug","service":"bot-service","timestamp":"2021-09-13 15:52:20","ms":"+7ms"}
{"message":"++++ Bot Access : ACCESS_TO_ALL","level":"debug","service":"bot-service","timestamp":"2021-09-13 15:52:20","ms":"+2ms"}
{"message":"++++ HOST       : https://5f6a-154-126-61-242.ngrok.io","level":"debug","service":"bot-service","timestamp":"2021-09-13 15:52:20","ms":"+1ms"}
{"message":"++++ API HOST   : http://localhost:51943","level":"debug","service":"bot-service","timestamp":"2021-09-13 15:52:20","ms":"+1ms"}
{"message":"Http server is listening on 60067","level":"info","service":"bot-service","timestamp":"2021-09-13 15:52:21","ms":"+957ms"}
{"message":"Https server is listening on 60066","level":"info","service":"bot-service","timestamp":"2021-09-13 15:52:21","ms":"+1ms"}
{"service":"bot-service","sender":"2789694227751300","text":"cc","level":"info","message":"Input_Message","timestamp":"2021-09-13 15:52:43","ms":"+22s"}
{"service":"bot-service","sender":"2789694227751300","payload":"Mon solde","level":"info","message":"Input_Payload","timestamp":"2021-09-13 15:52:44","ms":"+1s"}
{"service":"bot-service","sender":"2789694227751300","payload":"Mon solde","level":"info","message":"Input_Payload","timestamp":"2021-09-13 15:53:05","ms":"+21s"}
{"service":"bot-service","sender":"3598183203594950","text":"coucou","level":"info","message":"Input_Message","timestamp":"2021-09-13 15:54:13","ms":"+1m"}
{"service":"bot-service","sender":"2789694227751300","payload":"Mes comptes","level":"info","message":"Input_Payload","timestamp":"2021-09-13 15:54:43","ms":"+30s"}
{"service":"bot-service","sender":"2789694227751300","payload":"Consultation","level":"info","message":"Input_Payload","timestamp":"2021-09-13 15:54:52","ms":"+9s"}
{"message":"*Resolver> ?checkMyAccountChain> 1 chain","level":"silly","service":"bot-service","timestamp":"2021-09-13 15:54:52","ms":"+28ms"}
{"message":"**Process-chain> my-account> chain? CheckMyAccountChain","level":"silly","service":"bot-service","timestamp":"2021-09-13 15:54:57","ms":"+4s"}
{"service":"bot-service","sender":"2789694227751300","payload":"Mon solde","level":"info","message":"Input_Payload","timestamp":"2021-09-13 15:55:02","ms":"+6s"}
{"message":"++++ Bot Name   : MyAccès","level":"debug","service":"bot-service","timestamp":"2021-09-13 15:59:09","ms":"+0ms"}
{"message":"++++ Bot Status : DEV","level":"debug","service":"bot-service","timestamp":"2021-09-13 15:59:09","ms":"+6ms"}
{"message":"++++ Bot Access : ACCESS_TO_ALL","level":"debug","service":"bot-service","timestamp":"2021-09-13 15:59:09","ms":"+1ms"}
{"message":"++++ HOST       : https://5f6a-154-126-61-242.ngrok.io","level":"debug","service":"bot-service","timestamp":"2021-09-13 15:59:09","ms":"+6ms"}
{"message":"++++ API HOST   : http://localhost:51943","level":"debug","service":"bot-service","timestamp":"2021-09-13 15:59:09","ms":"+2ms"}
{"message":"Http server is listening on 60067","level":"info","service":"bot-service","timestamp":"2021-09-13 15:59:09","ms":"+586ms"}
{"message":"Https server is listening on 60066","level":"info","service":"bot-service","timestamp":"2021-09-13 15:59:09","ms":"+5ms"}
{"service":"bot-service","sender":"2789694227751300","payload":"Mon solde","level":"info","message":"Input_Payload","timestamp":"2021-09-13 15:59:59","ms":"+50s"}
{"message":"++++ Bot Name   : MyAccès","level":"debug","service":"bot-service","timestamp":"2021-09-13 16:03:06","ms":"+0ms"}
{"message":"++++ Bot Status : DEV","level":"debug","service":"bot-service","timestamp":"2021-09-13 16:03:06","ms":"+4ms"}
{"message":"++++ Bot Access : ACCESS_TO_ALL","level":"debug","service":"bot-service","timestamp":"2021-09-13 16:03:06","ms":"+1ms"}
{"message":"++++ HOST       : https://5f6a-154-126-61-242.ngrok.io","level":"debug","service":"bot-service","timestamp":"2021-09-13 16:03:06","ms":"+6ms"}
{"message":"++++ API HOST   : http://localhost:51943","level":"debug","service":"bot-service","timestamp":"2021-09-13 16:03:06","ms":"+3ms"}
{"message":"Http server is listening on 60067","level":"info","service":"bot-service","timestamp":"2021-09-13 16:03:07","ms":"+514ms"}
{"message":"Https server is listening on 60066","level":"info","service":"bot-service","timestamp":"2021-09-13 16:03:07","ms":"+6ms"}
{"service":"bot-service","sender":"2789694227751300","payload":"Mon solde","level":"info","message":"Input_Payload","timestamp":"2021-09-13 16:03:16","ms":"+9s"}
{"service":"bot-service","level":"error","message":"ExecuteNextProcess Cannot read property 'pseudo' of null","stack":"TypeError: Cannot read property 'pseudo' of null\n    at ThanksClientChain.executeProcess (D:\\MyAcces.Viber\\MyAcces.Viber\\MyAcces.bot\\dist\\process-chains\\common-service\\thanks-client.chain.js:16:32)\n    at SwitchNextChainEndServiceChain.executeNextProcess (D:\\MyAcces.Viber\\MyAcces.Viber\\MyAcces.bot\\dist\\interfaces\\chain.interface.js:23:41)\n    at SwitchNextChainEndServiceChain.executeProcess (D:\\MyAcces.Viber\\MyAcces.Viber\\MyAcces.bot\\dist\\process-chains\\common-service\\switch-end-service.chain.js:13:14)\n    at GetPseudoChain.executeNextProcess (D:\\MyAcces.Viber\\MyAcces.Viber\\MyAcces.bot\\dist\\interfaces\\chain.interface.js:23:41)\n    at GetPseudoChain.executeProcess (D:\\MyAcces.Viber\\MyAcces.Viber\\MyAcces.bot\\dist\\process-chains\\api-messenger-platform\\get-pseudo-first-name.chain.js:13:14)\n    at CancelAnyCurrenctProcessChain.executeNextProcess (D:\\MyAcces.Viber\\MyAcces.Viber\\MyAcces.bot\\dist\\interfaces\\chain.interface.js:23:41)\n    at CancelAnyCurrenctProcessChain.<anonymous> (D:\\MyAcces.Viber\\MyAcces.Viber\\MyAcces.bot\\dist\\process-chains\\common-service\\cancel-any-current-process.chain.js:13:18)\n    at FacebookContext.<anonymous> (D:\\MyAcces.Viber\\MyAcces.Viber\\MyAcces.bot\\dist\\social-medias\\facebook\\facebook-context.js:38:25)\n    at Request._callback (D:\\MyAcces.Viber\\MyAcces.Viber\\MyAcces.bot\\dist\\middlewares\\fb-middleware.js:47:17)\n    at Request.self.callback (D:\\MyAcces.Viber\\MyAcces.Viber\\MyAcces.bot\\node_modules\\request\\request.js:185:22)","timestamp":"2021-09-13 16:03:34","ms":"+18s"}
{"service":"bot-service","level":"error","message":"ExecuteNextProcess Cannot read property 'pseudo' of null","stack":"TypeError: Cannot read property 'pseudo' of null\n    at SwitchNextChainEndServiceChain.executeProcess (D:\\MyAcces.Viber\\MyAcces.Viber\\MyAcces.bot\\dist\\process-chains\\common-service\\switch-end-service.chain.js:14:18)\n    at GetPseudoChain.executeNextProcess (D:\\MyAcces.Viber\\MyAcces.Viber\\MyAcces.bot\\dist\\interfaces\\chain.interface.js:23:41)\n    at GetPseudoChain.executeProcess (D:\\MyAcces.Viber\\MyAcces.Viber\\MyAcces.bot\\dist\\process-chains\\api-messenger-platform\\get-pseudo-first-name.chain.js:13:14)\n    at CancelAnyCurrenctProcessChain.executeNextProcess (D:\\MyAcces.Viber\\MyAcces.Viber\\MyAcces.bot\\dist\\interfaces\\chain.interface.js:23:41)\n    at CancelAnyCurrenctProcessChain.<anonymous> (D:\\MyAcces.Viber\\MyAcces.Viber\\MyAcces.bot\\dist\\process-chains\\common-service\\cancel-any-current-process.chain.js:13:18)\n    at FacebookContext.<anonymous> (D:\\MyAcces.Viber\\MyAcces.Viber\\MyAcces.bot\\dist\\social-medias\\facebook\\facebook-context.js:38:25)\n    at Request._callback (D:\\MyAcces.Viber\\MyAcces.Viber\\MyAcces.bot\\dist\\middlewares\\fb-middleware.js:47:17)\n    at Request.self.callback (D:\\MyAcces.Viber\\MyAcces.Viber\\MyAcces.bot\\node_modules\\request\\request.js:185:22)\n    at Request.emit (events.js:210:5)\n    at Request.<anonymous> (D:\\MyAcces.Viber\\MyAcces.Viber\\MyAcces.bot\\node_modules\\request\\request.js:1161:10)","timestamp":"2021-09-13 16:03:34","ms":"+142ms"}
{"service":"bot-service","Error":{"code":"ECONNRESET"},"level":"error","message":"Unable to get User info","timestamp":"2021-09-13 16:04:53","ms":"+1m"}
{"message":"++++ Bot Name   : MyAccès","level":"debug","service":"bot-service","timestamp":"2021-09-13 16:05:40","ms":"+0ms"}
{"message":"++++ Bot Status : DEV","level":"debug","service":"bot-service","timestamp":"2021-09-13 16:05:40","ms":"+6ms"}
{"message":"++++ Bot Access : ACCESS_TO_ALL","level":"debug","service":"bot-service","timestamp":"2021-09-13 16:05:40","ms":"+2ms"}
{"message":"++++ HOST       : https://5f6a-154-126-61-242.ngrok.io","level":"debug","service":"bot-service","timestamp":"2021-09-13 16:05:40","ms":"+16ms"}
{"message":"++++ API HOST   : http://localhost:51943","level":"debug","service":"bot-service","timestamp":"2021-09-13 16:05:40","ms":"+1ms"}
{"message":"Http server is listening on 60067","level":"info","service":"bot-service","timestamp":"2021-09-13 16:05:41","ms":"+530ms"}
{"message":"Https server is listening on 60066","level":"info","service":"bot-service","timestamp":"2021-09-13 16:05:41","ms":"+5ms"}
{"service":"bot-service","sender":"2789694227751300","payload":"Mon solde","level":"info","message":"Input_Payload","timestamp":"2021-09-13 16:05:54","ms":"+13s"}
{"service":"bot-service","level":"error","message":"ExecuteNextProcess Cannot read property 'pseudo' of null","stack":"TypeError: Cannot read property 'pseudo' of null\n    at ThanksClientChain.executeProcess (D:\\MyAcces.Viber\\MyAcces.Viber\\MyAcces.bot\\dist\\process-chains\\common-service\\thanks-client.chain.js:16:32)\n    at SwitchNextChainEndServiceChain.executeNextProcess (D:\\MyAcces.Viber\\MyAcces.Viber\\MyAcces.bot\\dist\\interfaces\\chain.interface.js:23:41)\n    at SwitchNextChainEndServiceChain.executeProcess (D:\\MyAcces.Viber\\MyAcces.Viber\\MyAcces.bot\\dist\\process-chains\\common-service\\switch-end-service.chain.js:13:14)\n    at GetPseudoChain.executeNextProcess (D:\\MyAcces.Viber\\MyAcces.Viber\\MyAcces.bot\\dist\\interfaces\\chain.interface.js:23:41)\n    at GetPseudoChain.executeProcess (D:\\MyAcces.Viber\\MyAcces.Viber\\MyAcces.bot\\dist\\process-chains\\api-messenger-platform\\get-pseudo-first-name.chain.js:13:14)\n    at CancelAnyCurrenctProcessChain.executeNextProcess (D:\\MyAcces.Viber\\MyAcces.Viber\\MyAcces.bot\\dist\\interfaces\\chain.interface.js:23:41)\n    at CancelAnyCurrenctProcessChain.<anonymous> (D:\\MyAcces.Viber\\MyAcces.Viber\\MyAcces.bot\\dist\\process-chains\\common-service\\cancel-any-current-process.chain.js:13:18)\n    at FacebookContext.<anonymous> (D:\\MyAcces.Viber\\MyAcces.Viber\\MyAcces.bot\\dist\\social-medias\\facebook\\facebook-context.js:38:25)\n    at Request._callback (D:\\MyAcces.Viber\\MyAcces.Viber\\MyAcces.bot\\dist\\middlewares\\fb-middleware.js:47:17)\n    at Request.self.callback (D:\\MyAcces.Viber\\MyAcces.Viber\\MyAcces.bot\\node_modules\\request\\request.js:185:22)","timestamp":"2021-09-13 16:06:54","ms":"+1m"}
{"service":"bot-service","level":"error","message":"ExecuteNextProcess Cannot read property 'pseudo' of null","stack":"TypeError: Cannot read property 'pseudo' of null\n    at SwitchNextChainEndServiceChain.executeProcess (D:\\MyAcces.Viber\\MyAcces.Viber\\MyAcces.bot\\dist\\process-chains\\common-service\\switch-end-service.chain.js:15:18)\n    at GetPseudoChain.executeNextProcess (D:\\MyAcces.Viber\\MyAcces.Viber\\MyAcces.bot\\dist\\interfaces\\chain.interface.js:23:41)\n    at GetPseudoChain.executeProcess (D:\\MyAcces.Viber\\MyAcces.Viber\\MyAcces.bot\\dist\\process-chains\\api-messenger-platform\\get-pseudo-first-name.chain.js:13:14)\n    at CancelAnyCurrenctProcessChain.executeNextProcess (D:\\MyAcces.Viber\\MyAcces.Viber\\MyAcces.bot\\dist\\interfaces\\chain.interface.js:23:41)\n    at CancelAnyCurrenctProcessChain.<anonymous> (D:\\MyAcces.Viber\\MyAcces.Viber\\MyAcces.bot\\dist\\process-chains\\common-service\\cancel-any-current-process.chain.js:13:18)\n    at FacebookContext.<anonymous> (D:\\MyAcces.Viber\\MyAcces.Viber\\MyAcces.bot\\dist\\social-medias\\facebook\\facebook-context.js:38:25)\n    at Request._callback (D:\\MyAcces.Viber\\MyAcces.Viber\\MyAcces.bot\\dist\\middlewares\\fb-middleware.js:47:17)\n    at Request.self.callback (D:\\MyAcces.Viber\\MyAcces.Viber\\MyAcces.bot\\node_modules\\request\\request.js:185:22)\n    at Request.emit (events.js:210:5)\n    at Request.<anonymous> (D:\\MyAcces.Viber\\MyAcces.Viber\\MyAcces.bot\\node_modules\\request\\request.js:1161:10)","timestamp":"2021-09-13 16:06:54","ms":"+43ms"}
{"service":"bot-service","level":"error","message":"ExecuteNextProcess Cannot read property 'pseudo' of null","stack":"TypeError: Cannot read property 'pseudo' of null\n    at ThanksClientChain.executeProcess (D:\\MyAcces.Viber\\MyAcces.Viber\\MyAcces.bot\\dist\\process-chains\\common-service\\thanks-client.chain.js:16:32)\n    at SwitchNextChainEndServiceChain.executeNextProcess (D:\\MyAcces.Viber\\MyAcces.Viber\\MyAcces.bot\\dist\\interfaces\\chain.interface.js:23:41)\n    at SwitchNextChainEndServiceChain.executeProcess (D:\\MyAcces.Viber\\MyAcces.Viber\\MyAcces.bot\\dist\\process-chains\\common-service\\switch-end-service.chain.js:13:14)\n    at GetPseudoChain.executeNextProcess (D:\\MyAcces.Viber\\MyAcces.Viber\\MyAcces.bot\\dist\\interfaces\\chain.interface.js:23:41)\n    at GetPseudoChain.<anonymous> (D:\\MyAcces.Viber\\MyAcces.Viber\\MyAcces.bot\\dist\\process-chains\\api-messenger-platform\\get-pseudo-first-name.chain.js:16:18)\n    at FacebookContext.<anonymous> (D:\\MyAcces.Viber\\MyAcces.Viber\\MyAcces.bot\\dist\\social-medias\\facebook\\facebook-context.js:129:21)\n    at Request._callback (D:\\MyAcces.Viber\\MyAcces.Viber\\MyAcces.bot\\dist\\middlewares\\fb-middleware.js:78:17)\n    at Request.self.callback (D:\\MyAcces.Viber\\MyAcces.Viber\\MyAcces.bot\\node_modules\\request\\request.js:185:22)\n    at Request.emit (events.js:210:5)\n    at Request.<anonymous> (D:\\MyAcces.Viber\\MyAcces.Viber\\MyAcces.bot\\node_modules\\request\\request.js:1161:10)","timestamp":"2021-09-13 16:06:56","ms":"+2s"}
{"service":"bot-service","sender":"3598183203594950","text":"coucou","level":"info","message":"Input_Message","timestamp":"2021-09-13 16:10:26","ms":"+3m"}
{"service":"bot-service","sender":"3598183203594950","payload":"Mes comptes","level":"info","message":"Input_Payload","timestamp":"2021-09-13 16:10:53","ms":"+27s"}
{"service":"bot-service","sender":"3598183203594950","payload":"Consultation","level":"info","message":"Input_Payload","timestamp":"2021-09-13 16:11:55","ms":"+1m"}
{"message":"*Resolver> ?checkMyAccountChain> 1 chain","level":"silly","service":"bot-service","timestamp":"2021-09-13 16:11:55","ms":"+9ms"}
{"message":"**Process-chain> my-account> chain? CheckMyAccountChain","level":"silly","service":"bot-service","timestamp":"2021-09-13 16:11:59","ms":"+5s"}
{"service":"bot-service","sender":"3598183203594950","payload":"Mon solde","level":"info","message":"Input_Payload","timestamp":"2021-09-13 16:12:20","ms":"+21s"}
{"service":"bot-service","level":"error","message":"ExecuteNextProcess Cannot read property 'pseudo' of null","stack":"TypeError: Cannot read property 'pseudo' of null\n    at ThanksClientChain.executeProcess (D:\\MyAcces.Viber\\MyAcces.Viber\\MyAcces.bot\\dist\\process-chains\\common-service\\thanks-client.chain.js:16:32)\n    at SwitchNextChainEndServiceChain.executeNextProcess (D:\\MyAcces.Viber\\MyAcces.Viber\\MyAcces.bot\\dist\\interfaces\\chain.interface.js:23:41)\n    at SwitchNextChainEndServiceChain.executeProcess (D:\\MyAcces.Viber\\MyAcces.Viber\\MyAcces.bot\\dist\\process-chains\\common-service\\switch-end-service.chain.js:13:14)\n    at GetPseudoChain.executeNextProcess (D:\\MyAcces.Viber\\MyAcces.Viber\\MyAcces.bot\\dist\\interfaces\\chain.interface.js:23:41)\n    at GetPseudoChain.executeProcess (D:\\MyAcces.Viber\\MyAcces.Viber\\MyAcces.bot\\dist\\process-chains\\api-messenger-platform\\get-pseudo-first-name.chain.js:13:14)\n    at CancelAnyCurrenctProcessChain.executeNextProcess (D:\\MyAcces.Viber\\MyAcces.Viber\\MyAcces.bot\\dist\\interfaces\\chain.interface.js:23:41)\n    at CancelAnyCurrenctProcessChain.<anonymous> (D:\\MyAcces.Viber\\MyAcces.Viber\\MyAcces.bot\\dist\\process-chains\\common-service\\cancel-any-current-process.chain.js:13:18)\n    at FacebookContext.<anonymous> (D:\\MyAcces.Viber\\MyAcces.Viber\\MyAcces.bot\\dist\\social-medias\\facebook\\facebook-context.js:38:25)\n    at Request._callback (D:\\MyAcces.Viber\\MyAcces.Viber\\MyAcces.bot\\dist\\middlewares\\fb-middleware.js:47:17)\n    at Request.self.callback (D:\\MyAcces.Viber\\MyAcces.Viber\\MyAcces.bot\\node_modules\\request\\request.js:185:22)","timestamp":"2021-09-13 16:21:32","ms":"+9m"}
{"service":"bot-service","level":"error","message":"ExecuteNextProcess Cannot read property 'pseudo' of null","stack":"TypeError: Cannot read property 'pseudo' of null\n    at SwitchNextChainEndServiceChain.executeProcess (D:\\MyAcces.Viber\\MyAcces.Viber\\MyAcces.bot\\dist\\process-chains\\common-service\\switch-end-service.chain.js:15:18)\n    at GetPseudoChain.executeNextProcess (D:\\MyAcces.Viber\\MyAcces.Viber\\MyAcces.bot\\dist\\interfaces\\chain.interface.js:23:41)\n    at GetPseudoChain.executeProcess (D:\\MyAcces.Viber\\MyAcces.Viber\\MyAcces.bot\\dist\\process-chains\\api-messenger-platform\\get-pseudo-first-name.chain.js:13:14)\n    at CancelAnyCurrenctProcessChain.executeNextProcess (D:\\MyAcces.Viber\\MyAcces.Viber\\MyAcces.bot\\dist\\interfaces\\chain.interface.js:23:41)\n    at CancelAnyCurrenctProcessChain.<anonymous> (D:\\MyAcces.Viber\\MyAcces.Viber\\MyAcces.bot\\dist\\process-chains\\common-service\\cancel-any-current-process.chain.js:13:18)\n    at FacebookContext.<anonymous> (D:\\MyAcces.Viber\\MyAcces.Viber\\MyAcces.bot\\dist\\social-medias\\facebook\\facebook-context.js:38:25)\n    at Request._callback (D:\\MyAcces.Viber\\MyAcces.Viber\\MyAcces.bot\\dist\\middlewares\\fb-middleware.js:47:17)\n    at Request.self.callback (D:\\MyAcces.Viber\\MyAcces.Viber\\MyAcces.bot\\node_modules\\request\\request.js:185:22)\n    at Request.emit (events.js:210:5)\n    at Request.<anonymous> (D:\\MyAcces.Viber\\MyAcces.Viber\\MyAcces.bot\\node_modules\\request\\request.js:1161:10)","timestamp":"2021-09-13 16:21:32","ms":"+9ms"}
{"service":"bot-service","level":"error","message":"ExecuteNextProcess Cannot read property 'pseudo' of null","stack":"TypeError: Cannot read property 'pseudo' of null\n    at ThanksClientChain.executeProcess (D:\\MyAcces.Viber\\MyAcces.Viber\\MyAcces.bot\\dist\\process-chains\\common-service\\thanks-client.chain.js:16:32)\n    at SwitchNextChainEndServiceChain.executeNextProcess (D:\\MyAcces.Viber\\MyAcces.Viber\\MyAcces.bot\\dist\\interfaces\\chain.interface.js:23:41)\n    at SwitchNextChainEndServiceChain.executeProcess (D:\\MyAcces.Viber\\MyAcces.Viber\\MyAcces.bot\\dist\\process-chains\\common-service\\switch-end-service.chain.js:13:14)\n    at GetPseudoChain.executeNextProcess (D:\\MyAcces.Viber\\MyAcces.Viber\\MyAcces.bot\\dist\\interfaces\\chain.interface.js:23:41)\n    at GetPseudoChain.<anonymous> (D:\\MyAcces.Viber\\MyAcces.Viber\\MyAcces.bot\\dist\\process-chains\\api-messenger-platform\\get-pseudo-first-name.chain.js:16:18)\n    at FacebookContext.<anonymous> (D:\\MyAcces.Viber\\MyAcces.Viber\\MyAcces.bot\\dist\\social-medias\\facebook\\facebook-context.js:129:21)\n    at Request._callback (D:\\MyAcces.Viber\\MyAcces.Viber\\MyAcces.bot\\dist\\middlewares\\fb-middleware.js:78:17)\n    at Request.self.callback (D:\\MyAcces.Viber\\MyAcces.Viber\\MyAcces.bot\\node_modules\\request\\request.js:185:22)\n    at Request.emit (events.js:210:5)\n    at Request.<anonymous> (D:\\MyAcces.Viber\\MyAcces.Viber\\MyAcces.bot\\node_modules\\request\\request.js:1161:10)","timestamp":"2021-09-13 16:21:33","ms":"+1s"}
{"service":"bot-service","sender":"3598183203594950","text":"coucou","level":"info","message":"Input_Message","timestamp":"2021-09-13 16:22:12","ms":"+39s"}
