{"message":"++++ Bot Name   : MyAccès","level":"debug","service":"bot-service","timestamp":"2021-09-22 10:04:21","ms":"+0ms"}
{"message":"++++ Bot Status : DEV","level":"debug","service":"bot-service","timestamp":"2021-09-22 10:04:21","ms":"+100ms"}
{"message":"++++ Bot Access : ACCESS_TO_ALL","level":"debug","service":"bot-service","timestamp":"2021-09-22 10:04:21","ms":"+2ms"}
{"message":"++++ HOST       : https://06fb-154-126-61-242.ngrok.io","level":"debug","service":"bot-service","timestamp":"2021-09-22 10:04:21","ms":"+1ms"}
{"message":"++++ API HOST   : http://localhost:51943","level":"debug","service":"bot-service","timestamp":"2021-09-22 10:04:21","ms":"+2ms"}
{"message":"Http server is listening on 60067","level":"info","service":"bot-service","timestamp":"2021-09-22 10:04:38","ms":"+17s"}
{"message":"Https server is listening on 60066","level":"info","service":"bot-service","timestamp":"2021-09-22 10:04:38","ms":"+2ms"}
{"message":"++++ Bot Name   : MyAccès","level":"debug","service":"bot-service","timestamp":"2021-09-22 10:18:36","ms":"+0ms"}
{"message":"++++ Bot Status : DEV","level":"debug","service":"bot-service","timestamp":"2021-09-22 10:18:36","ms":"+14ms"}
{"message":"++++ Bot Access : ACCESS_TO_ALL","level":"debug","service":"bot-service","timestamp":"2021-09-22 10:18:36","ms":"+2ms"}
{"message":"++++ HOST       : https://06fb-154-126-61-242.ngrok.io","level":"debug","service":"bot-service","timestamp":"2021-09-22 10:18:36","ms":"+3ms"}
{"message":"++++ API HOST   : http://localhost:51943","level":"debug","service":"bot-service","timestamp":"2021-09-22 10:18:36","ms":"+1ms"}
{"message":"Http server is listening on 60067","level":"info","service":"bot-service","timestamp":"2021-09-22 10:18:38","ms":"+2s"}
{"message":"Https server is listening on 60066","level":"info","service":"bot-service","timestamp":"2021-09-22 10:18:38","ms":"+2ms"}
{"message":"++++ Bot Name   : MyAccès","level":"debug","service":"bot-service","timestamp":"2021-09-22 10:19:16","ms":"+0ms"}
{"message":"++++ Bot Status : DEV","level":"debug","service":"bot-service","timestamp":"2021-09-22 10:19:16","ms":"+5ms"}
{"message":"++++ Bot Access : ACCESS_TO_ALL","level":"debug","service":"bot-service","timestamp":"2021-09-22 10:19:16","ms":"+1ms"}
{"message":"++++ HOST       : https://e530-154-126-61-242.ngrok.io","level":"debug","service":"bot-service","timestamp":"2021-09-22 10:19:16","ms":"+2ms"}
{"message":"++++ API HOST   : http://localhost:51943","level":"debug","service":"bot-service","timestamp":"2021-09-22 10:19:16","ms":"+1ms"}
{"message":"Http server is listening on 60067","level":"info","service":"bot-service","timestamp":"2021-09-22 10:19:16","ms":"+548ms"}
{"message":"Https server is listening on 60066","level":"info","service":"bot-service","timestamp":"2021-09-22 10:19:16","ms":"+2ms"}
{"service":"bot-service","sender":"eAK/TToTHpMSe6BJr/epHA==","text":"cc","level":"info","message":"Input_Message","timestamp":"2021-09-22 10:37:48","ms":"+19m"}
{"service":"bot-service","sender":"eAK/TToTHpMSe6BJr/epHA==","payload":"Mes comptes","level":"info","message":"Input_Payload","timestamp":"2021-09-22 10:51:03","ms":"+13m"}
{"service":"bot-service","sender":"eAK/TToTHpMSe6BJr/epHA==","payload":"Mon solde","level":"info","message":"Input_Payload","timestamp":"2021-09-22 10:51:21","ms":"+18s"}
{"service":"bot-service","sender":"eAK/TToTHpMSe6BJr/epHA==","payload":"Mes comptes","level":"info","message":"Input_Payload","timestamp":"2021-09-22 10:51:48","ms":"+27s"}
{"service":"bot-service","sender":"eAK/TToTHpMSe6BJr/epHA==","payload":"Envoi d'argent","level":"info","message":"Input_Payload","timestamp":"2021-09-22 10:51:53","ms":"+5s"}
{"message":"**Process-chain> transfer> transfer-type> chaine? inputTransferTypeChain","level":"silly","service":"bot-service","timestamp":"2021-09-22 10:51:53","ms":"+219ms"}
{"message":"*** - then ask the client to choose TRANSFER TYPE","level":"silly","service":"bot-service","timestamp":"2021-09-22 10:51:53","ms":"+1ms"}
{"service":"bot-service","sender":"eAK/TToTHpMSe6BJr/epHA==","payload":"Vers un compte tiers","level":"info","message":"Input_Payload","timestamp":"2021-09-22 10:51:59","ms":"+5s"}
{"service":"bot-service","sender":"eAK/TToTHpMSe6BJr/epHA==","payload":"Mes comptes","level":"info","message":"Input_Payload","timestamp":"2021-09-22 10:52:14","ms":"+15s"}
{"service":"bot-service","sender":"eAK/TToTHpMSe6BJr/epHA==","payload":"Consultation","level":"info","message":"Input_Payload","timestamp":"2021-09-22 10:52:18","ms":"+4s"}
{"message":"*Resolver> ?checkMyAccountChain> 1 chain","level":"silly","service":"bot-service","timestamp":"2021-09-22 10:52:18","ms":"+20ms"}
{"message":"**Process-chain> my-account> chain? CheckMyAccountChain","level":"silly","service":"bot-service","timestamp":"2021-09-22 10:52:18","ms":"+74ms"}
{"service":"bot-service","sender":"eAK/TToTHpMSe6BJr/epHA==","payload":"Mini-relevé","level":"info","message":"Input_Payload","timestamp":"2021-09-22 10:52:26","ms":"+8s"}
{"service":"bot-service","sender":"eAK/TToTHpMSe6BJr/epHA==","payload":"Mes comptes","level":"info","message":"Input_Payload","timestamp":"2021-09-22 10:52:58","ms":"+31s"}
{"service":"bot-service","sender":"eAK/TToTHpMSe6BJr/epHA==","payload":"Consultation","level":"info","message":"Input_Payload","timestamp":"2021-09-22 10:53:01","ms":"+3s"}
{"message":"*Resolver> ?checkMyAccountChain> 1 chain","level":"silly","service":"bot-service","timestamp":"2021-09-22 10:53:01","ms":"+23ms"}
{"message":"**Process-chain> my-account> chain? CheckMyAccountChain","level":"silly","service":"bot-service","timestamp":"2021-09-22 10:53:01","ms":"+83ms"}
{"service":"bot-service","sender":"eAK/TToTHpMSe6BJr/epHA==","payload":"Mon solde","level":"info","message":"Input_Payload","timestamp":"2021-09-22 10:53:04","ms":"+3s"}
{"message":"++++ Bot Name   : MyAccès","level":"debug","service":"bot-service","timestamp":"2021-09-22 11:26:08","ms":"+0ms"}
{"message":"++++ Bot Status : DEV","level":"debug","service":"bot-service","timestamp":"2021-09-22 11:26:08","ms":"+61ms"}
{"message":"++++ Bot Access : ACCESS_TO_ALL","level":"debug","service":"bot-service","timestamp":"2021-09-22 11:26:08","ms":"+10ms"}
{"message":"++++ HOST       : https://e530-154-126-61-242.ngrok.io","level":"debug","service":"bot-service","timestamp":"2021-09-22 11:26:08","ms":"+42ms"}
{"message":"++++ API HOST   : http://localhost:51943","level":"debug","service":"bot-service","timestamp":"2021-09-22 11:26:08","ms":"+2ms"}
{"message":"Http server is listening on 60067","level":"info","service":"bot-service","timestamp":"2021-09-22 11:26:10","ms":"+2s"}
{"message":"Https server is listening on 60066","level":"info","service":"bot-service","timestamp":"2021-09-22 11:26:10","ms":"+2ms"}
{"service":"bot-service","sender":"eAK/TToTHpMSe6BJr/epHA==","payload":"Mon solde","level":"info","message":"Input_Payload","timestamp":"2021-09-22 11:26:18","ms":"+8s"}
{"message":"++++ Bot Name   : MyAccès","level":"debug","service":"bot-service","timestamp":"2021-09-22 11:31:32","ms":"+0ms"}
{"message":"++++ Bot Status : DEV","level":"debug","service":"bot-service","timestamp":"2021-09-22 11:31:32","ms":"+70ms"}
{"message":"++++ Bot Access : ACCESS_TO_ALL","level":"debug","service":"bot-service","timestamp":"2021-09-22 11:31:32","ms":"+19ms"}
{"message":"++++ HOST       : https://e530-154-126-61-242.ngrok.io","level":"debug","service":"bot-service","timestamp":"2021-09-22 11:31:32","ms":"+11ms"}
{"message":"++++ API HOST   : http://localhost:51943","level":"debug","service":"bot-service","timestamp":"2021-09-22 11:31:32","ms":"+9ms"}
{"message":"Http server is listening on 60067","level":"info","service":"bot-service","timestamp":"2021-09-22 11:31:33","ms":"+2s"}
{"message":"Https server is listening on 60066","level":"info","service":"bot-service","timestamp":"2021-09-22 11:31:33","ms":"+3ms"}
{"service":"bot-service","sender":"eAK/TToTHpMSe6BJr/epHA==","payload":"Mon solde","level":"info","message":"Input_Payload","timestamp":"2021-09-22 11:31:42","ms":"+8s"}
{"message":"++++ Bot Name   : MyAccès","level":"debug","service":"bot-service","timestamp":"2021-09-22 11:33:22","ms":"+0ms"}
{"message":"++++ Bot Status : DEV","level":"debug","service":"bot-service","timestamp":"2021-09-22 11:33:22","ms":"+40ms"}
{"message":"++++ Bot Access : ACCESS_TO_ALL","level":"debug","service":"bot-service","timestamp":"2021-09-22 11:33:22","ms":"+17ms"}
{"message":"++++ HOST       : https://e530-154-126-61-242.ngrok.io","level":"debug","service":"bot-service","timestamp":"2021-09-22 11:33:22","ms":"+8ms"}
{"message":"++++ API HOST   : http://localhost:51943","level":"debug","service":"bot-service","timestamp":"2021-09-22 11:33:22","ms":"+8ms"}
{"message":"Http server is listening on 60067","level":"info","service":"bot-service","timestamp":"2021-09-22 11:33:23","ms":"+2s"}
{"message":"Https server is listening on 60066","level":"info","service":"bot-service","timestamp":"2021-09-22 11:33:24","ms":"+5ms"}
{"service":"bot-service","sender":"eAK/TToTHpMSe6BJr/epHA==","payload":"Mon solde","level":"info","message":"Input_Payload","timestamp":"2021-09-22 11:33:25","ms":"+2s"}
{"message":"++++ Bot Name   : MyAccès","level":"debug","service":"bot-service","timestamp":"2021-09-22 11:35:26","ms":"+0ms"}
{"message":"++++ Bot Status : DEV","level":"debug","service":"bot-service","timestamp":"2021-09-22 11:35:27","ms":"+163ms"}
{"message":"++++ Bot Access : ACCESS_TO_ALL","level":"debug","service":"bot-service","timestamp":"2021-09-22 11:35:27","ms":"+10ms"}
{"message":"++++ HOST       : https://e530-154-126-61-242.ngrok.io","level":"debug","service":"bot-service","timestamp":"2021-09-22 11:35:27","ms":"+6ms"}
{"message":"++++ API HOST   : http://localhost:51943","level":"debug","service":"bot-service","timestamp":"2021-09-22 11:35:27","ms":"+10ms"}
{"message":"Http server is listening on 60067","level":"info","service":"bot-service","timestamp":"2021-09-22 11:35:29","ms":"+2s"}
{"message":"Https server is listening on 60066","level":"info","service":"bot-service","timestamp":"2021-09-22 11:35:29","ms":"+13ms"}
{"service":"bot-service","sender":"eAK/TToTHpMSe6BJr/epHA==","payload":"Mon solde","level":"info","message":"Input_Payload","timestamp":"2021-09-22 11:35:33","ms":"+5s"}
{"message":"++++ Bot Name   : MyAccès","level":"debug","service":"bot-service","timestamp":"2021-09-22 11:36:54","ms":"+0ms"}
{"message":"++++ Bot Status : DEV","level":"debug","service":"bot-service","timestamp":"2021-09-22 11:36:54","ms":"+28ms"}
{"message":"++++ Bot Access : ACCESS_TO_ALL","level":"debug","service":"bot-service","timestamp":"2021-09-22 11:36:54","ms":"+6ms"}
{"message":"++++ HOST       : https://e530-154-126-61-242.ngrok.io","level":"debug","service":"bot-service","timestamp":"2021-09-22 11:36:54","ms":"+4ms"}
{"message":"++++ API HOST   : http://localhost:51943","level":"debug","service":"bot-service","timestamp":"2021-09-22 11:36:54","ms":"+3ms"}
{"message":"Http server is listening on 60067","level":"info","service":"bot-service","timestamp":"2021-09-22 11:36:56","ms":"+2s"}
{"message":"Https server is listening on 60066","level":"info","service":"bot-service","timestamp":"2021-09-22 11:36:56","ms":"+2ms"}
{"service":"bot-service","sender":"eAK/TToTHpMSe6BJr/epHA==","payload":"Mon solde","level":"info","message":"Input_Payload","timestamp":"2021-09-22 11:37:01","ms":"+5s"}
{"message":"++++ Bot Name   : MyAccès","level":"debug","service":"bot-service","timestamp":"2021-09-22 11:38:49","ms":"+0ms"}
{"message":"++++ Bot Status : DEV","level":"debug","service":"bot-service","timestamp":"2021-09-22 11:38:49","ms":"+53ms"}
{"message":"++++ Bot Access : ACCESS_TO_ALL","level":"debug","service":"bot-service","timestamp":"2021-09-22 11:38:49","ms":"+12ms"}
{"message":"++++ HOST       : https://e530-154-126-61-242.ngrok.io","level":"debug","service":"bot-service","timestamp":"2021-09-22 11:38:49","ms":"+6ms"}
{"message":"++++ API HOST   : http://localhost:51943","level":"debug","service":"bot-service","timestamp":"2021-09-22 11:38:49","ms":"+7ms"}
{"message":"Http server is listening on 60067","level":"info","service":"bot-service","timestamp":"2021-09-22 11:38:51","ms":"+2s"}
{"message":"Https server is listening on 60066","level":"info","service":"bot-service","timestamp":"2021-09-22 11:38:51","ms":"+3ms"}
{"service":"bot-service","sender":"eAK/TToTHpMSe6BJr/epHA==","payload":"Mon solde","level":"info","message":"Input_Payload","timestamp":"2021-09-22 11:38:52","ms":"+1s"}
{"service":"bot-service","sender":"eAK/TToTHpMSe6BJr/epHA==","payload":"Mes comptes","level":"info","message":"Input_Payload","timestamp":"2021-09-22 11:39:52","ms":"+60s"}
{"service":"bot-service","sender":"eAK/TToTHpMSe6BJr/epHA==","payload":"Consultation","level":"info","message":"Input_Payload","timestamp":"2021-09-22 11:39:56","ms":"+4s"}
{"message":"*Resolver> ?checkMyAccountChain> 1 chain","level":"silly","service":"bot-service","timestamp":"2021-09-22 11:39:56","ms":"+18ms"}
{"message":"**Process-chain> my-account> chain? CheckMyAccountChain","level":"silly","service":"bot-service","timestamp":"2021-09-22 11:39:56","ms":"+72ms"}
{"service":"bot-service","sender":"eAK/TToTHpMSe6BJr/epHA==","payload":"Mini-relevé","level":"info","message":"Input_Payload","timestamp":"2021-09-22 11:39:59","ms":"+3s"}
{"service":"bot-service","sender":"eAK/TToTHpMSe6BJr/epHA==","text":"1","level":"info","message":"Input_Message","timestamp":"2021-09-22 11:40:22","ms":"+23s"}
{"service":"bot-service","sender":"eAK/TToTHpMSe6BJr/epHA==","payload":"Mes comptes","level":"info","message":"Input_Payload","timestamp":"2021-09-22 11:40:37","ms":"+15s"}
{"service":"bot-service","sender":"eAK/TToTHpMSe6BJr/epHA==","payload":"Envoi d'argent","level":"info","message":"Input_Payload","timestamp":"2021-09-22 11:40:40","ms":"+3s"}
{"message":"**Process-chain> transfer> transfer-type> chaine? inputTransferTypeChain","level":"silly","service":"bot-service","timestamp":"2021-09-22 11:40:40","ms":"+246ms"}
{"message":"*** - then ask the client to choose TRANSFER TYPE","level":"silly","service":"bot-service","timestamp":"2021-09-22 11:40:40","ms":"+2ms"}
{"service":"bot-service","sender":"eAK/TToTHpMSe6BJr/epHA==","payload":"Vers mon compte","level":"info","message":"Input_Payload","timestamp":"2021-09-22 11:40:45","ms":"+4s"}
{"service":"bot-service","sender":"eAK/TToTHpMSe6BJr/epHA==","text":"1","level":"info","message":"Input_Message","timestamp":"2021-09-22 11:41:56","ms":"+1m"}
{"service":"bot-service","sender":"eAK/TToTHpMSe6BJr/epHA==","text":"1","level":"info","message":"Input_Message","timestamp":"2021-09-22 11:42:03","ms":"+7s"}
{"service":"bot-service","sender":"eAK/TToTHpMSe6BJr/epHA==","text":"10000","level":"info","message":"Input_Message","timestamp":"2021-09-22 11:42:19","ms":"+16s"}
{"service":"bot-service","sender":"eAK/TToTHpMSe6BJr/epHA==","text":"test","level":"info","message":"Input_Message","timestamp":"2021-09-22 11:42:27","ms":"+7s"}
{"service":"bot-service","sender":"eAK/TToTHpMSe6BJr/epHA==","payload":"Mes comptes","level":"info","message":"Input_Payload","timestamp":"2021-09-22 11:43:18","ms":"+51s"}
{"service":"bot-service","sender":"3598183203594950","payload":"Mon solde","level":"info","message":"Input_Payload","timestamp":"2021-09-22 11:51:25","ms":"+8m"}
{"message":"++++ Bot Name   : MyAccès","level":"debug","service":"bot-service","timestamp":"2021-09-22 11:53:41","ms":"+0ms"}
{"message":"++++ Bot Status : DEV","level":"debug","service":"bot-service","timestamp":"2021-09-22 11:53:41","ms":"+45ms"}
{"message":"++++ Bot Access : ACCESS_TO_ALL","level":"debug","service":"bot-service","timestamp":"2021-09-22 11:53:41","ms":"+11ms"}
{"message":"++++ HOST       : https://e530-154-126-61-242.ngrok.io","level":"debug","service":"bot-service","timestamp":"2021-09-22 11:53:42","ms":"+12ms"}
{"message":"++++ API HOST   : http://localhost:51943","level":"debug","service":"bot-service","timestamp":"2021-09-22 11:53:42","ms":"+10ms"}
{"message":"Http server is listening on 60067","level":"info","service":"bot-service","timestamp":"2021-09-22 11:53:44","ms":"+2s"}
{"message":"Https server is listening on 60066","level":"info","service":"bot-service","timestamp":"2021-09-22 11:53:44","ms":"+107ms"}
{"service":"bot-service","sender":"3598183203594950","text":"coucou","level":"info","message":"Input_Message","timestamp":"2021-09-22 11:54:18","ms":"+35s"}
{"service":"bot-service","sender":"3598183203594950","payload":"Mon solde","level":"info","message":"Input_Payload","timestamp":"2021-09-22 11:55:47","ms":"+1m"}
{"service":"bot-service","sender":"3598183203594950","payload":"Mes comptes","level":"info","message":"Input_Payload","timestamp":"2021-09-22 11:56:09","ms":"+21s"}
{"service":"bot-service","sender":"3598183203594950","payload":"Consultation","level":"info","message":"Input_Payload","timestamp":"2021-09-22 11:56:21","ms":"+12s"}
{"message":"*Resolver> ?checkMyAccountChain> 1 chain","level":"silly","service":"bot-service","timestamp":"2021-09-22 11:56:21","ms":"+9ms"}
{"message":"**Process-chain> my-account> chain? CheckMyAccountChain","level":"silly","service":"bot-service","timestamp":"2021-09-22 11:56:24","ms":"+3s"}
{"service":"bot-service","sender":"3598183203594950","payload":"Mon solde","level":"info","message":"Input_Payload","timestamp":"2021-09-22 11:58:43","ms":"+2m"}
{"service":"bot-service","sender":"3598183203594950","payload":"Mes comptes","level":"info","message":"Input_Payload","timestamp":"2021-09-22 11:59:54","ms":"+1m"}
{"service":"bot-service","sender":"3598183203594950","payload":"Envoi d'argent","level":"info","message":"Input_Payload","timestamp":"2021-09-22 12:00:22","ms":"+28s"}
{"message":"**Process-chain> transfer> transfer-type> chaine? inputTransferTypeChain","level":"silly","service":"bot-service","timestamp":"2021-09-22 12:00:26","ms":"+4s"}
{"message":"*** - then ask the client to choose TRANSFER TYPE","level":"silly","service":"bot-service","timestamp":"2021-09-22 12:00:26","ms":"+2ms"}
{"service":"bot-service","sender":"3598183203594950","payload":"Vers mon compte","level":"info","message":"Input_Payload","timestamp":"2021-09-22 12:00:32","ms":"+6s"}
{"message":"++++ Bot Name   : MyAccès","level":"debug","service":"bot-service","timestamp":"2021-09-22 13:06:03","ms":"+0ms"}
{"message":"++++ Bot Status : DEV","level":"debug","service":"bot-service","timestamp":"2021-09-22 13:06:03","ms":"+15ms"}
{"message":"++++ Bot Access : ACCESS_TO_ALL","level":"debug","service":"bot-service","timestamp":"2021-09-22 13:06:03","ms":"+5ms"}
{"message":"++++ HOST       : https://e530-154-126-61-242.ngrok.io","level":"debug","service":"bot-service","timestamp":"2021-09-22 13:06:03","ms":"+5ms"}
{"message":"++++ API HOST   : http://localhost:51943","level":"debug","service":"bot-service","timestamp":"2021-09-22 13:06:03","ms":"+4ms"}
{"message":"Http server is listening on 60067","level":"info","service":"bot-service","timestamp":"2021-09-22 13:06:06","ms":"+3s"}
{"message":"Https server is listening on 60066","level":"info","service":"bot-service","timestamp":"2021-09-22 13:06:06","ms":"+2ms"}
{"service":"bot-service","sender":"3598183203594950","text":"1","level":"info","message":"Input_Message","timestamp":"2021-09-22 13:07:12","ms":"+1m"}
{"service":"bot-service","sender":"3598183203594950","payload":"Mes comptes","level":"info","message":"Input_Payload","timestamp":"2021-09-22 13:13:14","ms":"+6m"}
{"service":"bot-service","sender":"3598183203594950","payload":"Envoi d'argent","level":"info","message":"Input_Payload","timestamp":"2021-09-22 13:13:52","ms":"+38s"}
{"message":"**Process-chain> transfer> transfer-type> chaine? inputTransferTypeChain","level":"silly","service":"bot-service","timestamp":"2021-09-22 13:13:55","ms":"+3s"}
{"message":"*** - then ask the client to choose TRANSFER TYPE","level":"silly","service":"bot-service","timestamp":"2021-09-22 13:13:55","ms":"+2ms"}
{"service":"bot-service","sender":"3598183203594950","payload":"Vers un compte tiers","level":"info","message":"Input_Payload","timestamp":"2021-09-22 13:14:25","ms":"+30s"}
{"service":"bot-service","sender":"3598183203594950","text":"1","level":"info","message":"Input_Message","timestamp":"2021-09-22 13:15:50","ms":"+1m"}
{"service":"bot-service","sender":"3598183203594950","text":"Autre compte","level":"info","message":"Input_Message","timestamp":"2021-09-22 13:16:01","ms":"+12s"}
{"service":"bot-service","sender":"3598183203594950","text":"ABM","level":"info","message":"Input_Message","timestamp":"2021-09-22 13:16:11","ms":"+10s"}
{"service":"bot-service","sender":"3598183203594950","text":"00011000282410009584651","level":"info","message":"Input_Message","timestamp":"2021-09-22 13:17:30","ms":"+1m"}
{"service":"bot-service","sender":"3598183203594950","text":"RAKOTONINDRIANA Sandiarivelo","level":"info","message":"Input_Message","timestamp":"2021-09-22 13:19:37","ms":"+2m"}
{"service":"bot-service","sender":"3598183203594950","text":"200000","level":"info","message":"Input_Message","timestamp":"2021-09-22 13:20:41","ms":"+1m"}
{"service":"bot-service","sender":"3598183203594950","payload":"Mes comptes","level":"info","message":"Input_Payload","timestamp":"2021-09-22 13:37:59","ms":"+17m"}
{"service":"bot-service","sender":"3598183203594950","payload":"Consultation","level":"info","message":"Input_Payload","timestamp":"2021-09-22 13:38:09","ms":"+9s"}
{"message":"*Resolver> ?checkMyAccountChain> 1 chain","level":"silly","service":"bot-service","timestamp":"2021-09-22 13:38:09","ms":"+8ms"}
{"message":"**Process-chain> my-account> chain? CheckMyAccountChain","level":"silly","service":"bot-service","timestamp":"2021-09-22 13:38:12","ms":"+3s"}
{"service":"bot-service","sender":"3598183203594950","payload":"Mini-relevé","level":"info","message":"Input_Payload","timestamp":"2021-09-22 13:38:19","ms":"+7s"}
{"service":"bot-service","sender":"3598183203594950","text":"2","level":"info","message":"Input_Message","timestamp":"2021-09-22 13:39:25","ms":"+1m"}
{"service":"bot-service","sender":"eAK/TToTHpMSe6BJr/epHA==","text":"cc","level":"info","message":"Input_Message","timestamp":"2021-09-22 13:46:10","ms":"+7m"}
{"service":"bot-service","sender":"eAK/TToTHpMSe6BJr/epHA==","text":"cc","level":"info","message":"Input_Message","timestamp":"2021-09-22 13:47:31","ms":"+1m"}
{"service":"bot-service","sender":"eAK/TToTHpMSe6BJr/epHA==","payload":"Activer myacces sur ce canal","level":"info","message":"Input_Payload","timestamp":"2021-09-22 13:48:08","ms":"+37s"}
{"message":"** ForStartAccedeHisAccoutChain","level":"silly","service":"bot-service","timestamp":"2021-09-22 13:48:08","ms":"+44ms"}
{"message":"** InputClientCodeChain","level":"silly","service":"bot-service","timestamp":"2021-09-22 13:48:09","ms":"+1s"}
{"service":"bot-service","sender":"eAK/TToTHpMSe6BJr/epHA==","text":"004000208209","level":"info","message":"Input_Message","timestamp":"2021-09-22 13:48:47","ms":"+38s"}
{"message":"++++ Bot Name   : MyAccès","level":"debug","service":"bot-service","timestamp":"2021-09-22 13:54:54","ms":"+0ms"}
{"message":"++++ Bot Status : DEV","level":"debug","service":"bot-service","timestamp":"2021-09-22 13:54:54","ms":"+6ms"}
{"message":"++++ Bot Access : ACCESS_TO_ALL","level":"debug","service":"bot-service","timestamp":"2021-09-22 13:54:54","ms":"+3ms"}
{"message":"++++ HOST       : https://e530-154-126-61-242.ngrok.io","level":"debug","service":"bot-service","timestamp":"2021-09-22 13:54:54","ms":"+1ms"}
{"message":"++++ API HOST   : http://localhost:51943","level":"debug","service":"bot-service","timestamp":"2021-09-22 13:54:54","ms":"+1ms"}
{"message":"Http server is listening on 60067","level":"info","service":"bot-service","timestamp":"2021-09-22 13:54:59","ms":"+5s"}
{"message":"Https server is listening on 60066","level":"info","service":"bot-service","timestamp":"2021-09-22 13:54:59","ms":"+2ms"}
{"service":"bot-service","sender":"eAK/TToTHpMSe6BJr/epHA==","text":"cdcc","level":"info","message":"Input_Message","timestamp":"2021-09-22 13:56:03","ms":"+1m"}
{"service":"bot-service","sender":"eAK/TToTHpMSe6BJr/epHA==","payload":"Activer myacces sur ce canal","level":"info","message":"Input_Payload","timestamp":"2021-09-22 13:56:16","ms":"+13s"}
{"message":"** ForStartAccedeHisAccoutChain","level":"silly","service":"bot-service","timestamp":"2021-09-22 13:56:16","ms":"+64ms"}
{"message":"** InputClientCodeChain","level":"silly","service":"bot-service","timestamp":"2021-09-22 13:56:17","ms":"+1s"}
{"service":"bot-service","sender":"eAK/TToTHpMSe6BJr/epHA==","text":"004000208209","level":"info","message":"Input_Message","timestamp":"2021-09-22 13:56:22","ms":"+5s"}
{"message":"****** HandleResponseCheckCustomerCodeChain ******","level":"info","service":"bot-service","timestamp":"2021-09-22 13:56:26","ms":"+4s"}
{"service":"bot-service","sender":"eAK/TToTHpMSe6BJr/epHA==","payload":"Activer myacces sur ce canal","level":"info","message":"Input_Payload","timestamp":"2021-09-22 14:00:18","ms":"+4m"}
{"message":"** ForStartAccedeHisAccoutChain","level":"silly","service":"bot-service","timestamp":"2021-09-22 14:00:18","ms":"+40ms"}
{"message":"** InputClientCodeChain","level":"silly","service":"bot-service","timestamp":"2021-09-22 14:00:20","ms":"+2s"}
{"service":"bot-service","sender":"eAK/TToTHpMSe6BJr/epHA==","text":"004000208209","level":"info","message":"Input_Message","timestamp":"2021-09-22 14:00:26","ms":"+7s"}
{"service":"bot-service","sender":"eAK/TToTHpMSe6BJr/epHA==","text":"cc","level":"info","message":"Input_Message","timestamp":"2021-09-22 14:07:48","ms":"+7m"}
{"message":"****** HandleResponseCheckCustomerCodeChain ******","level":"info","service":"bot-service","timestamp":"2021-09-22 14:07:53","ms":"+4s"}
{"service":"bot-service","sender":"eAK/TToTHpMSe6BJr/epHA==","payload":"Activer myacces sur ce canal","level":"info","message":"Input_Payload","timestamp":"2021-09-22 14:07:59","ms":"+7s"}
{"message":"** ForStartAccedeHisAccoutChain","level":"silly","service":"bot-service","timestamp":"2021-09-22 14:07:59","ms":"+32ms"}
{"message":"** InputClientCodeChain","level":"silly","service":"bot-service","timestamp":"2021-09-22 14:08:02","ms":"+3s"}
{"service":"bot-service","sender":"eAK/TToTHpMSe6BJr/epHA==","text":"004000208209","level":"info","message":"Input_Message","timestamp":"2021-09-22 14:08:19","ms":"+17s"}
{"message":"****** HandleResponseCheckCustomerCodeChain ******","level":"info","service":"bot-service","timestamp":"2021-09-22 14:09:05","ms":"+47s"}
{"message":"++++ Bot Name   : MyAccès","level":"debug","service":"bot-service","timestamp":"2021-09-22 14:19:13","ms":"+0ms"}
{"message":"++++ Bot Status : DEV","level":"debug","service":"bot-service","timestamp":"2021-09-22 14:19:13","ms":"+14ms"}
{"message":"++++ Bot Access : ACCESS_TO_ALL","level":"debug","service":"bot-service","timestamp":"2021-09-22 14:19:13","ms":"+6ms"}
{"message":"++++ HOST       : https://e530-154-126-61-242.ngrok.io","level":"debug","service":"bot-service","timestamp":"2021-09-22 14:19:13","ms":"+11ms"}
{"message":"++++ API HOST   : http://localhost:51943","level":"debug","service":"bot-service","timestamp":"2021-09-22 14:19:13","ms":"+14ms"}
{"message":"Http server is listening on 60067","level":"info","service":"bot-service","timestamp":"2021-09-22 14:19:16","ms":"+3s"}
{"message":"Https server is listening on 60066","level":"info","service":"bot-service","timestamp":"2021-09-22 14:19:16","ms":"+3ms"}
{"service":"bot-service","sender":"eAK/TToTHpMSe6BJr/epHA==","text":"cc","level":"info","message":"Input_Message","timestamp":"2021-09-22 14:20:40","ms":"+1m"}
{"service":"bot-service","sender":"eAK/TToTHpMSe6BJr/epHA==","payload":"Activer myacces sur ce canal","level":"info","message":"Input_Payload","timestamp":"2021-09-22 14:20:54","ms":"+14s"}
{"message":"** ForStartAccedeHisAccoutChain","level":"silly","service":"bot-service","timestamp":"2021-09-22 14:20:54","ms":"+87ms"}
{"message":"** InputClientCodeChain","level":"silly","service":"bot-service","timestamp":"2021-09-22 14:20:55","ms":"+1s"}
{"service":"bot-service","sender":"eAK/TToTHpMSe6BJr/epHA==","text":"004000208209","level":"info","message":"Input_Message","timestamp":"2021-09-22 14:21:09","ms":"+13s"}
{"message":"****** HandleResponseCheckCustomerCodeChain ******","level":"info","service":"bot-service","timestamp":"2021-09-22 14:22:00","ms":"+51s"}
{"service":"bot-service","sender":"eAK/TToTHpMSe6BJr/epHA==","payload":"Activer myacces sur ce canal","level":"info","message":"Input_Payload","timestamp":"2021-09-22 14:22:08","ms":"+9s"}
{"message":"** ForStartAccedeHisAccoutChain","level":"silly","service":"bot-service","timestamp":"2021-09-22 14:22:08","ms":"+38ms"}
{"message":"** InputClientCodeChain","level":"silly","service":"bot-service","timestamp":"2021-09-22 14:22:09","ms":"+1s"}
{"service":"bot-service","sender":"eAK/TToTHpMSe6BJr/epHA==","text":"004000208209","level":"info","message":"Input_Message","timestamp":"2021-09-22 14:22:12","ms":"+3s"}
{"service":"bot-service","sender":"eAK/TToTHpMSe6BJr/epHA==","text":"cc","level":"info","message":"Input_Message","timestamp":"2021-09-22 14:24:29","ms":"+2m"}
{"message":"****** HandleResponseCheckCustomerCodeChain ******","level":"info","service":"bot-service","timestamp":"2021-09-22 14:24:33","ms":"+4s"}
{"service":"bot-service","sender":"eAK/TToTHpMSe6BJr/epHA==","payload":"Activer myacces sur ce canal","level":"info","message":"Input_Payload","timestamp":"2021-09-22 14:24:38","ms":"+5s"}
{"message":"** ForStartAccedeHisAccoutChain","level":"silly","service":"bot-service","timestamp":"2021-09-22 14:24:38","ms":"+25ms"}
{"message":"** InputClientCodeChain","level":"silly","service":"bot-service","timestamp":"2021-09-22 14:24:39","ms":"+1s"}
{"service":"bot-service","sender":"eAK/TToTHpMSe6BJr/epHA==","text":"004000208209","level":"info","message":"Input_Message","timestamp":"2021-09-22 14:24:42","ms":"+2s"}
{"message":"****** HandleResponseCheckCustomerCodeChain ******","level":"info","service":"bot-service","timestamp":"2021-09-22 14:25:03","ms":"+22s"}
{"message":"++++ Bot Name   : MyAccès","level":"debug","service":"bot-service","timestamp":"2021-09-22 14:34:41","ms":"+0ms"}
{"message":"++++ Bot Status : DEV","level":"debug","service":"bot-service","timestamp":"2021-09-22 14:34:41","ms":"+41ms"}
{"message":"++++ Bot Access : ACCESS_TO_ALL","level":"debug","service":"bot-service","timestamp":"2021-09-22 14:34:41","ms":"+6ms"}
{"message":"++++ HOST       : https://e530-154-126-61-242.ngrok.io","level":"debug","service":"bot-service","timestamp":"2021-09-22 14:34:41","ms":"+23ms"}
{"message":"++++ API HOST   : http://localhost:51943","level":"debug","service":"bot-service","timestamp":"2021-09-22 14:34:41","ms":"+8ms"}
{"message":"Http server is listening on 60067","level":"info","service":"bot-service","timestamp":"2021-09-22 14:34:43","ms":"+2s"}
{"message":"Https server is listening on 60066","level":"info","service":"bot-service","timestamp":"2021-09-22 14:34:43","ms":"+4ms"}
{"service":"bot-service","sender":"eAK/TToTHpMSe6BJr/epHA==","text":"004000208208","level":"info","message":"Input_Message","timestamp":"2021-09-22 14:35:30","ms":"+47s"}
{"message":"++++ Bot Name   : MyAccès","level":"debug","service":"bot-service","timestamp":"2021-09-22 14:36:32","ms":"+0ms"}
{"message":"++++ Bot Status : DEV","level":"debug","service":"bot-service","timestamp":"2021-09-22 14:36:32","ms":"+37ms"}
{"message":"++++ Bot Access : ACCESS_TO_ALL","level":"debug","service":"bot-service","timestamp":"2021-09-22 14:36:32","ms":"+10ms"}
{"message":"++++ HOST       : https://e530-154-126-61-242.ngrok.io","level":"debug","service":"bot-service","timestamp":"2021-09-22 14:36:32","ms":"+6ms"}
{"message":"++++ API HOST   : http://localhost:51943","level":"debug","service":"bot-service","timestamp":"2021-09-22 14:36:32","ms":"+7ms"}
{"message":"Http server is listening on 60067","level":"info","service":"bot-service","timestamp":"2021-09-22 14:36:35","ms":"+2s"}
{"message":"Https server is listening on 60066","level":"info","service":"bot-service","timestamp":"2021-09-22 14:36:35","ms":"+5ms"}
{"service":"bot-service","sender":"eAK/TToTHpMSe6BJr/epHA==","payload":"Activer myacces sur ce canal","level":"info","message":"Input_Payload","timestamp":"2021-09-22 14:36:43","ms":"+8s"}
{"message":"** ForStartAccedeHisAccoutChain","level":"silly","service":"bot-service","timestamp":"2021-09-22 14:36:43","ms":"+63ms"}
{"message":"** InputClientCodeChain","level":"silly","service":"bot-service","timestamp":"2021-09-22 14:36:44","ms":"+1s"}
{"service":"bot-service","sender":"eAK/TToTHpMSe6BJr/epHA==","text":"004000208208","level":"info","message":"Input_Message","timestamp":"2021-09-22 14:37:05","ms":"+21s"}
{"message":"++++ Bot Name   : MyAccès","level":"debug","service":"bot-service","timestamp":"2021-09-22 14:41:31","ms":"+0ms"}
{"message":"++++ Bot Status : DEV","level":"debug","service":"bot-service","timestamp":"2021-09-22 14:41:31","ms":"+143ms"}
{"message":"++++ Bot Access : ACCESS_TO_ALL","level":"debug","service":"bot-service","timestamp":"2021-09-22 14:41:31","ms":"+64ms"}
{"message":"++++ HOST       : https://e530-154-126-61-242.ngrok.io","level":"debug","service":"bot-service","timestamp":"2021-09-22 14:41:31","ms":"+17ms"}
{"message":"++++ API HOST   : http://localhost:51943","level":"debug","service":"bot-service","timestamp":"2021-09-22 14:41:31","ms":"+7ms"}
{"message":"Http server is listening on 60067","level":"info","service":"bot-service","timestamp":"2021-09-22 14:41:34","ms":"+3s"}
{"message":"Https server is listening on 60066","level":"info","service":"bot-service","timestamp":"2021-09-22 14:41:34","ms":"+20ms"}
{"message":"++++ Bot Name   : MyAccès","level":"debug","service":"bot-service","timestamp":"2021-09-22 14:46:09","ms":"+0ms"}
{"message":"++++ Bot Status : DEV","level":"debug","service":"bot-service","timestamp":"2021-09-22 14:46:09","ms":"+17ms"}
{"message":"++++ Bot Access : ACCESS_TO_ALL","level":"debug","service":"bot-service","timestamp":"2021-09-22 14:46:09","ms":"+3ms"}
{"message":"++++ HOST       : https://e530-154-126-61-242.ngrok.io","level":"debug","service":"bot-service","timestamp":"2021-09-22 14:46:09","ms":"+4ms"}
{"message":"++++ API HOST   : http://localhost:51943","level":"debug","service":"bot-service","timestamp":"2021-09-22 14:46:09","ms":"+4ms"}
{"message":"Http server is listening on 60067","level":"info","service":"bot-service","timestamp":"2021-09-22 14:46:11","ms":"+2s"}
{"message":"Https server is listening on 60066","level":"info","service":"bot-service","timestamp":"2021-09-22 14:46:11","ms":"+3ms"}
{"service":"bot-service","sender":"eAK/TToTHpMSe6BJr/epHA==","text":"004000208208","level":"info","message":"Input_Message","timestamp":"2021-09-22 14:46:34","ms":"+23s"}
{"message":"++++ Bot Name   : MyAccès","level":"debug","service":"bot-service","timestamp":"2021-09-22 14:47:31","ms":"+0ms"}
{"message":"++++ Bot Status : DEV","level":"debug","service":"bot-service","timestamp":"2021-09-22 14:47:31","ms":"+15ms"}
{"message":"++++ Bot Access : ACCESS_TO_ALL","level":"debug","service":"bot-service","timestamp":"2021-09-22 14:47:32","ms":"+3ms"}
{"message":"++++ HOST       : https://e530-154-126-61-242.ngrok.io","level":"debug","service":"bot-service","timestamp":"2021-09-22 14:47:32","ms":"+4ms"}
{"message":"++++ API HOST   : http://localhost:51943","level":"debug","service":"bot-service","timestamp":"2021-09-22 14:47:32","ms":"+3ms"}
{"message":"Http server is listening on 60067","level":"info","service":"bot-service","timestamp":"2021-09-22 14:47:33","ms":"+1s"}
{"message":"Https server is listening on 60066","level":"info","service":"bot-service","timestamp":"2021-09-22 14:47:33","ms":"+3ms"}
{"service":"bot-service","sender":"eAK/TToTHpMSe6BJr/epHA==","payload":"Activer myacces sur ce canal","level":"info","message":"Input_Payload","timestamp":"2021-09-22 14:47:43","ms":"+10s"}
{"message":"** ForStartAccedeHisAccoutChain","level":"silly","service":"bot-service","timestamp":"2021-09-22 14:47:43","ms":"+72ms"}
{"message":"** InputClientCodeChain","level":"silly","service":"bot-service","timestamp":"2021-09-22 14:47:44","ms":"+1s"}
{"service":"bot-service","sender":"eAK/TToTHpMSe6BJr/epHA==","text":"004000208208","level":"info","message":"Input_Message","timestamp":"2021-09-22 14:47:52","ms":"+8s"}
{"message":"++++ Bot Name   : MyAccès","level":"debug","service":"bot-service","timestamp":"2021-09-22 14:50:32","ms":"+0ms"}
{"message":"++++ Bot Status : DEV","level":"debug","service":"bot-service","timestamp":"2021-09-22 14:50:32","ms":"+45ms"}
{"message":"++++ Bot Access : ACCESS_TO_ALL","level":"debug","service":"bot-service","timestamp":"2021-09-22 14:50:32","ms":"+7ms"}
{"message":"++++ HOST       : https://e530-154-126-61-242.ngrok.io","level":"debug","service":"bot-service","timestamp":"2021-09-22 14:50:32","ms":"+16ms"}
{"message":"++++ API HOST   : http://localhost:51943","level":"debug","service":"bot-service","timestamp":"2021-09-22 14:50:32","ms":"+43ms"}
{"message":"Http server is listening on 60067","level":"info","service":"bot-service","timestamp":"2021-09-22 14:50:34","ms":"+2s"}
{"message":"Https server is listening on 60066","level":"info","service":"bot-service","timestamp":"2021-09-22 14:50:34","ms":"+2ms"}
{"service":"bot-service","sender":"eAK/TToTHpMSe6BJr/epHA==","payload":"Activer myacces sur ce canal","level":"info","message":"Input_Payload","timestamp":"2021-09-22 14:50:51","ms":"+17s"}
{"message":"** ForStartAccedeHisAccoutChain","level":"silly","service":"bot-service","timestamp":"2021-09-22 14:50:52","ms":"+50ms"}
{"message":"** InputClientCodeChain","level":"silly","service":"bot-service","timestamp":"2021-09-22 14:50:53","ms":"+1s"}
{"service":"bot-service","sender":"eAK/TToTHpMSe6BJr/epHA==","text":"004000208208","level":"info","message":"Input_Message","timestamp":"2021-09-22 14:50:56","ms":"+4s"}
{"message":"++++ Bot Name   : MyAccès","level":"debug","service":"bot-service","timestamp":"2021-09-22 14:53:20","ms":"+0ms"}
{"message":"++++ Bot Status : DEV","level":"debug","service":"bot-service","timestamp":"2021-09-22 14:53:20","ms":"+46ms"}
{"message":"++++ Bot Access : ACCESS_TO_ALL","level":"debug","service":"bot-service","timestamp":"2021-09-22 14:53:20","ms":"+5ms"}
{"message":"++++ HOST       : https://e530-154-126-61-242.ngrok.io","level":"debug","service":"bot-service","timestamp":"2021-09-22 14:53:20","ms":"+7ms"}
{"message":"++++ API HOST   : http://localhost:51943","level":"debug","service":"bot-service","timestamp":"2021-09-22 14:53:20","ms":"+5ms"}
{"message":"Http server is listening on 60067","level":"info","service":"bot-service","timestamp":"2021-09-22 14:53:21","ms":"+2s"}
{"message":"Https server is listening on 60066","level":"info","service":"bot-service","timestamp":"2021-09-22 14:53:21","ms":"+3ms"}
{"service":"bot-service","sender":"eAK/TToTHpMSe6BJr/epHA==","payload":"Activer myacces sur ce canal","level":"info","message":"Input_Payload","timestamp":"2021-09-22 14:53:25","ms":"+4s"}
{"message":"** ForStartAccedeHisAccoutChain","level":"silly","service":"bot-service","timestamp":"2021-09-22 14:53:26","ms":"+57ms"}
{"message":"** InputClientCodeChain","level":"silly","service":"bot-service","timestamp":"2021-09-22 14:53:27","ms":"+1s"}
{"service":"bot-service","sender":"eAK/TToTHpMSe6BJr/epHA==","text":"004000208208","level":"info","message":"Input_Message","timestamp":"2021-09-22 14:53:30","ms":"+3s"}
{"message":"++++ Bot Name   : MyAccès","level":"debug","service":"bot-service","timestamp":"2021-09-22 14:55:27","ms":"+0ms"}
{"message":"++++ Bot Status : DEV","level":"debug","service":"bot-service","timestamp":"2021-09-22 14:55:27","ms":"+21ms"}
{"message":"++++ Bot Access : ACCESS_TO_ALL","level":"debug","service":"bot-service","timestamp":"2021-09-22 14:55:27","ms":"+4ms"}
{"message":"++++ HOST       : https://e530-154-126-61-242.ngrok.io","level":"debug","service":"bot-service","timestamp":"2021-09-22 14:55:27","ms":"+3ms"}
{"message":"++++ API HOST   : http://localhost:51943","level":"debug","service":"bot-service","timestamp":"2021-09-22 14:55:27","ms":"+3ms"}
{"message":"Http server is listening on 60067","level":"info","service":"bot-service","timestamp":"2021-09-22 14:55:28","ms":"+707ms"}
{"message":"Https server is listening on 60066","level":"info","service":"bot-service","timestamp":"2021-09-22 14:55:28","ms":"+2ms"}
{"service":"bot-service","sender":"eAK/TToTHpMSe6BJr/epHA==","payload":"Activer myacces sur ce canal","level":"info","message":"Input_Payload","timestamp":"2021-09-22 14:55:46","ms":"+17s"}
{"message":"** ForStartAccedeHisAccoutChain","level":"silly","service":"bot-service","timestamp":"2021-09-22 14:55:46","ms":"+59ms"}
{"message":"** InputClientCodeChain","level":"silly","service":"bot-service","timestamp":"2021-09-22 14:55:47","ms":"+1s"}
{"service":"bot-service","sender":"eAK/TToTHpMSe6BJr/epHA==","text":"004000208208","level":"info","message":"Input_Message","timestamp":"2021-09-22 14:55:51","ms":"+4s"}
{"service":"bot-service","sender":"eAK/TToTHpMSe6BJr/epHA==","payload":"Activer myacces sur ce canal","level":"info","message":"Input_Payload","timestamp":"2021-09-22 14:56:01","ms":"+10s"}
{"message":"** ForStartAccedeHisAccoutChain","level":"silly","service":"bot-service","timestamp":"2021-09-22 14:56:01","ms":"+40ms"}
{"message":"** InputClientCodeChain","level":"silly","service":"bot-service","timestamp":"2021-09-22 14:56:02","ms":"+2s"}
{"service":"bot-service","sender":"eAK/TToTHpMSe6BJr/epHA==","text":"004000208209","level":"info","message":"Input_Message","timestamp":"2021-09-22 14:56:06","ms":"+4s"}
{"message":"****** HandleResponseCheckCustomerCodeChain ******","level":"info","service":"bot-service","timestamp":"2021-09-22 14:57:25","ms":"+1m"}
{"service":"bot-service","sender":"eAK/TToTHpMSe6BJr/epHA==","payload":"Activer myacces sur ce canal","level":"info","message":"Input_Payload","timestamp":"2021-09-22 14:59:44","ms":"+2m"}
{"message":"** ForStartAccedeHisAccoutChain","level":"silly","service":"bot-service","timestamp":"2021-09-22 14:59:44","ms":"+44ms"}
{"message":"** InputClientCodeChain","level":"silly","service":"bot-service","timestamp":"2021-09-22 14:59:45","ms":"+1s"}
{"service":"bot-service","sender":"eAK/TToTHpMSe6BJr/epHA==","text":"004000208209","level":"info","message":"Input_Message","timestamp":"2021-09-22 15:00:01","ms":"+16s"}
{"message":"****** HandleResponseCheckCustomerCodeChain ******","level":"info","service":"bot-service","timestamp":"2021-09-22 15:00:09","ms":"+8s"}
{"service":"bot-service","sender":"eAK/TToTHpMSe6BJr/epHA==","payload":"Activer myacces sur ce canal","level":"info","message":"Input_Payload","timestamp":"2021-09-22 15:02:21","ms":"+2m"}
{"message":"** ForStartAccedeHisAccoutChain","level":"silly","service":"bot-service","timestamp":"2021-09-22 15:02:21","ms":"+48ms"}
{"message":"** InputClientCodeChain","level":"silly","service":"bot-service","timestamp":"2021-09-22 15:02:22","ms":"+1s"}
{"service":"bot-service","sender":"eAK/TToTHpMSe6BJr/epHA==","text":"004000208209","level":"info","message":"Input_Message","timestamp":"2021-09-22 15:02:35","ms":"+13s"}
{"message":"****** HandleResponseCheckCustomerCodeChain ******","level":"info","service":"bot-service","timestamp":"2021-09-22 15:02:44","ms":"+8s"}
{"service":"bot-service","sender":"eAK/TToTHpMSe6BJr/epHA==","payload":"Code oublié","level":"info","message":"Input_Payload","timestamp":"2021-09-22 15:10:29","ms":"+8m"}
{"service":"bot-service","sender":"eAK/TToTHpMSe6BJr/epHA==","payload":"Oui, je valide","level":"info","message":"Input_Payload","timestamp":"2021-09-22 15:10:32","ms":"+3s"}
{"service":"bot-service","sender":"eAK/TToTHpMSe6BJr/epHA==","payload":"Activer myacces sur ce canal","level":"info","message":"Input_Payload","timestamp":"2021-09-22 15:11:59","ms":"+1m"}
{"message":"** ForStartAccedeHisAccoutChain","level":"silly","service":"bot-service","timestamp":"2021-09-22 15:11:59","ms":"+31ms"}
{"message":"** InputClientCodeChain","level":"silly","service":"bot-service","timestamp":"2021-09-22 15:12:01","ms":"+1s"}
{"service":"bot-service","sender":"eAK/TToTHpMSe6BJr/epHA==","text":"004000208209","level":"info","message":"Input_Message","timestamp":"2021-09-22 15:12:12","ms":"+11s"}
{"message":"****** HandleResponseCheckCustomerCodeChain ******","level":"info","service":"bot-service","timestamp":"2021-09-22 15:12:13","ms":"+2s"}
{"service":"bot-service","sender":"eAK/TToTHpMSe6BJr/epHA==","payload":"Code oublié","level":"info","message":"Input_Payload","timestamp":"2021-09-22 15:12:17","ms":"+3s"}
{"service":"bot-service","sender":"eAK/TToTHpMSe6BJr/epHA==","payload":"Oui, je valide","level":"info","message":"Input_Payload","timestamp":"2021-09-22 15:12:22","ms":"+6s"}
{"service":"bot-service","sender":"eAK/TToTHpMSe6BJr/epHA==","payload":"Mes comptes","level":"info","message":"Input_Payload","timestamp":"2021-09-22 15:13:18","ms":"+56s"}
{"message":"++++ Bot Name   : MyAccès","level":"debug","service":"bot-service","timestamp":"2021-09-22 15:16:36","ms":"+0ms"}
{"message":"++++ Bot Status : DEV","level":"debug","service":"bot-service","timestamp":"2021-09-22 15:16:36","ms":"+17ms"}
{"message":"++++ Bot Access : ACCESS_TO_ALL","level":"debug","service":"bot-service","timestamp":"2021-09-22 15:16:36","ms":"+3ms"}
{"message":"++++ HOST       : https://e530-154-126-61-242.ngrok.io","level":"debug","service":"bot-service","timestamp":"2021-09-22 15:16:36","ms":"+3ms"}
{"message":"++++ API HOST   : http://localhost:51943","level":"debug","service":"bot-service","timestamp":"2021-09-22 15:16:36","ms":"+2ms"}
{"message":"Http server is listening on 60067","level":"info","service":"bot-service","timestamp":"2021-09-22 15:16:37","ms":"+1s"}
{"message":"Https server is listening on 60066","level":"info","service":"bot-service","timestamp":"2021-09-22 15:16:37","ms":"+3ms"}
{"service":"bot-service","sender":"eAK/TToTHpMSe6BJr/epHA==","payload":"Code oublié","level":"info","message":"Input_Payload","timestamp":"2021-09-22 15:16:41","ms":"+4s"}
{"service":"bot-service","sender":"eAK/TToTHpMSe6BJr/epHA==","payload":"Oui, je valide","level":"info","message":"Input_Payload","timestamp":"2021-09-22 15:27:25","ms":"+11m"}
{"service":"bot-service","sender":"eAK/TToTHpMSe6BJr/epHA==","text":"cc","level":"info","message":"Input_Message","timestamp":"2021-09-22 15:29:55","ms":"+3m"}
{"message":"++++ Bot Name   : MyAccès","level":"debug","service":"bot-service","timestamp":"2021-09-22 15:41:02","ms":"+0ms"}
{"message":"++++ Bot Status : DEV","level":"debug","service":"bot-service","timestamp":"2021-09-22 15:41:02","ms":"+44ms"}
{"message":"++++ Bot Access : ACCESS_TO_ALL","level":"debug","service":"bot-service","timestamp":"2021-09-22 15:41:02","ms":"+8ms"}
{"message":"++++ HOST       : https://e530-154-126-61-242.ngrok.io","level":"debug","service":"bot-service","timestamp":"2021-09-22 15:41:02","ms":"+7ms"}
{"message":"++++ API HOST   : http://localhost:51943","level":"debug","service":"bot-service","timestamp":"2021-09-22 15:41:02","ms":"+8ms"}
{"message":"Http server is listening on 60067","level":"info","service":"bot-service","timestamp":"2021-09-22 15:41:04","ms":"+2s"}
{"message":"Https server is listening on 60066","level":"info","service":"bot-service","timestamp":"2021-09-22 15:41:04","ms":"+3ms"}
{"service":"bot-service","sender":"eAK/TToTHpMSe6BJr/epHA==","payload":"Code oublié","level":"info","message":"Input_Payload","timestamp":"2021-09-22 15:41:25","ms":"+22s"}
{"service":"bot-service","sender":"eAK/TToTHpMSe6BJr/epHA==","payload":"Oui, je valide","level":"info","message":"Input_Payload","timestamp":"2021-09-22 15:48:14","ms":"+7m"}
{"message":"++++ Bot Name   : MyAccès","level":"debug","service":"bot-service","timestamp":"2021-09-22 16:27:01","ms":"+0ms"}
{"message":"++++ Bot Status : DEV","level":"debug","service":"bot-service","timestamp":"2021-09-22 16:27:01","ms":"+102ms"}
{"message":"++++ Bot Access : ACCESS_TO_ALL","level":"debug","service":"bot-service","timestamp":"2021-09-22 16:27:02","ms":"+26ms"}
{"message":"++++ HOST       : https://e530-154-126-61-242.ngrok.io","level":"debug","service":"bot-service","timestamp":"2021-09-22 16:27:02","ms":"+17ms"}
{"message":"++++ API HOST   : http://localhost:51943","level":"debug","service":"bot-service","timestamp":"2021-09-22 16:27:02","ms":"+437ms"}
{"message":"Http server is listening on 60067","level":"info","service":"bot-service","timestamp":"2021-09-22 16:27:04","ms":"+2s"}
{"message":"Https server is listening on 60066","level":"info","service":"bot-service","timestamp":"2021-09-22 16:27:04","ms":"+7ms"}
{"service":"bot-service","sender":"eAK/TToTHpMSe6BJr/epHA==","text":"Mot de passe oublié","level":"info","message":"Input_Message","timestamp":"2021-09-22 16:28:01","ms":"+56s"}
{"service":"bot-service","sender":"eAK/TToTHpMSe6BJr/epHA==","payload":"Code oublié","level":"info","message":"Input_Payload","timestamp":"2021-09-22 16:28:16","ms":"+15s"}
{"service":"bot-service","sender":"eAK/TToTHpMSe6BJr/epHA==","payload":"Oui, je valide","level":"info","message":"Input_Payload","timestamp":"2021-09-22 16:28:23","ms":"+7s"}
{"message":"++++ Bot Name   : MyAccès","level":"debug","service":"bot-service","timestamp":"2021-09-22 16:42:50","ms":"+0ms"}
{"message":"++++ Bot Status : DEV","level":"debug","service":"bot-service","timestamp":"2021-09-22 16:42:50","ms":"+50ms"}
{"message":"++++ Bot Access : ACCESS_TO_ALL","level":"debug","service":"bot-service","timestamp":"2021-09-22 16:42:50","ms":"+7ms"}
{"message":"++++ HOST       : https://e530-154-126-61-242.ngrok.io","level":"debug","service":"bot-service","timestamp":"2021-09-22 16:42:50","ms":"+6ms"}
{"message":"++++ API HOST   : http://localhost:51943","level":"debug","service":"bot-service","timestamp":"2021-09-22 16:42:50","ms":"+7ms"}
{"message":"Http server is listening on 60067","level":"info","service":"bot-service","timestamp":"2021-09-22 16:42:52","ms":"+2s"}
{"message":"Https server is listening on 60066","level":"info","service":"bot-service","timestamp":"2021-09-22 16:42:52","ms":"+3ms"}
{"service":"bot-service","sender":"eAK/TToTHpMSe6BJr/epHA==","payload":"Code oublié","level":"info","message":"Input_Payload","timestamp":"2021-09-22 16:42:58","ms":"+5s"}
{"service":"bot-service","sender":"eAK/TToTHpMSe6BJr/epHA==","payload":"Oui, je valide","level":"info","message":"Input_Payload","timestamp":"2021-09-22 16:43:04","ms":"+6s"}
{"message":"++++ Bot Name   : MyAccès","level":"debug","service":"bot-service","timestamp":"2021-09-22 16:44:34","ms":"+0ms"}
{"message":"++++ Bot Status : DEV","level":"debug","service":"bot-service","timestamp":"2021-09-22 16:44:34","ms":"+42ms"}
{"message":"++++ Bot Access : ACCESS_TO_ALL","level":"debug","service":"bot-service","timestamp":"2021-09-22 16:44:34","ms":"+6ms"}
{"message":"++++ HOST       : https://e530-154-126-61-242.ngrok.io","level":"debug","service":"bot-service","timestamp":"2021-09-22 16:44:34","ms":"+6ms"}
{"message":"++++ API HOST   : http://localhost:51943","level":"debug","service":"bot-service","timestamp":"2021-09-22 16:44:34","ms":"+8ms"}
{"message":"Http server is listening on 60067","level":"info","service":"bot-service","timestamp":"2021-09-22 16:44:36","ms":"+2s"}
{"message":"Https server is listening on 60066","level":"info","service":"bot-service","timestamp":"2021-09-22 16:44:36","ms":"+3ms"}
{"service":"bot-service","sender":"eAK/TToTHpMSe6BJr/epHA==","payload":"Code oublié","level":"info","message":"Input_Payload","timestamp":"2021-09-22 16:44:36","ms":"+175ms"}
{"service":"bot-service","sender":"eAK/TToTHpMSe6BJr/epHA==","payload":"Oui, je valide","level":"info","message":"Input_Payload","timestamp":"2021-09-22 16:44:40","ms":"+4s"}
{"message":"++++ Bot Name   : MyAccès","level":"debug","service":"bot-service","timestamp":"2021-09-22 16:49:42","ms":"+0ms"}
{"message":"++++ Bot Status : DEV","level":"debug","service":"bot-service","timestamp":"2021-09-22 16:49:43","ms":"+538ms"}
{"message":"++++ Bot Access : ACCESS_TO_ALL","level":"debug","service":"bot-service","timestamp":"2021-09-22 16:49:43","ms":"+6ms"}
{"message":"++++ HOST       : https://e530-154-126-61-242.ngrok.io","level":"debug","service":"bot-service","timestamp":"2021-09-22 16:49:43","ms":"+4ms"}
{"message":"++++ API HOST   : http://localhost:51943","level":"debug","service":"bot-service","timestamp":"2021-09-22 16:49:43","ms":"+2ms"}
{"message":"Http server is listening on 60067","level":"info","service":"bot-service","timestamp":"2021-09-22 16:49:44","ms":"+790ms"}
{"message":"Https server is listening on 60066","level":"info","service":"bot-service","timestamp":"2021-09-22 16:49:44","ms":"+1ms"}
{"service":"bot-service","sender":"eAK/TToTHpMSe6BJr/epHA==","payload":"Code oublié","level":"info","message":"Input_Payload","timestamp":"2021-09-22 16:50:02","ms":"+18s"}
{"service":"bot-service","sender":"eAK/TToTHpMSe6BJr/epHA==","payload":"Oui, je valide","level":"info","message":"Input_Payload","timestamp":"2021-09-22 16:50:09","ms":"+8s"}
{"message":"++++ Bot Name   : MyAccès","level":"debug","service":"bot-service","timestamp":"2021-09-22 16:52:02","ms":"+0ms"}
{"message":"++++ Bot Status : DEV","level":"debug","service":"bot-service","timestamp":"2021-09-22 16:52:02","ms":"+52ms"}
{"message":"++++ Bot Access : ACCESS_TO_ALL","level":"debug","service":"bot-service","timestamp":"2021-09-22 16:52:02","ms":"+4ms"}
{"message":"++++ HOST       : https://e530-154-126-61-242.ngrok.io","level":"debug","service":"bot-service","timestamp":"2021-09-22 16:52:02","ms":"+7ms"}
{"message":"++++ API HOST   : http://localhost:51943","level":"debug","service":"bot-service","timestamp":"2021-09-22 16:52:02","ms":"+9ms"}
{"message":"Http server is listening on 60067","level":"info","service":"bot-service","timestamp":"2021-09-22 16:52:04","ms":"+2s"}
{"message":"Https server is listening on 60066","level":"info","service":"bot-service","timestamp":"2021-09-22 16:52:04","ms":"+3ms"}
{"service":"bot-service","sender":"eAK/TToTHpMSe6BJr/epHA==","payload":"Code oublié","level":"info","message":"Input_Payload","timestamp":"2021-09-22 16:52:07","ms":"+3s"}
{"service":"bot-service","sender":"eAK/TToTHpMSe6BJr/epHA==","payload":"Oui, je valide","level":"info","message":"Input_Payload","timestamp":"2021-09-22 16:52:13","ms":"+6s"}
{"message":"++++ Bot Name   : MyAccès","level":"debug","service":"bot-service","timestamp":"2021-09-22 17:02:01","ms":"+0ms"}
{"message":"++++ Bot Status : DEV","level":"debug","service":"bot-service","timestamp":"2021-09-22 17:02:01","ms":"+112ms"}
{"message":"++++ Bot Access : ACCESS_TO_ALL","level":"debug","service":"bot-service","timestamp":"2021-09-22 17:02:01","ms":"+11ms"}
{"message":"++++ HOST       : https://e530-154-126-61-242.ngrok.io","level":"debug","service":"bot-service","timestamp":"2021-09-22 17:02:01","ms":"+2ms"}
{"message":"++++ API HOST   : http://localhost:51943","level":"debug","service":"bot-service","timestamp":"2021-09-22 17:02:01","ms":"+2ms"}
{"message":"Http server is listening on 60067","level":"info","service":"bot-service","timestamp":"2021-09-22 17:02:03","ms":"+1s"}
{"message":"Https server is listening on 60066","level":"info","service":"bot-service","timestamp":"2021-09-22 17:02:03","ms":"+3ms"}
{"service":"bot-service","sender":"eAK/TToTHpMSe6BJr/epHA==","payload":"Code oublié","level":"info","message":"Input_Payload","timestamp":"2021-09-22 17:02:12","ms":"+10s"}
{"service":"bot-service","sender":"eAK/TToTHpMSe6BJr/epHA==","payload":"Oui, je valide","level":"info","message":"Input_Payload","timestamp":"2021-09-22 17:02:20","ms":"+8s"}
{"service":"bot-service","sender":"eAK/TToTHpMSe6BJr/epHA==","text":"cc","level":"info","message":"Input_Message","timestamp":"2021-09-22 17:02:54","ms":"+34s"}
{"service":"bot-service","sender":"eAK/TToTHpMSe6BJr/epHA==","payload":"Activer myacces sur ce canal","level":"info","message":"Input_Payload","timestamp":"2021-09-22 17:03:05","ms":"+11s"}
{"message":"** ForStartAccedeHisAccoutChain","level":"silly","service":"bot-service","timestamp":"2021-09-22 17:03:05","ms":"+62ms"}
{"message":"** InputClientCodeChain","level":"silly","service":"bot-service","timestamp":"2021-09-22 17:03:07","ms":"+1s"}
{"service":"bot-service","sender":"eAK/TToTHpMSe6BJr/epHA==","text":"004000208209","level":"info","message":"Input_Message","timestamp":"2021-09-22 17:03:23","ms":"+16s"}
{"message":"++++ Bot Name   : MyAccès","level":"debug","service":"bot-service","timestamp":"2021-09-22 17:13:04","ms":"+0ms"}
{"message":"++++ Bot Status : DEV","level":"debug","service":"bot-service","timestamp":"2021-09-22 17:13:05","ms":"+57ms"}
{"message":"++++ Bot Access : ACCESS_TO_ALL","level":"debug","service":"bot-service","timestamp":"2021-09-22 17:13:05","ms":"+58ms"}
{"message":"++++ HOST       : https://e530-154-126-61-242.ngrok.io","level":"debug","service":"bot-service","timestamp":"2021-09-22 17:13:05","ms":"+29ms"}
{"message":"++++ API HOST   : http://localhost:51943","level":"debug","service":"bot-service","timestamp":"2021-09-22 17:13:05","ms":"+15ms"}
{"message":"Http server is listening on 60067","level":"info","service":"bot-service","timestamp":"2021-09-22 17:13:06","ms":"+1s"}
{"message":"Https server is listening on 60066","level":"info","service":"bot-service","timestamp":"2021-09-22 17:13:06","ms":"+7ms"}
{"service":"bot-service","sender":"eAK/TToTHpMSe6BJr/epHA==","payload":"Activer myacces sur ce canal","level":"info","message":"Input_Payload","timestamp":"2021-09-22 17:13:32","ms":"+25s"}
{"message":"** ForStartAccedeHisAccoutChain","level":"silly","service":"bot-service","timestamp":"2021-09-22 17:13:32","ms":"+54ms"}
{"message":"** InputClientCodeChain","level":"silly","service":"bot-service","timestamp":"2021-09-22 17:13:33","ms":"+1s"}
{"service":"bot-service","sender":"eAK/TToTHpMSe6BJr/epHA==","text":"004000208209","level":"info","message":"Input_Message","timestamp":"2021-09-22 17:13:43","ms":"+10s"}
{"service":"bot-service","sender":"3598183203594950","text":"cc","level":"info","message":"Input_Message","timestamp":"2021-09-22 17:16:34","ms":"+3m"}
{"service":"bot-service","sender":"3598183203594950","payload":"Activer myacces sur ce canal","level":"info","message":"Input_Payload","timestamp":"2021-09-22 17:16:43","ms":"+9s"}
{"message":"** ForStartAccedeHisAccoutChain","level":"silly","service":"bot-service","timestamp":"2021-09-22 17:16:46","ms":"+4s"}
{"message":"** InputClientCodeChain","level":"silly","service":"bot-service","timestamp":"2021-09-22 17:16:48","ms":"+2s"}
{"service":"bot-service","sender":"3598183203594950","text":"004000208209","level":"info","message":"Input_Message","timestamp":"2021-09-22 17:17:00","ms":"+12s"}
{"service":"bot-service","sender":"3598183203594950","text":"cc","level":"info","message":"Input_Message","timestamp":"2021-09-22 17:18:38","ms":"+2m"}
{"service":"bot-service","sender":"3598183203594950","payload":"Activer myacces sur ce canal","level":"info","message":"Input_Payload","timestamp":"2021-09-22 17:18:59","ms":"+21s"}
{"message":"** ForStartAccedeHisAccoutChain","level":"silly","service":"bot-service","timestamp":"2021-09-22 17:19:03","ms":"+4s"}
{"message":"** InputClientCodeChain","level":"silly","service":"bot-service","timestamp":"2021-09-22 17:19:04","ms":"+948ms"}
{"service":"bot-service","sender":"3598183203594950","text":"004000208208","level":"info","message":"Input_Message","timestamp":"2021-09-22 17:19:08","ms":"+4s"}
{"service":"bot-service","sender":"3598183203594950","payload":"Activer myacces sur ce canal","level":"info","message":"Input_Payload","timestamp":"2021-09-22 17:19:25","ms":"+17s"}
{"message":"** ForStartAccedeHisAccoutChain","level":"silly","service":"bot-service","timestamp":"2021-09-22 17:19:28","ms":"+3s"}
{"message":"** InputClientCodeChain","level":"silly","service":"bot-service","timestamp":"2021-09-22 17:19:30","ms":"+2s"}
{"service":"bot-service","sender":"3598183203594950","text":"028000006867","level":"info","message":"Input_Message","timestamp":"2021-09-22 17:20:23","ms":"+54s"}
{"service":"bot-service","sender":"3598183203594950","payload":"Activer myacces sur ce canal","level":"info","message":"Input_Payload","timestamp":"2021-09-22 17:21:02","ms":"+39s"}
{"message":"** ForStartAccedeHisAccoutChain","level":"silly","service":"bot-service","timestamp":"2021-09-22 17:21:05","ms":"+3s"}
{"service":"bot-service","sender":"3598183203594950","text":"028000006867","level":"info","message":"Input_Message","timestamp":"2021-09-22 17:21:06","ms":"+939ms"}
{"message":"** InputClientCodeChain","level":"silly","service":"bot-service","timestamp":"2021-09-22 17:21:07","ms":"+643ms"}
{"message":"** ForStartAccedeHisAccoutChain","level":"silly","service":"bot-service","timestamp":"2021-09-22 17:21:10","ms":"+3s"}
{"message":"** InputClientCodeChain","level":"silly","service":"bot-service","timestamp":"2021-09-22 17:21:11","ms":"+2s"}
{"service":"bot-service","sender":"3598183203594950","text":"004000208209","level":"info","message":"Input_Message","timestamp":"2021-09-22 17:21:26","ms":"+15s"}
