{"message":"++++ Bot Name   : MyAccès","level":"debug","service":"bot-service","timestamp":"2021-09-24 09:24:12","ms":"+0ms"}
{"message":"++++ Bot Status : DEV","level":"debug","service":"bot-service","timestamp":"2021-09-24 09:24:12","ms":"+31ms"}
{"message":"++++ Bot Access : ACCESS_TO_ALL","level":"debug","service":"bot-service","timestamp":"2021-09-24 09:24:12","ms":"+2ms"}
{"message":"++++ HOST       : https://09a3-154-126-61-242.ngrok.io","level":"debug","service":"bot-service","timestamp":"2021-09-24 09:24:12","ms":"+2ms"}
{"message":"++++ API HOST   : http://localhost:51943","level":"debug","service":"bot-service","timestamp":"2021-09-24 09:24:12","ms":"+1ms"}
{"message":"Http server is listening on 60067","level":"info","service":"bot-service","timestamp":"2021-09-24 09:24:16","ms":"+4s"}
{"message":"Https server is listening on 60066","level":"info","service":"bot-service","timestamp":"2021-09-24 09:24:16","ms":"+2ms"}
{"message":"++++ Bot Name   : MyAccès","level":"debug","service":"bot-service","timestamp":"2021-09-24 10:07:40","ms":"+0ms"}
{"message":"++++ Bot Status : DEV","level":"debug","service":"bot-service","timestamp":"2021-09-24 10:07:41","ms":"+866ms"}
{"message":"++++ Bot Access : ACCESS_TO_ALL","level":"debug","service":"bot-service","timestamp":"2021-09-24 10:07:41","ms":"+5ms"}
{"message":"++++ HOST       : https://09a3-154-126-61-242.ngrok.io","level":"debug","service":"bot-service","timestamp":"2021-09-24 10:07:41","ms":"+6ms"}
{"message":"++++ API HOST   : http://localhost:51943","level":"debug","service":"bot-service","timestamp":"2021-09-24 10:07:41","ms":"+4ms"}
{"message":"Http server is listening on 60067","level":"info","service":"bot-service","timestamp":"2021-09-24 10:07:42","ms":"+1s"}
{"message":"Https server is listening on 60066","level":"info","service":"bot-service","timestamp":"2021-09-24 10:07:42","ms":"+1ms"}
{"service":"bot-service","sender":"eAK/TToTHpMSe6BJr/epHA==","text":"cc","level":"info","message":"Input_Message","timestamp":"2021-09-24 10:08:03","ms":"+21s"}
{"message":"++++ Bot Name   : MyAccès","level":"debug","service":"bot-service","timestamp":"2021-09-24 10:17:42","ms":"+0ms"}
{"message":"++++ Bot Status : DEV","level":"debug","service":"bot-service","timestamp":"2021-09-24 10:17:42","ms":"+32ms"}
{"message":"++++ Bot Access : ACCESS_TO_ALL","level":"debug","service":"bot-service","timestamp":"2021-09-24 10:17:42","ms":"+17ms"}
{"message":"++++ HOST       : https://09a3-154-126-61-242.ngrok.io","level":"debug","service":"bot-service","timestamp":"2021-09-24 10:17:42","ms":"+22ms"}
{"message":"++++ API HOST   : http://localhost:51943","level":"debug","service":"bot-service","timestamp":"2021-09-24 10:17:42","ms":"+13ms"}
{"message":"Http server is listening on 60067","level":"info","service":"bot-service","timestamp":"2021-09-24 10:17:45","ms":"+3s"}
{"message":"Https server is listening on 60066","level":"info","service":"bot-service","timestamp":"2021-09-24 10:17:45","ms":"+7ms"}
{"service":"bot-service","sender":"eAK/TToTHpMSe6BJr/epHA==","text":"cc","level":"info","message":"Input_Message","timestamp":"2021-09-24 10:17:50","ms":"+4s"}
{"service":"bot-service","sender":"eAK/TToTHpMSe6BJr/epHA==","payload":"Pas encore en compte","level":"info","message":"Input_Payload","timestamp":"2021-09-24 10:18:17","ms":"+27s"}
{"service":"bot-service","sender":"eAK/TToTHpMSe6BJr/epHA==","payload":"Créer votre compte","level":"info","message":"Input_Payload","timestamp":"2021-09-24 10:18:26","ms":"+10s"}
{"service":"bot-service","sender":"eAK/TToTHpMSe6BJr/epHA==","imageUrl":"https://dl-media.viber.com/4/media/2/short/any/sig/image/0x0/55ac/2374ff5ea0d709914358090d8c1afa1485f310bbc6ec9a3052958000c8b455ac.jpg?Expires=1632471543&Signature=vrUctIuSqiZZtTDzYhv5IshPaVwWy1P~Vrgy1UacvfRwR7Hc80CsFrx5qC7uMmyL2WFhQ7NY0G3PJnmHis0kBU8bcv~0etQqTbHcfLVphzOGF4cdt580O70MtbBpS48pzDyXgheDJ6JY8V5P8V1qAWewQtnCNohI987KNUVyZ2bAWYxX7LmsZJigz2GygNgwpI3NMCRMBemq~Fd-IatLXtYYGMHEOBuGn7ueAF01YKGDvHgivJyMhRZFgJ3NSdcX4pJEKZlza4nx3HeKOk-qEJ9Sf01Ow-iOnKWDS5xQ8~1bEo5aouqiLzQJWJruUiZAH3Vh3y96ySqI7xTEPj34Lw__&Key-Pair-Id=APKAJ62UNSBCMEIPV4HA","level":"info","message":"Input_Image_Url","timestamp":"2021-09-24 10:19:03","ms":"+36s"}
{"service":"bot-service","sender":"eAK/TToTHpMSe6BJr/epHA==","imageUrl":"https://dl-media.viber.com/4/media/2/short/any/sig/image/0x0/64ff/55ca910f7bb3c14966d075012815b60a4c04c0cc5c6e797abadc9798f4ab64ff.jpg?Expires=1632471557&Signature=Oi5LWyaEoSeM0S3nSqRQRgJ0t3Aop1V1BqLWePDLe8uiB3Z4HHrhgoksPiDq~4B-0tv4oE8ZrgYkN82zs6wA~2izU~9HJnI8Ucy8dGMo-H5pOjIUeaYlGytWyiQncJo0d67jEK6daX3X1VaATT98FA6BDfdw-HtNNeWmvUDYxiFdUMZ2e0771w~0XPwvOnJ0HMSjvl19mCEYQSDub7GnmBfxjgEJEvfraS-AvbspzbQY9~DofnsbeBc30B~Kif77kfIyvSlU9YHebqKT10Xr8Axvy5FCrJcEXROHACkkMgVqkezvuE-0uj2M6znRH9~uuuAzbNKN0jtAckkEBB9n0A__&Key-Pair-Id=APKAJ62UNSBCMEIPV4HA","level":"info","message":"Input_Image_Url","timestamp":"2021-09-24 10:19:18","ms":"+15s"}
{"service":"bot-service","sender":"eAK/TToTHpMSe6BJr/epHA==","imageUrl":"https://dl-media.viber.com/4/media/2/short/any/sig/image/0x0/3c69/2364aa3b82dc46ba448416eb557817974f54aef11b710e423b7677792d3a3c69.jpg?Expires=1632471571&Signature=kGG2xmQPzreIKK8wouAowul-DP5AGBbW~0CupvJzNKcWTt1NLj6iSenoLSBUK~rHOwI04XfkPTI5aYZlNi8DV53B6uwxxSA3IO-v7F6M-0blXfHf5T9b1qYfDTimxdpyc-ueOEZskLMjQhc2IdhruIMK0oz7eT8VgGkv7b8~0HoSSSUtVRk-eMGia9szA56nLPKtmbe-tIic1QFnWnccg0YSc78HFGAjVwunPjZ~jR3VskKY7gZ5LmvbQDSVyfDwNgsp3WVkRVuK0Z712mqj-~VC-1N7CfUJVT9OAPVatlYmQZkEOQT~SOYm0XMz6-cLTVB3S23zkLDU~dxMgKAcQA__&Key-Pair-Id=APKAJ62UNSBCMEIPV4HA","level":"info","message":"Input_Image_Url","timestamp":"2021-09-24 10:19:32","ms":"+14s"}
{"service":"bot-service","sender":"eAK/TToTHpMSe6BJr/epHA==","text":"Célibataire","level":"info","message":"Input_Message","timestamp":"2021-09-24 10:20:18","ms":"+46s"}
{"service":"bot-service","sender":"eAK/TToTHpMSe6BJr/epHA==","text":"LOT E BLABLABLA","level":"info","message":"Input_Message","timestamp":"2021-09-24 10:20:33","ms":"+15s"}
{"service":"bot-service","sender":"eAK/TToTHpMSe6BJr/epHA==","text":"Antananarivo","level":"info","message":"Input_Message","timestamp":"2021-09-24 10:20:39","ms":"+6s"}
{"service":"bot-service","sender":"eAK/TToTHpMSe6BJr/epHA==","text":"0347941481","level":"info","message":"Input_Message","timestamp":"2021-09-24 10:21:12","ms":"+33s"}
{"service":"bot-service","sender":"eAK/TToTHpMSe6BJr/epHA==","text":"Développeur","level":"info","message":"Input_Message","timestamp":"2021-09-24 10:21:23","ms":"+11s"}
{"service":"bot-service","sender":"eAK/TToTHpMSe6BJr/epHA==","payload":"ACCEPTER","level":"info","message":"Input_Payload","timestamp":"2021-09-24 10:21:27","ms":"+4s"}
{"service":"bot-service","level":"error","message":"ExecuteNextProcess Cannot read property 'name' of undefined","stack":"TypeError: Cannot read property 'name' of undefined\n    at SetPseudoChain.<anonymous> (D:\\PROJECTS\\MYACCESS\\New folder\\MyAcces.Viber\\MyAcces.bot\\dist\\process-chains\\api-messenger-platform\\set-pseudo-name.chain.js:11:43)\n    at ViberContext.getInfosClient (D:\\PROJECTS\\MYACCESS\\New folder\\MyAcces.Viber\\MyAcces.bot\\dist\\social-medias\\viber\\viber-context.js:276:9)\n    at SetPseudoChain.executeProcess (D:\\PROJECTS\\MYACCESS\\New folder\\MyAcces.Viber\\MyAcces.bot\\dist\\process-chains\\api-messenger-platform\\set-pseudo-name.chain.js:10:33)\n    at BuildOnlineRegistrationFormChain.executeNextProcess (D:\\PROJECTS\\MYACCESS\\New folder\\MyAcces.Viber\\MyAcces.bot\\dist\\interfaces\\chain.interface.js:23:41)\n    at BuildOnlineRegistrationFormChain.executeProcess (D:\\PROJECTS\\MYACCESS\\New folder\\MyAcces.Viber\\MyAcces.bot\\dist\\process-chains\\online-subscription\\form\\build-online-registration-form.chain.js:29:14)\n    at ValidateSecondPinChain.executeNextProcess (D:\\PROJECTS\\MYACCESS\\New folder\\MyAcces.Viber\\MyAcces.bot\\dist\\interfaces\\chain.interface.js:23:41)\n    at ValidateSecondPinChain.executeProcess (D:\\PROJECTS\\MYACCESS\\New folder\\MyAcces.Viber\\MyAcces.bot\\dist\\process-chains\\online-subscription\\second-pin\\validate-second-pin-online-subscription.chain.js:30:26)\n    at PinViberController.<anonymous> (D:\\PROJECTS\\MYACCESS\\New folder\\MyAcces.Viber\\MyAcces.bot\\dist\\controllers\\pin.controller-viber.js:101:23)\n    at Generator.next (<anonymous>)\n    at fulfilled (D:\\PROJECTS\\MYACCESS\\New folder\\MyAcces.Viber\\MyAcces.bot\\dist\\controllers\\pin.controller-viber.js:5:58)","timestamp":"2021-09-24 10:21:59","ms":"+32s"}
{"message":"++++ Bot Name   : MyAccès","level":"debug","service":"bot-service","timestamp":"2021-09-24 10:48:47","ms":"+0ms"}
{"message":"++++ Bot Status : DEV","level":"debug","service":"bot-service","timestamp":"2021-09-24 10:48:47","ms":"+172ms"}
{"message":"++++ Bot Access : ACCESS_TO_ALL","level":"debug","service":"bot-service","timestamp":"2021-09-24 10:48:47","ms":"+33ms"}
{"message":"++++ HOST       : https://09a3-154-126-61-242.ngrok.io","level":"debug","service":"bot-service","timestamp":"2021-09-24 10:48:47","ms":"+22ms"}
{"message":"++++ API HOST   : http://localhost:51943","level":"debug","service":"bot-service","timestamp":"2021-09-24 10:48:47","ms":"+19ms"}
{"message":"Http server is listening on 60067","level":"info","service":"bot-service","timestamp":"2021-09-24 10:48:50","ms":"+3s"}
{"message":"Https server is listening on 60066","level":"info","service":"bot-service","timestamp":"2021-09-24 10:48:50","ms":"+1ms"}
{"service":"bot-service","sender":"eAK/TToTHpMSe6BJr/epHA==","text":"cc","level":"info","message":"Input_Message","timestamp":"2021-09-24 10:53:01","ms":"+4m"}
{"service":"bot-service","sender":"eAK/TToTHpMSe6BJr/epHA==","payload":"Pas encore en compte","level":"info","message":"Input_Payload","timestamp":"2021-09-24 10:53:06","ms":"+5s"}
{"service":"bot-service","sender":"eAK/TToTHpMSe6BJr/epHA==","payload":"Créer votre compte","level":"info","message":"Input_Payload","timestamp":"2021-09-24 10:53:09","ms":"+4s"}
{"service":"bot-service","sender":"eAK/TToTHpMSe6BJr/epHA==","imageUrl":"https://dl-media.viber.com/10/media/2/short/any/sig/image/0x0/038b/18ab775e1af99f54374af080c463ffe356a8334aa9ce080943800124d29b038b.jpg?Expires=1632473606&Signature=ut5KTv3pvz5P3DkDHhpmw2HLINsWx3z99CzmjY7yI7S8mJwU936NsEOhq0JnUa37ITlhThQFszizj8QwH2kRuMtmazoBeXD~EXsrzDxoZvuXsMTrO5mEKglH9vXoYraahhKgsslsqX9NEX4Rv7XJ9RzgU8R1rKP~dfxVaTn~G9qSKHLjbk-kkdn~3HeLxquP0YWhyzerHaoBxY9g8P8oOzwF4PDrK6yFs7cY8V9Z1gME7IJWjX-Bc~WGEPHoNFS4bNy4buZ~4uRi9UuBiT70wK2az-aVH9wtBHORBlf-fHgdt~HGSnYoGotoVI0hFe744CPkoAux~mfGRx9aU4S0UA__&Key-Pair-Id=APKAJ62UNSBCMEIPV4HA","level":"info","message":"Input_Image_Url","timestamp":"2021-09-24 10:53:26","ms":"+17s"}
{"service":"bot-service","sender":"eAK/TToTHpMSe6BJr/epHA==","imageUrl":"https://dl-media.viber.com/10/media/2/short/any/sig/image/0x0/59c5/bd5b29952771de93d5cb6907281574f0b8fabbec8097c04ad0bfaf0df40e59c5.jpg?Expires=1632473615&Signature=xvwbuZHj1rhGWlbS-AES9O9FxKS3g7SqqJhBy9OrPaCBGcB0WxdNCrNa8FL2IUvbqR4LKAJ0t3J1MogSgKDf75qTxYCj~wRPWUcKnQoOlxjCoEE7KMvkP75W1PVFcY6D3qkOqjO1Z7cKqoQIqMDN4MXAyfDpBcKSKb7gRvMAwp4RO1aPZngJhIcqX3DBGkZ8Yxz4yaMwB6b12ZneNwIkocWn8RsgVcF-qkF1q3nCZe0456gFtNrIPayMCUO7sVf4BkrUTkggzQ2dT4rMZAd2ihwK3Se0AYgQx8JSHyauLPBA2mcYriRid~8zCXNPmI53RzVaXEkFOKQhqvT5T0TjXA__&Key-Pair-Id=APKAJ62UNSBCMEIPV4HA","level":"info","message":"Input_Image_Url","timestamp":"2021-09-24 10:53:37","ms":"+10s"}
{"service":"bot-service","sender":"eAK/TToTHpMSe6BJr/epHA==","imageUrl":"https://dl-media.viber.com/10/media/2/short/any/sig/image/0x0/b11b/27dc135520b3f2404a3426cdbde1dc7737ed7088ffa70ca1d84999c78087b11b.jpg?Expires=1632473625&Signature=t8HMIRBl-gezj2EIPiPEjzy1e7WAnxPHgVR5ww3IqD9K85wZCaFtIED1znSQkjM0llHlshhtn7OLpKyTeHdj2pFLR~dO8zRZF006Y10~lcrmsGS0xWi6rowzxtmKQEpq5N7xjjnFy2IzYZsA0u5ezfCLcUazECBRoVMgIXY8m0wGOBxFeXcfCxsGSLkIwg6XmWcfFCmhvHoXebQY-~EZdrewAgtxk~9idVqDxtGRWVOh6k5h5nrzVCr52vZM53hIs1DtKJoKPkEKbRyCSTSnswk2YZdHz-~WWTQ6Ap0qXwa9k~86yNGqyOKWFvTlTORpAZCpnmcF3b0IXUMeiCSUEg__&Key-Pair-Id=APKAJ62UNSBCMEIPV4HA","level":"info","message":"Input_Image_Url","timestamp":"2021-09-24 10:53:44","ms":"+8s"}
{"service":"bot-service","sender":"eAK/TToTHpMSe6BJr/epHA==","text":"Célibataire","level":"info","message":"Input_Message","timestamp":"2021-09-24 10:53:48","ms":"+3s"}
{"service":"bot-service","sender":"eAK/TToTHpMSe6BJr/epHA==","text":"Akorondrano","level":"info","message":"Input_Message","timestamp":"2021-09-24 10:54:00","ms":"+12s"}
{"service":"bot-service","sender":"eAK/TToTHpMSe6BJr/epHA==","text":"Antananarivo","level":"info","message":"Input_Message","timestamp":"2021-09-24 10:54:04","ms":"+5s"}
{"message":"InputAgenceOnlineSubscriptionChain","level":"silly","service":"bot-service","timestamp":"2021-09-24 10:54:04","ms":"+39ms"}
{"message":"++++ Bot Name   : MyAccès","level":"debug","service":"bot-service","timestamp":"2021-09-24 11:02:07","ms":"+0ms"}
{"message":"++++ Bot Status : DEV","level":"debug","service":"bot-service","timestamp":"2021-09-24 11:02:08","ms":"+1s"}
{"message":"++++ Bot Access : ACCESS_TO_ALL","level":"debug","service":"bot-service","timestamp":"2021-09-24 11:02:09","ms":"+1s"}
{"message":"++++ HOST       : https://09a3-154-126-61-242.ngrok.io","level":"debug","service":"bot-service","timestamp":"2021-09-24 11:02:12","ms":"+2s"}
{"message":"++++ API HOST   : http://localhost:51943","level":"debug","service":"bot-service","timestamp":"2021-09-24 11:02:12","ms":"+2ms"}
{"message":"Http server is listening on 60067","level":"info","service":"bot-service","timestamp":"2021-09-24 11:02:15","ms":"+3s"}
{"message":"Https server is listening on 60066","level":"info","service":"bot-service","timestamp":"2021-09-24 11:02:15","ms":"+1ms"}
{"service":"bot-service","sender":"eAK/TToTHpMSe6BJr/epHA==","text":"cc","level":"info","message":"Input_Message","timestamp":"2021-09-24 11:02:19","ms":"+5s"}
{"service":"bot-service","sender":"eAK/TToTHpMSe6BJr/epHA==","payload":"Pas encore en compte","level":"info","message":"Input_Payload","timestamp":"2021-09-24 11:02:24","ms":"+5s"}
{"service":"bot-service","sender":"eAK/TToTHpMSe6BJr/epHA==","payload":"Créer votre compte","level":"info","message":"Input_Payload","timestamp":"2021-09-24 11:02:36","ms":"+12s"}
{"service":"bot-service","sender":"eAK/TToTHpMSe6BJr/epHA==","imageUrl":"https://dl-media.viber.com/4/media/2/short/any/sig/image/0x0/4468/2fba1a55b1cdc328f4333c3b2fcbe8162c7b4c6dd51fd4663f1802fb6bdc4468.jpg?Expires=1632474167&Signature=xNIuHAge12rA80AvWUOq~Llsk5A2l7Ug5GwXjjZZyVX8rTPEA7rYOyL1MsZflE9g8e5H8n~VDiXPDgUb0Dk8McW59uJ-BsF9MxvJjv35ELvViYd~~63T7JiK7ogQLyYO24ysLf-lDVM8cuXXnyuATDIKzknnB-y8zS05h-ZKbBXlTSPxOHTtSddJ1XHv224bcBAFYbD8OE5zsUrRnYf50ZLCrmNyCMQgD~mG8r5-8omrtdg5dM2lo699voqVCcgFtsmRKx5x7b1C~AIz~xe3Hi8VzAQqtvwTIlM5rrOFASzvPYvRrbsqsfFLKTt1zOYacInW0gmWXr6JhUok9CpXcA__&Key-Pair-Id=APKAJ62UNSBCMEIPV4HA","level":"info","message":"Input_Image_Url","timestamp":"2021-09-24 11:02:47","ms":"+10s"}
{"service":"bot-service","sender":"eAK/TToTHpMSe6BJr/epHA==","imageUrl":"https://dl-media.viber.com/4/media/2/short/any/sig/image/0x0/1d98/897f371d4ee0611bb74b8d3c414a3cf8477cadd658b8cbc74d558f44849f1d98.jpg?Expires=1632474180&Signature=VoI1arLlkDH9j5-13sUM6FMd2BQ1ywObelJeWXvrhSNgF7ZeCX9zPpasPTIWktP3IQkHqK9VrcdXnysS~9XorYr5iS~NlnnjvTnpufd4hM7dnNumTIrVn~iZ9OEUR6NQy~uGag9twrNNJg-NHJf1kRVpDdHwNrhUb7DPZrMXS89ZjhYRHUwrc8l38Dk0aey45-F7~hdliJeNRMWIvKg121YYq9XUqJElPzO4ttTqeA9EfWJYGpuy4L6Mpde9jpH6twmEuQSrgayeYSYKaRaBXW8Y0Us4-R2nz3Pjxr9t0l7W7hdOUMBw0Va~ifuDzxovBrrSIE4avEYxXXnwE~bCaw__&Key-Pair-Id=APKAJ62UNSBCMEIPV4HA","level":"info","message":"Input_Image_Url","timestamp":"2021-09-24 11:03:00","ms":"+13s"}
{"service":"bot-service","sender":"eAK/TToTHpMSe6BJr/epHA==","imageUrl":"https://dl-media.viber.com/4/media/2/short/any/sig/image/0x0/dec5/974c006d672563a71a531a9f32f5883d8d99b5935de25155d3a559aa096cdec5.jpg?Expires=1632474186&Signature=EFUqubmQpz3S2nF1bzK0MxJ9ccuGiUU48kLYv-EPVakuVnUdaFfFeK~OQmPsvlp9eBdNMwTqahcv3Er9uu~dDD7aKZRgqCPS9MDsQ5nPoS0z00HpLgje~~McJw1ISXnkqiEeSr5jERx007uG75MIuFn73ctmu66tdt-~8LCAwNnCmNgul7gAcTRkFt-UiCBWfS6o3rnNDmdkz1yud9Y51yVrRfRxX8Y5d9AVjaTH6l0UjPL1UIxCuW3XGjjUi5QuAsLW0fOtg5jc72Wg1bjkmDJsRu36BGgOW1pFn9TL-NRGAe9-zy~WeGrGyct69HUIjj-ssoJrkw6qmNIMX4bNZQ__&Key-Pair-Id=APKAJ62UNSBCMEIPV4HA","level":"info","message":"Input_Image_Url","timestamp":"2021-09-24 11:03:05","ms":"+5s"}
{"service":"bot-service","sender":"eAK/TToTHpMSe6BJr/epHA==","text":"Célibataire","level":"info","message":"Input_Message","timestamp":"2021-09-24 11:03:08","ms":"+3s"}
{"service":"bot-service","sender":"eAK/TToTHpMSe6BJr/epHA==","text":"Akorondrano","level":"info","message":"Input_Message","timestamp":"2021-09-24 11:03:18","ms":"+10s"}
{"service":"bot-service","sender":"eAK/TToTHpMSe6BJr/epHA==","text":"Antananarivo","level":"info","message":"Input_Message","timestamp":"2021-09-24 11:03:21","ms":"+3s"}
{"message":"InputAgenceOnlineSubscriptionChain","level":"silly","service":"bot-service","timestamp":"2021-09-24 11:03:22","ms":"+29ms"}
{"service":"bot-service","sender":"eAK/TToTHpMSe6BJr/epHA==","text":"1","level":"info","message":"Input_Message","timestamp":"2021-09-24 11:03:51","ms":"+29s"}
{"message":"++++ Bot Name   : MyAccès","level":"debug","service":"bot-service","timestamp":"2021-09-24 13:16:32","ms":"+0ms"}
{"message":"++++ Bot Status : DEV","level":"debug","service":"bot-service","timestamp":"2021-09-24 13:16:32","ms":"+534ms"}
{"message":"++++ Bot Access : ACCESS_TO_ALL","level":"debug","service":"bot-service","timestamp":"2021-09-24 13:16:32","ms":"+34ms"}
{"message":"++++ HOST       : https://09a3-154-126-61-242.ngrok.io","level":"debug","service":"bot-service","timestamp":"2021-09-24 13:16:32","ms":"+7ms"}
{"message":"++++ API HOST   : http://localhost:51943","level":"debug","service":"bot-service","timestamp":"2021-09-24 13:16:32","ms":"+5ms"}
{"message":"Http server is listening on 60067","level":"info","service":"bot-service","timestamp":"2021-09-24 13:16:34","ms":"+2s"}
{"message":"Https server is listening on 60066","level":"info","service":"bot-service","timestamp":"2021-09-24 13:16:34","ms":"+3ms"}
{"service":"bot-service","sender":"eAK/TToTHpMSe6BJr/epHA==","text":"1","level":"info","message":"Input_Message","timestamp":"2021-09-24 13:16:49","ms":"+15s"}
{"service":"bot-service","sender":"eAK/TToTHpMSe6BJr/epHA==","payload":"Pas encore en compte","level":"info","message":"Input_Payload","timestamp":"2021-09-24 13:16:53","ms":"+4s"}
{"service":"bot-service","sender":"eAK/TToTHpMSe6BJr/epHA==","payload":"Créer votre compte","level":"info","message":"Input_Payload","timestamp":"2021-09-24 13:16:56","ms":"+3s"}
{"service":"bot-service","sender":"eAK/TToTHpMSe6BJr/epHA==","imageUrl":"https://dl-media.viber.com/11/media/2/short/any/sig/image/0x0/93fb/6b9d57858a9dc2c026ce1fce27890485ddf096a3494b04456810a841fae493fb.jpg?Expires=1632482233&Signature=EcPuLyDWITJ6SoGWLtURFIGRVYd3Hyc-Aru0ZmJ39wrQ2~dN50LNYpX2zk6JZeFReE5tsY0F7USoYFeCm31ae4S7tmK7FGHJYFaAMoCY6anPZjOE0WvDyBHijrg5T1~S~rXFzVzC6C55mo0aZa-M9Pif3erAYybd~WkYWDr4tI6l35bZCjyElxtN3VxbNtgRqSw9BC2ZPDgYXISb1Etuk0amtkjlyD-AyefvhQXVnn-Fv5xXDmjDuISexUIvpdNOqYIFWfR3ONk-laWTky6-Rx6Q0GyshRGMFTeBtoJuyZYtIpkPb8OxFhnToTK6QxrC3--0sD2KhCdbI4zpvxGNEg__&Key-Pair-Id=APKAJ62UNSBCMEIPV4HA","level":"info","message":"Input_Image_Url","timestamp":"2021-09-24 13:17:13","ms":"+17s"}
{"service":"bot-service","sender":"eAK/TToTHpMSe6BJr/epHA==","imageUrl":"https://dl-media.viber.com/11/media/2/short/any/sig/image/0x0/32fc/4dd89c0c0987d7c440cefd7345ff6d0b44a564651e7647d719fe870741e032fc.jpg?Expires=1632482242&Signature=jgoMWwWaxF9CLuicpzMCr~uzp5SD4B-sKOGeGy6IAp5hYLYWt1hzM1qYGvlxDFMxZ1jiIJtLPDIBM4fgmO~eX2AubpZa2ec5LiB3Q14fGcf9xJrIC8ojPzDlIIPEhnGMf~yDzcD35i25Pmokc~tPybELT4VqsgtnOkxUh3xsw3S3RB1yG1QvmenDIP1yadqJSmvUOl5V~k8muxoYUfIuXJogQPgkaRBeQ69R-uFdB6J~3-IAiwB3fbINvuvkfGG0o~wBzF1lBoHUfORxnBHtKc8JMV2CFPfI7ovA-SmbcepwGVEdfAtCo4Vq2nocJbd0FgerLyxVS6DI7q9jHM9UUA__&Key-Pair-Id=APKAJ62UNSBCMEIPV4HA","level":"info","message":"Input_Image_Url","timestamp":"2021-09-24 13:17:22","ms":"+9s"}
{"service":"bot-service","sender":"eAK/TToTHpMSe6BJr/epHA==","imageUrl":"https://dl-media.viber.com/11/media/2/short/any/sig/image/0x0/63d5/6174cecc2b82b6bd438705f9b0f2cb75089a427e8107540da047fa81c34b63d5.jpg?Expires=1632482251&Signature=il-5jResPO4IsYpJ~WhAhH7UQwV4jd47R2UTx5ONu-~~CfOYCep7xW4eF0PrteQhx-1Jq8m7URGyggZlbmA~b0XoBrIe0BYPvUzBYXhRZ18DBGvo64N~0q1kC-vIRigK0T4Fnp8p-fAyT1r6CMZK1Z4nol9D31L4HiT3I8wNX7CT1hSjShNpFnJSeUVs7ilFdq4eKZB3q5XOvYiXR8fZderABTjvCJ~LYuZwmtvsGQB3KKxt~jT~JjrNUJsruafOSgoyF-qdoXJGhBKMCjhhSEUcofoHhbHO81hqvDvnmqz6vXmZvvZ0YuYiVMDrIeDLIhsFieQhBdUHi9ZyJUTKwQ__&Key-Pair-Id=APKAJ62UNSBCMEIPV4HA","level":"info","message":"Input_Image_Url","timestamp":"2021-09-24 13:17:31","ms":"+9s"}
{"service":"bot-service","sender":"eAK/TToTHpMSe6BJr/epHA==","text":"Célibataire","level":"info","message":"Input_Message","timestamp":"2021-09-24 13:17:36","ms":"+5s"}
{"service":"bot-service","sender":"eAK/TToTHpMSe6BJr/epHA==","text":"Ankadindramamy","level":"info","message":"Input_Message","timestamp":"2021-09-24 13:18:03","ms":"+27s"}
{"service":"bot-service","sender":"eAK/TToTHpMSe6BJr/epHA==","text":"Antananarivo","level":"info","message":"Input_Message","timestamp":"2021-09-24 13:18:08","ms":"+5s"}
{"message":"InputAgenceOnlineSubscriptionChain","level":"silly","service":"bot-service","timestamp":"2021-09-24 13:18:08","ms":"+50ms"}
{"service":"bot-service","sender":"eAK/TToTHpMSe6BJr/epHA==","text":"1","level":"info","message":"Input_Message","timestamp":"2021-09-24 13:18:19","ms":"+10s"}
{"message":"++++ Bot Name   : MyAccès","level":"debug","service":"bot-service","timestamp":"2021-09-24 14:00:43","ms":"+0ms"}
{"message":"++++ Bot Status : DEV","level":"debug","service":"bot-service","timestamp":"2021-09-24 14:00:44","ms":"+986ms"}
{"message":"++++ Bot Access : ACCESS_TO_ALL","level":"debug","service":"bot-service","timestamp":"2021-09-24 14:00:44","ms":"+519ms"}
{"message":"++++ HOST       : https://09a3-154-126-61-242.ngrok.io","level":"debug","service":"bot-service","timestamp":"2021-09-24 14:00:44","ms":"+56ms"}
{"message":"++++ API HOST   : http://localhost:51943","level":"debug","service":"bot-service","timestamp":"2021-09-24 14:00:44","ms":"+21ms"}
{"message":"Http server is listening on 60067","level":"info","service":"bot-service","timestamp":"2021-09-24 14:00:47","ms":"+2s"}
{"message":"Https server is listening on 60066","level":"info","service":"bot-service","timestamp":"2021-09-24 14:00:47","ms":"+3ms"}
{"service":"bot-service","sender":"eAK/TToTHpMSe6BJr/epHA==","text":"cc","level":"info","message":"Input_Message","timestamp":"2021-09-24 14:01:06","ms":"+20s"}
{"service":"bot-service","sender":"eAK/TToTHpMSe6BJr/epHA==","payload":"Pas encore en compte","level":"info","message":"Input_Payload","timestamp":"2021-09-24 14:01:13","ms":"+6s"}
{"service":"bot-service","sender":"eAK/TToTHpMSe6BJr/epHA==","payload":"Créer votre compte","level":"info","message":"Input_Payload","timestamp":"2021-09-24 14:01:16","ms":"+3s"}
{"service":"bot-service","sender":"eAK/TToTHpMSe6BJr/epHA==","imageUrl":"https://dl-media.viber.com/10/media/2/short/any/sig/image/0x0/a3a5/4efd6382e022860ed643fed19779f2fb0013d842e360fc895fc360f437e2a3a5.jpg?Expires=1632484893&Signature=QnXok5Iyou~l7ug8OGmH7j2utoCvckarNzsJBWJ8IP6eHSwydb19YhAm7dz2kde3xhiBXcmBu8yWw~gTuYU3BSfYH~JA0JBtQ7klu-66wu-1Nghej2E8vKH5ow0NeoEWrUjwbb27KgbfwqA~~fff9op4EwJCXkhihfeCcRlJkkh6ImlebkpfmgLwvammlRZRMLDXKH4Vfy2AF3hIPcKeb3DQgO3uuC5~T0qOL1VTosusM07Ioj2QcqjsXZPxvIMElqkBkmQS4RYIxFs~VOQDmzBi9vsZ-aNgjBTkJLlyCht4V84paSIhlCdkz6OCSEne0PiqHNVX-tVw6-Zlt7EK7A__&Key-Pair-Id=APKAJ62UNSBCMEIPV4HA","level":"info","message":"Input_Image_Url","timestamp":"2021-09-24 14:01:33","ms":"+17s"}
{"service":"bot-service","sender":"eAK/TToTHpMSe6BJr/epHA==","imageUrl":"https://dl-media.viber.com/10/media/2/short/any/sig/image/0x0/af9c/8b866d194d481dabca2d72e2340bfdd1c6afd94b4972644f30558771d48baf9c.jpg?Expires=1632484898&Signature=m4lHVFr93j4gil3AjwIDSllQZo7qijQ3S2PuUQu14E4neqeFkuexLnp2YchLX5mAwBB1GxKlUgiRKVt7cjltj0cgxUFJwSMBfcuhObgRSC4XUdgVb747pUTzm9LGE0BGiuXb9GLGCYunvKvRlcEaVcc4Uz2rxMQDzE7~PdE9ULuOfHnSFN4l~3BlMhSbYt7yMzytjEIZlo-nIsena~W3QqtfzcS2JGQhArMflWnk-xkuYqxT2WtCdCyyWWtDDuJ42mv790q13v8HEzOrcHoQJJcxhwWgmTsUN3OnsWluSQMZRCkVKHDPjDQ5xWhuJPlX2qjDm70dKeXcbZHfT1s7og__&Key-Pair-Id=APKAJ62UNSBCMEIPV4HA","level":"info","message":"Input_Image_Url","timestamp":"2021-09-24 14:01:38","ms":"+5s"}
{"service":"bot-service","sender":"eAK/TToTHpMSe6BJr/epHA==","imageUrl":"https://dl-media.viber.com/10/media/2/short/any/sig/image/0x0/6a82/c80307649700890461bdab0f6945b23aa011effd5915b19a26db71528bdb6a82.jpg?Expires=1632484903&Signature=fV4eL0bMDPDZPt-xTCTnoeTLTBjSE~wfmqdPu-3CwuwpTIzcOaE9j~JB5E1ukDNRq1gwXbHzhAsxv-H4Disn2tNY9ERd0bSBveAKGB0-5-Rv-1~PxtGKPgOv7Re8Or7sDMV2Dp1q7HWlpIgYDhJ95zLzOuv1ttFlFfje9LOWxGJ18Y-z7jM0~Z6EKatIvvD7xSRxqsyxu3AwWOxni6RBt8H754O7~paBWLPUUYeiY4ZRXjO-gGQXJhZ1Vxk62O5RFANu68kFXSunDr5aVMzpkvS33lfmvrqR1T3w7nR-rslt6gW4dSzBK-tmiqjQ4bNxQbxRhrNPneVzMz2xYuvzUw__&Key-Pair-Id=APKAJ62UNSBCMEIPV4HA","level":"info","message":"Input_Image_Url","timestamp":"2021-09-24 14:01:43","ms":"+5s"}
{"service":"bot-service","sender":"eAK/TToTHpMSe6BJr/epHA==","text":"Célibataire","level":"info","message":"Input_Message","timestamp":"2021-09-24 14:01:47","ms":"+3s"}
{"service":"bot-service","sender":"eAK/TToTHpMSe6BJr/epHA==","text":"abdranobevava","level":"info","message":"Input_Message","timestamp":"2021-09-24 14:01:59","ms":"+12s"}
{"service":"bot-service","sender":"eAK/TToTHpMSe6BJr/epHA==","text":"Antananarivo","level":"info","message":"Input_Message","timestamp":"2021-09-24 14:02:02","ms":"+3s"}
{"message":"InputAgenceOnlineSubscriptionChain","level":"silly","service":"bot-service","timestamp":"2021-09-24 14:02:02","ms":"+25ms"}
{"service":"bot-service","sender":"eAK/TToTHpMSe6BJr/epHA==","text":"1","level":"info","message":"Input_Message","timestamp":"2021-09-24 14:02:16","ms":"+15s"}
{"message":"++++ Bot Name   : MyAccès","level":"debug","service":"bot-service","timestamp":"2021-09-24 14:30:38","ms":"+0ms"}
{"message":"++++ Bot Status : DEV","level":"debug","service":"bot-service","timestamp":"2021-09-24 14:30:38","ms":"+743ms"}
{"message":"++++ Bot Access : ACCESS_TO_ALL","level":"debug","service":"bot-service","timestamp":"2021-09-24 14:30:38","ms":"+107ms"}
{"message":"++++ HOST       : https://09a3-154-126-61-242.ngrok.io","level":"debug","service":"bot-service","timestamp":"2021-09-24 14:30:39","ms":"+8ms"}
{"message":"++++ API HOST   : http://localhost:51943","level":"debug","service":"bot-service","timestamp":"2021-09-24 14:30:39","ms":"+5ms"}
{"message":"Http server is listening on 60067","level":"info","service":"bot-service","timestamp":"2021-09-24 14:30:40","ms":"+2s"}
{"message":"Https server is listening on 60066","level":"info","service":"bot-service","timestamp":"2021-09-24 14:30:40","ms":"+10ms"}
{"service":"bot-service","sender":"eAK/TToTHpMSe6BJr/epHA==","text":"cc","level":"info","message":"Input_Message","timestamp":"2021-09-24 14:30:50","ms":"+9s"}
{"service":"bot-service","sender":"eAK/TToTHpMSe6BJr/epHA==","payload":"Activer myacces sur ce canal","level":"info","message":"Input_Payload","timestamp":"2021-09-24 14:30:53","ms":"+3s"}
{"message":"** ForStartAccedeHisAccoutChain","level":"silly","service":"bot-service","timestamp":"2021-09-24 14:30:53","ms":"+56ms"}
{"message":"** InputClientCodeChain","level":"silly","service":"bot-service","timestamp":"2021-09-24 14:30:54","ms":"+930ms"}
{"service":"bot-service","sender":"eAK/TToTHpMSe6BJr/epHA==","payload":"Pas encore en compte","level":"info","message":"Input_Payload","timestamp":"2021-09-24 14:30:56","ms":"+2s"}
{"service":"bot-service","sender":"eAK/TToTHpMSe6BJr/epHA==","payload":"Créer votre compte","level":"info","message":"Input_Payload","timestamp":"2021-09-24 14:30:59","ms":"+3s"}
{"service":"bot-service","sender":"eAK/TToTHpMSe6BJr/epHA==","imageUrl":"https://dl-media.viber.com/4/media/2/short/any/sig/image/0x0/c0c1/51a6e7953c2e0c18683a6559e86f2f951dd5551687c4d501a7e8a7588e46c0c1.jpg?Expires=1632486670&Signature=JUb0m-OdaAsfo-qvAl8gmz3GKxSSnT7-y8~uAiLEeoEVrLPXJf2ZahbG7bwk1fB3Nrvi882t8ZFTuVMaEdcHIYX3y7FYl1bVpZtRR6o-syyZILOcuwVpjIMjQaXvhNrGoiVYOsUU7uLBJA6nKbtgIgoilHBgXAKZhcc5-ma0o~vDLmBV-I8gFODq8lJqQhpqrRf0AMl7cczgrAcDNOdMA6BPXWCyBCxGLQb3KnDmN-aNr1KrW0BMZC5Rb21e63AirxpN-6Q8huycHuCYM46cYUObdKFOnlY~jtQAaThOKM4EB25kQsTROpng9lrjeiVqMgXPN1KjvOKe1pYkmK9UdQ__&Key-Pair-Id=APKAJ62UNSBCMEIPV4HA","level":"info","message":"Input_Image_Url","timestamp":"2021-09-24 14:31:10","ms":"+12s"}
{"message":"++++ Bot Name   : MyAccès","level":"debug","service":"bot-service","timestamp":"2021-09-24 14:31:45","ms":"+0ms"}
{"message":"++++ Bot Status : DEV","level":"debug","service":"bot-service","timestamp":"2021-09-24 14:31:46","ms":"+775ms"}
{"message":"++++ Bot Access : ACCESS_TO_ALL","level":"debug","service":"bot-service","timestamp":"2021-09-24 14:31:46","ms":"+18ms"}
{"message":"++++ HOST       : https://09a3-154-126-61-242.ngrok.io","level":"debug","service":"bot-service","timestamp":"2021-09-24 14:31:46","ms":"+10ms"}
{"message":"++++ API HOST   : http://localhost:51943","level":"debug","service":"bot-service","timestamp":"2021-09-24 14:31:46","ms":"+10ms"}
{"message":"Http server is listening on 60067","level":"info","service":"bot-service","timestamp":"2021-09-24 14:31:48","ms":"+2s"}
{"message":"Https server is listening on 60066","level":"info","service":"bot-service","timestamp":"2021-09-24 14:31:48","ms":"+2ms"}
{"service":"bot-service","sender":"eAK/TToTHpMSe6BJr/epHA==","text":"cc","level":"info","message":"Input_Message","timestamp":"2021-09-24 14:31:48","ms":"+257ms"}
{"service":"bot-service","sender":"eAK/TToTHpMSe6BJr/epHA==","payload":"Pas encore en compte","level":"info","message":"Input_Payload","timestamp":"2021-09-24 14:31:53","ms":"+4s"}
{"service":"bot-service","sender":"eAK/TToTHpMSe6BJr/epHA==","payload":"Créer votre compte","level":"info","message":"Input_Payload","timestamp":"2021-09-24 14:31:55","ms":"+3s"}
{"service":"bot-service","sender":"eAK/TToTHpMSe6BJr/epHA==","imageUrl":"https://dl-media.viber.com/4/media/2/short/any/sig/image/0x0/60f3/4ae5a2650a0990218fa5ef22d75ffb65c5e0f925c0e7296b28893ee10bf360f3.jpg?Expires=1632486722&Signature=JEpS00bxae21wsBILWPQ8AqK2eSGwmdksJbXB8mHcv35bMC1rNCqXZqjghggjMhaNHufG5rtwA6~yV1ftVHd3KfHu9pMVmE8-qdYiOJ6o95bwtUduZNb7xmRSquJvRYxb29~inQE9mLroGo8YcX~E8j55-3QJcHrggCl1dwCixzmQqR2YssHDg-7FKEyw5UpTPHqW5OZYnsJkFGWxe8mAGVqFoO55JO9HJGTA4sAUVBHGBLjc1H5raytHnWg9KrmJdu5I2d8-PW0pZTmR00wLbjYgg9P6Ed4JPHdc52lPW5sekSM1jWeMFZHrE0P9poxh4UIwwhMJ-GTnPcHQE60KQ__&Key-Pair-Id=APKAJ62UNSBCMEIPV4HA","level":"info","message":"Input_Image_Url","timestamp":"2021-09-24 14:32:03","ms":"+7s"}
{"service":"bot-service","sender":"eAK/TToTHpMSe6BJr/epHA==","imageUrl":"https://dl-media.viber.com/4/media/2/short/any/sig/image/0x0/e727/0ca6cdebb09ada84781e3091dcfaa5d7d6a23d1dae7de192be1518eb368de727.jpg?Expires=1632486728&Signature=PhUEm-61G-BQGuDyAvqz12wCj8rKNi03uZEX22PAmaIReJy3cOWQD9VjLePBPXBZafHhFG~P8Iy116OfoCnj0m3EEqrYq4euEwYJw5-AARXEG1yb~0YdYLXodCfaP~3oBSQMt2MFwLPPZJW819R06IGPtznvhQ3uINydCObpG1nIXy49M9VlROpIt-vjXJrL8LR6Se-MSkCCCmKt~wt~G0R5YNWCTlsZCDieBkRS~MzoGGA8vhz6EumRIP4V5trz5IUvXK38qiE-6YocDSABHNoPGpvRkcFzb-JXZP6MbA0eURxTEDXZ9eFBXICgj3PKGZ8ajnF09H8qGj7lTALuVg__&Key-Pair-Id=APKAJ62UNSBCMEIPV4HA","level":"info","message":"Input_Image_Url","timestamp":"2021-09-24 14:32:09","ms":"+6s"}
{"message":"++++ Bot Name   : MyAccès","level":"debug","service":"bot-service","timestamp":"2021-09-24 14:34:21","ms":"+0ms"}
{"message":"++++ Bot Status : DEV","level":"debug","service":"bot-service","timestamp":"2021-09-24 14:34:21","ms":"+704ms"}
{"message":"++++ Bot Access : ACCESS_TO_ALL","level":"debug","service":"bot-service","timestamp":"2021-09-24 14:34:21","ms":"+17ms"}
{"message":"++++ HOST       : https://e8c9-154-126-61-242.ngrok.io","level":"debug","service":"bot-service","timestamp":"2021-09-24 14:34:21","ms":"+7ms"}
{"message":"++++ API HOST   : http://localhost:51943","level":"debug","service":"bot-service","timestamp":"2021-09-24 14:34:21","ms":"+4ms"}
{"message":"Http server is listening on 60067","level":"info","service":"bot-service","timestamp":"2021-09-24 14:34:23","ms":"+2s"}
{"message":"Https server is listening on 60066","level":"info","service":"bot-service","timestamp":"2021-09-24 14:34:23","ms":"+7ms"}
{"service":"bot-service","sender":"eAK/TToTHpMSe6BJr/epHA==","text":"cc","level":"info","message":"Input_Message","timestamp":"2021-09-24 14:34:26","ms":"+3s"}
{"service":"bot-service","sender":"eAK/TToTHpMSe6BJr/epHA==","payload":"Pas encore en compte","level":"info","message":"Input_Payload","timestamp":"2021-09-24 14:34:31","ms":"+5s"}
{"service":"bot-service","sender":"eAK/TToTHpMSe6BJr/epHA==","payload":"Créer votre compte","level":"info","message":"Input_Payload","timestamp":"2021-09-24 14:34:35","ms":"+3s"}
{"service":"bot-service","sender":"eAK/TToTHpMSe6BJr/epHA==","imageUrl":"https://dl-media.viber.com/4/media/2/short/any/sig/image/0x0/fc7b/abe35dd6a754df37ee2e9031af5e05f31401ad0a26c469ae672e643e3bb2fc7b.jpg?Expires=1632486885&Signature=LtILmBGl027lhEV7gYB-k8gKoG8lN2c6uOha4EEtRvHnEwNSLOSsffv7qHMEIzvBac-tFfkIVNj1Uug2TxiB~sK1sF97Cbu6pAeyjGwkZPuOyZtagpqJKQl9qUKDHepEUGX2lQy~7dAmhDX5kgLZtGeiKwxRrZaHE~tInTCGqFv1mQalh2D71pMvpi3FhWfykTmuXmJrsm7dWenlqEegWUuvpPhGlWfyZsOWOFjWgOCCAYQw75khMFC9QSUD4yYhAeYAHpXpdIe3wPmMH0iXRB7CDHpS4kCAxEV~DBhQyHUKB7T7rb5FmL0qojjjtdXUsLX2J2o~TaITxe7U1DC1iQ__&Key-Pair-Id=APKAJ62UNSBCMEIPV4HA","level":"info","message":"Input_Image_Url","timestamp":"2021-09-24 14:34:45","ms":"+10s"}
{"service":"bot-service","sender":"eAK/TToTHpMSe6BJr/epHA==","imageUrl":"https://dl-media.viber.com/4/media/2/short/any/sig/image/0x0/1fd4/42de4890e371ad4597ee689128668c0d7056b143ab54f363b8ae54c9867e1fd4.jpg?Expires=1632486893&Signature=MWsSZ0hnE9qBgndCPeJ7ilvMqEiG8HRioSdeDzcu4aVCOuoD0AJoZSVjDCjhLy1D7zgLy9upepclWFt~kkKMrL9ONCp87b65bE9SozrslyrQWrqz9Zwc0rB-fXQnTay7EiMSu3i5vpOOU7QjR7WbwobH6fBm4EUeTse3wdVy5iE-izBK1Rf0DLG7oyE5JRmVvZO~cphDkDg6LZ3qEUSJOG9BO8AsIJPRB3~H9c84D8f4Ofz1fzMtNR1Mi5~Bs4OvmJU2ZvbI3rt6txqz-DaorLowLwLeSApvmflyCXVQIaw92V9gYxF3-K~Kzr6vcsxMzxbkERfi0YQzd9UUClJSgw__&Key-Pair-Id=APKAJ62UNSBCMEIPV4HA","level":"info","message":"Input_Image_Url","timestamp":"2021-09-24 14:34:53","ms":"+8s"}
{"message":"++++ Bot Name   : MyAccès","level":"debug","service":"bot-service","timestamp":"2021-09-24 14:36:10","ms":"+0ms"}
{"message":"++++ Bot Status : DEV","level":"debug","service":"bot-service","timestamp":"2021-09-24 14:36:11","ms":"+844ms"}
{"message":"++++ Bot Access : ACCESS_TO_ALL","level":"debug","service":"bot-service","timestamp":"2021-09-24 14:36:11","ms":"+26ms"}
{"message":"++++ HOST       : https://e8c9-154-126-61-242.ngrok.io","level":"debug","service":"bot-service","timestamp":"2021-09-24 14:36:11","ms":"+23ms"}
{"message":"++++ API HOST   : http://localhost:51943","level":"debug","service":"bot-service","timestamp":"2021-09-24 14:36:11","ms":"+9ms"}
{"message":"Http server is listening on 60067","level":"info","service":"bot-service","timestamp":"2021-09-24 14:36:13","ms":"+2s"}
{"message":"Https server is listening on 60066","level":"info","service":"bot-service","timestamp":"2021-09-24 14:36:13","ms":"+3ms"}
{"service":"bot-service","sender":"eAK/TToTHpMSe6BJr/epHA==","text":"cc","level":"info","message":"Input_Message","timestamp":"2021-09-24 14:36:21","ms":"+8s"}
{"service":"bot-service","sender":"eAK/TToTHpMSe6BJr/epHA==","payload":"Pas encore en compte","level":"info","message":"Input_Payload","timestamp":"2021-09-24 14:36:26","ms":"+4s"}
{"service":"bot-service","sender":"eAK/TToTHpMSe6BJr/epHA==","payload":"Créer votre compte","level":"info","message":"Input_Payload","timestamp":"2021-09-24 14:36:33","ms":"+7s"}
{"service":"bot-service","sender":"eAK/TToTHpMSe6BJr/epHA==","imageUrl":"https://dl-media.viber.com/4/media/2/short/any/sig/image/0x0/489b/917dbd2755a6ec707ebddb105eb321b1f59de9ffed943ed4ce4056a5f550489b.jpg?Expires=1632487012&Signature=IZ2UIo8dtCex3dzO3mIW1uNyNjpKuUfJ9as7Ygq7uzCZ4yL9hRFhI8tawD26ULEkDuDfDBHlTd5pI0h1rQLZ2mgkLjKlPfwubSFDC2J7tIexmc-kRCAiYpZNqzz~o5vg4CnSt0Ui4-L~1vY9cXEfc5mh~8STiyEencXSSHqNebAKgKYU8a0ZwVjZI2Doju5cShkwjkeBpPBdrs9C5afx7MGLMltth61rUlUc3~uj0mZbeXyQq08BWAFTAc72ePxNV~iflj-4zjMx3LTjTVYslSrkWaDG-71ochtUfwJ7DUnvXRzw2xsqR7xkN0zkwm7ZNkUbeDEkPJFxkWf~2Qcbow__&Key-Pair-Id=APKAJ62UNSBCMEIPV4HA","level":"info","message":"Input_Image_Url","timestamp":"2021-09-24 14:36:52","ms":"+19s"}
{"service":"bot-service","sender":"eAK/TToTHpMSe6BJr/epHA==","imageUrl":"https://dl-media.viber.com/4/media/2/short/any/sig/image/0x0/91fe/4250247b50bc8d86f482e327711886ed576c4d14ea122af0550d33f6b95891fe.jpg?Expires=1632487019&Signature=PU6szD4OqwElxtx5afIw24blo5XdDplDROHyPPWgi2cYhjOtiBL4y10qd2IIC3I0UToNrmZwLkfm9w0x8BJWtFGSOvcguXgzLUh7vNOpSUgphaGB5OYvb1Lh2Pj4QnTOH5V7X52Z3WF8jESqggSMcqaKblrAFKO7p7XMtBFqeJpdrCrYaurQSxDkDlBb5MVYOPUjbaRXU3WGNmp3K~Y9kaGitz7a3XGJ7FcGNBe4Tlm8b60ibTHlGOX-HyYKW5cwPdSQe2BJyOKlgSXGgYpWTwkbFTt6W-yI5844eHchF4Ews9E15ByrINRWd4JSET5-u~vE5kG7lQYDCRv1KBk~Ig__&Key-Pair-Id=APKAJ62UNSBCMEIPV4HA","level":"info","message":"Input_Image_Url","timestamp":"2021-09-24 14:37:00","ms":"+8s"}
{"service":"bot-service","sender":"eAK/TToTHpMSe6BJr/epHA==","imageUrl":"https://dl-media.viber.com/4/media/2/short/any/sig/image/0x0/4d8c/8fd62e36df454c9491c58436db61f2ee7b3bfa8923207a3da57f5fe1e20e4d8c.jpg?Expires=1632487028&Signature=VrtIjBOwBatjFPlDOYaSXnwnxLAT5ryx-Cq5eusnWfqx~-aa3hEVJdFjyMwiQtyKPK7eVzlNbpGg46Mfy0a923kZvh5jCfghz2Dmqu2qeadlCPEfcOxAyhOd59a0W4ox9JNJ2mczkiRkDwV3~Z9p0DzPt2Rkwz0xHB3hn1qpKS7TGpqvgY5xdK7p1P6sjLGaycALFlmEhOJGjUGo8AfT~vKg1g~FpXHCFrVlZ9RX0c7-JWwFE9nI40Y2lA14i5BPG8GTFclckC7CEiARM6dAcze9rkRpXupALv2hFUhHsW9QeMNrtphU5DiCDptW8-ND7YansP0Ue5oSnC28jP8DPw__&Key-Pair-Id=APKAJ62UNSBCMEIPV4HA","level":"info","message":"Input_Image_Url","timestamp":"2021-09-24 14:37:08","ms":"+8s"}
{"service":"bot-service","sender":"eAK/TToTHpMSe6BJr/epHA==","text":"Célibataire","level":"info","message":"Input_Message","timestamp":"2021-09-24 14:37:11","ms":"+3s"}
{"service":"bot-service","sender":"eAK/TToTHpMSe6BJr/epHA==","text":"antsriaaae","level":"info","message":"Input_Message","timestamp":"2021-09-24 14:37:18","ms":"+7s"}
{"service":"bot-service","sender":"eAK/TToTHpMSe6BJr/epHA==","text":"Antananarivo","level":"info","message":"Input_Message","timestamp":"2021-09-24 14:37:21","ms":"+3s"}
{"message":"InputAgenceOnlineSubscriptionChain","level":"silly","service":"bot-service","timestamp":"2021-09-24 14:37:22","ms":"+35ms"}
{"service":"bot-service","sender":"eAK/TToTHpMSe6BJr/epHA==","text":"2","level":"info","message":"Input_Message","timestamp":"2021-09-24 14:37:30","ms":"+8s"}
{"message":"++++ Bot Name   : MyAccès","level":"debug","service":"bot-service","timestamp":"2021-09-24 14:41:40","ms":"+0ms"}
{"message":"++++ Bot Status : DEV","level":"debug","service":"bot-service","timestamp":"2021-09-24 14:41:40","ms":"+654ms"}
{"message":"++++ Bot Access : ACCESS_TO_ALL","level":"debug","service":"bot-service","timestamp":"2021-09-24 14:41:40","ms":"+196ms"}
{"message":"++++ HOST       : https://e8c9-154-126-61-242.ngrok.io","level":"debug","service":"bot-service","timestamp":"2021-09-24 14:41:40","ms":"+20ms"}
{"message":"++++ API HOST   : http://localhost:51943","level":"debug","service":"bot-service","timestamp":"2021-09-24 14:41:41","ms":"+13ms"}
{"message":"Http server is listening on 60067","level":"info","service":"bot-service","timestamp":"2021-09-24 14:41:44","ms":"+3s"}
{"message":"Https server is listening on 60066","level":"info","service":"bot-service","timestamp":"2021-09-24 14:41:44","ms":"+14ms"}
{"service":"bot-service","sender":"eAK/TToTHpMSe6BJr/epHA==","text":"cc","level":"info","message":"Input_Message","timestamp":"2021-09-24 14:41:50","ms":"+6s"}
{"service":"bot-service","sender":"eAK/TToTHpMSe6BJr/epHA==","payload":"Pas encore en compte","level":"info","message":"Input_Payload","timestamp":"2021-09-24 14:41:53","ms":"+3s"}
{"service":"bot-service","sender":"eAK/TToTHpMSe6BJr/epHA==","payload":"Créer votre compte","level":"info","message":"Input_Payload","timestamp":"2021-09-24 14:41:57","ms":"+4s"}
{"service":"bot-service","sender":"eAK/TToTHpMSe6BJr/epHA==","imageUrl":"https://dl-media.viber.com/4/media/2/short/any/sig/image/0x0/86a2/f442aedafee340c2d3a7294693adeba7097e0bac55703d57b53435167bfa86a2.jpg?Expires=1632487328&Signature=fRf0f5FK5Q1puqwDozm9MBfOWgCBCtK5lNYTg9dIm9t619Bnr4uOclQfE-eHxqOGWzvxUSUHJnikz3RNDsL8ZUyz2K9FQ7R8dJEBSeE8fZzJPyd69Rxm2JCE-lyGuuqaKKSGeo~ETT~9tzOM-ZN9VP2P0OGQBrxe9Mj0gw~n8YUahi88Z5AYAfx6L2PZ~qE9aHQXuqt5HpYWJQ4Oa5hKw4aUQ705CDXfnMDyVv8WmQCVOpxg-X4lHfJErM-0sdlPmdWthYO1C4s1ppts2yTjnG8gjbLXhD-V4Ob9ymqtTQsnF3qHapPNQYLLE7ze7telwPa-xzYKvq4c6sAb3Fg8gw__&Key-Pair-Id=APKAJ62UNSBCMEIPV4HA","level":"info","message":"Input_Image_Url","timestamp":"2021-09-24 14:42:08","ms":"+11s"}
{"service":"bot-service","sender":"eAK/TToTHpMSe6BJr/epHA==","imageUrl":"https://dl-media.viber.com/4/media/2/short/any/sig/image/0x0/9c98/5213013c54992541b978ef9164a687d197517f876dbfb756570f51896f509c98.jpg?Expires=1632487333&Signature=vsToSNpejhb2D5n5qcOcTHnKC1F89t93hIWHKb~6QWQg-7QoeeQI0UpKwYvA~AQBXxN91SCz-6rjCbiKiVY6SKiNdQlqm0-do-1o6I9yaBCXttH0k0-Gbr9ZTOePRhxmj-RuZNZnfiRE-fGtjbjosWHJdax1zIV~WXP827p2jQpfyF5qzLhbTGe9zreEFBEqrDkPj7AZociqzNS9VfI5OkN8g3cIIw5WBPLhZouLkJDWXC8GpAUL1sbgKfwNhAmO7T7aefPrkNpoXDOlU4hi7VWtVx7Oa7bU1AT6GypQQjAKVScOMm4atXTni8g-3vaLLAVdg0ZR5CZ3AV~2S46kvg__&Key-Pair-Id=APKAJ62UNSBCMEIPV4HA","level":"info","message":"Input_Image_Url","timestamp":"2021-09-24 14:42:14","ms":"+6s"}
{"service":"bot-service","sender":"eAK/TToTHpMSe6BJr/epHA==","imageUrl":"https://dl-media.viber.com/4/media/2/short/any/sig/image/0x0/dc08/8193ebf6b6f250ade9a52742b5233542d6673c7423ab40d40b3fb9c45123dc08.jpg?Expires=1632487341&Signature=kbgeU-kA1XgZOqTuBEEwSNn3G8W0Qd15K3F9SviuGbA0XY1-ojs~p6QUBEUOu9R0VbuPxhsfi~OCt0rgpJp6G~ZyR51w~cV1Vl019aaPX8Xq-~1Hu953HWWClBejPF5D8ZNqbObN~IFDgquia86VE~OSL5~dOk8CWEPzwye18eGocRIvkvCfLfwpHWfT3TLW8~liKVdWgZtf~kKk5c6prg4SBSE4VGpPYDTzP-hofX2TkubDrSzgk8y5v3NlW5ecW7Dxge~qLjDqmpaXv2QSA7sPM7LOWH1T~QJJwdR-Ak6CfEfGIc4oe0F5EAVakHqznxQ-WnBRY4jXodVi1tnDkA__&Key-Pair-Id=APKAJ62UNSBCMEIPV4HA","level":"info","message":"Input_Image_Url","timestamp":"2021-09-24 14:42:24","ms":"+10s"}
{"service":"bot-service","sender":"eAK/TToTHpMSe6BJr/epHA==","text":"Célibataire","level":"info","message":"Input_Message","timestamp":"2021-09-24 14:42:27","ms":"+3s"}
{"service":"bot-service","sender":"eAK/TToTHpMSe6BJr/epHA==","text":"ankadindramamy","level":"info","message":"Input_Message","timestamp":"2021-09-24 14:42:33","ms":"+7s"}
{"service":"bot-service","sender":"eAK/TToTHpMSe6BJr/epHA==","text":"Antananarivo","level":"info","message":"Input_Message","timestamp":"2021-09-24 14:42:53","ms":"+19s"}
{"message":"InputAgenceOnlineSubscriptionChain","level":"silly","service":"bot-service","timestamp":"2021-09-24 14:42:53","ms":"+26ms"}
{"service":"bot-service","sender":"eAK/TToTHpMSe6BJr/epHA==","text":"1","level":"info","message":"Input_Message","timestamp":"2021-09-24 14:42:58","ms":"+5s"}
{"message":"++++ Bot Name   : MyAccès","level":"debug","service":"bot-service","timestamp":"2021-09-24 14:43:50","ms":"+0ms"}
{"message":"++++ Bot Status : DEV","level":"debug","service":"bot-service","timestamp":"2021-09-24 14:43:51","ms":"+1s"}
{"message":"++++ Bot Access : ACCESS_TO_ALL","level":"debug","service":"bot-service","timestamp":"2021-09-24 14:43:51","ms":"+821ms"}
{"message":"++++ HOST       : https://e8c9-154-126-61-242.ngrok.io","level":"debug","service":"bot-service","timestamp":"2021-09-24 14:43:52","ms":"+112ms"}
{"message":"++++ API HOST   : http://localhost:51943","level":"debug","service":"bot-service","timestamp":"2021-09-24 14:43:52","ms":"+48ms"}
{"message":"Http server is listening on 60067","level":"info","service":"bot-service","timestamp":"2021-09-24 14:43:54","ms":"+3s"}
{"message":"Https server is listening on 60066","level":"info","service":"bot-service","timestamp":"2021-09-24 14:43:54","ms":"+8ms"}
{"service":"bot-service","sender":"eAK/TToTHpMSe6BJr/epHA==","text":"ccc","level":"info","message":"Input_Message","timestamp":"2021-09-24 14:44:25","ms":"+31s"}
{"service":"bot-service","sender":"eAK/TToTHpMSe6BJr/epHA==","payload":"Pas encore en compte","level":"info","message":"Input_Payload","timestamp":"2021-09-24 14:44:32","ms":"+6s"}
{"service":"bot-service","sender":"eAK/TToTHpMSe6BJr/epHA==","payload":"Créer votre compte","level":"info","message":"Input_Payload","timestamp":"2021-09-24 14:44:35","ms":"+4s"}
{"service":"bot-service","sender":"eAK/TToTHpMSe6BJr/epHA==","imageUrl":"https://dl-media.viber.com/4/media/2/short/any/sig/image/0x0/72d2/70824ba114604d674ea7c854b8002fcc789e5c753263b6621a34f77a78be72d2.jpg?Expires=1632487492&Signature=JsuiZDFOwEOXmfyBKXn9DzprFPb87ie4zBrb3uCzsbMbEFn8wH~g-oaduTCWyfYv4RZ1yQ4nKThecYWGFgKgOx4UK3XgIM8A49LDI9GY1aBb0kuBY1MPqo3MzrjUM7zLmdKECKQA1gtRZbGuIflK4mmSnR1zp5WQNpk7QJ32iW0~G8lWpgLJCLE4LHXRWKGdvI0YMFDRTfsNcl2b6Oir52LZ1h-GYkE2BwA-SVMMNp8cUmh0EK~gtF2ykslYBFDqkw6ZswwscuIA8D4vMXaHFfPcCb~SUIx8QsgbWduqcUXhOmzndX0h1M7cKwVfgPfgMgMrj1xXNS03yCcfJV3IYw__&Key-Pair-Id=APKAJ62UNSBCMEIPV4HA","level":"info","message":"Input_Image_Url","timestamp":"2021-09-24 14:44:52","ms":"+17s"}
{"service":"bot-service","sender":"eAK/TToTHpMSe6BJr/epHA==","imageUrl":"https://dl-media.viber.com/4/media/2/short/any/sig/image/0x0/49cd/f50e65a2b4e2d9d5d426b12adcaa37f68269a3a3051fc8dd56e87ffd8d2449cd.jpg?Expires=1632487519&Signature=OjIH6gBVeq15~CRQn224DUKx0qWyfcN4YwZMFux2rXpL0gYqXiI6XiZCgdity~Q3MApCmkZzD1Oco1O80Mx~pDqtyQakzhPjW3GVdZtC6SioDgIJaHePt9k1tt8VCtDxOUxMWGoQbo75iUOO4R0UE1KENRVMdyYgcJiZrZDfA8MnyGU7fvBnTqM3DtelzlpVTzm8PWodRTaMzKN7sGy90B-n5TQCdffDGO1A1TutEP~jLHhDeywdBQuqU4JHBpemj1LgXbOR~kSyuQVfWNSzbE-XhtRmUARgGaen5univE2vLrTnwzWrEPJhIIeWM3aHKpVO9bmPR0J-tJaijFDySA__&Key-Pair-Id=APKAJ62UNSBCMEIPV4HA","level":"info","message":"Input_Image_Url","timestamp":"2021-09-24 14:45:19","ms":"+27s"}
{"service":"bot-service","sender":"eAK/TToTHpMSe6BJr/epHA==","imageUrl":"https://dl-media.viber.com/4/media/2/short/any/sig/image/0x0/a777/462b2a5dc7157f7b4f3ce08b2baed0a6832d7c90b17daf312dbd45b86159a777.jpg?Expires=1632487527&Signature=NAZrflMM5-LWva-RvnqHCg194DdJbYtxg18-kZGf6ghfLwJhHaQkObl3Uf4NeAh8-5-eer8gy4pc7JzaLlOfnuN3rpwRiKle~0IEjq~J9vlIH18izD~fYNGscrxJZSV2mYxsb0SPg1CNq3JUO571wTCjDqUwW27LAFc~rHtFPdLFIgE3z0Dk-yJibdLLLGG0aKAWaWKbCYGw7D~a-ne7jg2D~Gee5FznhkxR3LWU6mUGbJEse5NdcG4UbX8LEPqeV5hSrHtS6SFctfwtZVqIN87P11V7jXLwVnFLgZAcfO~D0er0EljX8-JGwRmldf~oZohPbToNKLUXsj5hZZLqSg__&Key-Pair-Id=APKAJ62UNSBCMEIPV4HA","level":"info","message":"Input_Image_Url","timestamp":"2021-09-24 14:45:29","ms":"+10s"}
{"service":"bot-service","sender":"eAK/TToTHpMSe6BJr/epHA==","text":"Célibataire","level":"info","message":"Input_Message","timestamp":"2021-09-24 14:45:32","ms":"+3s"}
{"service":"bot-service","sender":"eAK/TToTHpMSe6BJr/epHA==","text":"ankadindramamy","level":"info","message":"Input_Message","timestamp":"2021-09-24 14:45:43","ms":"+10s"}
{"service":"bot-service","sender":"eAK/TToTHpMSe6BJr/epHA==","text":"Antananarivo","level":"info","message":"Input_Message","timestamp":"2021-09-24 14:45:46","ms":"+3s"}
{"message":"InputAgenceOnlineSubscriptionChain","level":"silly","service":"bot-service","timestamp":"2021-09-24 14:45:46","ms":"+25ms"}
{"service":"bot-service","sender":"eAK/TToTHpMSe6BJr/epHA==","text":"1","level":"info","message":"Input_Message","timestamp":"2021-09-24 14:45:49","ms":"+3s"}
{"service":"bot-service","sender":"eAK/TToTHpMSe6BJr/epHA==","text":"0347941481","level":"info","message":"Input_Message","timestamp":"2021-09-24 14:46:00","ms":"+10s"}
{"service":"bot-service","sender":"eAK/TToTHpMSe6BJr/epHA==","text":"Développeur","level":"info","message":"Input_Message","timestamp":"2021-09-24 14:46:31","ms":"+31s"}
{"service":"bot-service","sender":"eAK/TToTHpMSe6BJr/epHA==","payload":"ACCEPTER","level":"info","message":"Input_Payload","timestamp":"2021-09-24 14:46:35","ms":"+4s"}
{"service":"bot-service","level":"error","message":"ExecuteNextProcess locale_config_1.transService.translate(...).getText is not a function","stack":"TypeError: locale_config_1.transService.translate(...).getText is not a function\n    at InputSecretQuestionOnlineSubscriptionChain.executeProcess (D:\\PROJECTS\\MYACCESS\\New folder\\MyAcces.Viber\\MyAcces.bot\\dist\\process-chains\\online-subscription\\secret-question\\input-secret-question.chain.js:28:225)\n    at ValidateTermOfUseOnlineSubscriptionChain.executeNextProcess (D:\\PROJECTS\\MYACCESS\\New folder\\MyAcces.Viber\\MyAcces.bot\\dist\\interfaces\\chain.interface.js:23:41)\n    at ValidateTermOfUseOnlineSubscriptionChain.executeProcess (D:\\PROJECTS\\MYACCESS\\New folder\\MyAcces.Viber\\MyAcces.bot\\dist\\process-chains\\online-subscription\\term-of-use\\validate-term-of-use-online-subscription.chain.js:29:18)\n    at ViberController.<anonymous> (D:\\PROJECTS\\MYACCESS\\New folder\\MyAcces.Viber\\MyAcces.bot\\dist\\social-medias\\viber\\viber-controller.js:128:30)\n    at Generator.next (<anonymous>)\n    at fulfilled (D:\\PROJECTS\\MYACCESS\\New folder\\MyAcces.Viber\\MyAcces.bot\\dist\\social-medias\\viber\\viber-controller.js:5:58)\n    at processTicksAndRejections (internal/process/task_queues.js:93:5)","timestamp":"2021-09-24 14:46:35","ms":"+31ms"}
{"message":"++++ Bot Name   : MyAccès","level":"debug","service":"bot-service","timestamp":"2021-09-24 14:47:50","ms":"+0ms"}
{"message":"++++ Bot Status : DEV","level":"debug","service":"bot-service","timestamp":"2021-09-24 14:47:51","ms":"+949ms"}
{"message":"++++ Bot Access : ACCESS_TO_ALL","level":"debug","service":"bot-service","timestamp":"2021-09-24 14:47:51","ms":"+21ms"}
{"message":"++++ HOST       : https://e8c9-154-126-61-242.ngrok.io","level":"debug","service":"bot-service","timestamp":"2021-09-24 14:47:51","ms":"+13ms"}
{"message":"++++ API HOST   : http://localhost:51943","level":"debug","service":"bot-service","timestamp":"2021-09-24 14:47:51","ms":"+5ms"}
{"message":"Http server is listening on 60067","level":"info","service":"bot-service","timestamp":"2021-09-24 14:47:54","ms":"+3s"}
{"message":"Https server is listening on 60066","level":"info","service":"bot-service","timestamp":"2021-09-24 14:47:54","ms":"+4ms"}
{"service":"bot-service","sender":"eAK/TToTHpMSe6BJr/epHA==","payload":"Créer votre compte","level":"info","message":"Input_Payload","timestamp":"2021-09-24 14:47:58","ms":"+5s"}
{"service":"bot-service","sender":"eAK/TToTHpMSe6BJr/epHA==","imageUrl":"https://dl-media.viber.com/4/media/2/short/any/sig/image/0x0/c7ae/8ad4d4fafdd6d6e7e9e9c4ccf2b553ad20de5335a5bfd96954bc7a72b16cc7ae.jpg?Expires=1632487691&Signature=o7vtsaBTO6bH5H1MKgNym6nv9RXJXTiwX2xSnZZ5ZpehM~rODiOM4L27LvSTUjLMXL0X6IfeQTzarSlOifpdw0O8UAyW0gLG2xLCoMXnOc5KXRspuvVPUrQu9MkOBHX3s5Gi1OPSoj-bIf71HWsxGOZ3SSUPfsPQEDc2KEAkIUms8Lk1sKhTAvRQ1jwPC-YaZpQFkEfzCJ3ciViikCV7UWAiamxVczB2ocqpW7d0RH9QcesVYcXLFQwxyGUyAgqF22mzNjUnZcNw5qmp2bbPFfMW8BtfRPtgbFoEMCfZnbImXqqU8izhlhBfQC9W2lGYeSwAHJ3QU20iGSjHbLu-tw__&Key-Pair-Id=APKAJ62UNSBCMEIPV4HA","level":"info","message":"Input_Image_Url","timestamp":"2021-09-24 14:48:11","ms":"+13s"}
{"service":"bot-service","sender":"eAK/TToTHpMSe6BJr/epHA==","imageUrl":"https://dl-media.viber.com/4/media/2/short/any/sig/image/0x0/f6d9/40cf09135005de1232fd43be86fc56f1615dc010f886ee4895f7c95bf1a4f6d9.jpg?Expires=1632487695&Signature=NgvdIamehJVGKYFCroWD72UGSGP6JmzfRPIjMCLqUshddi339z-CsFoX3Fhwh3XcV5sV44sDV6bRbpGtgawApAjLt5CULvZAfb32ARCrdYfJVDOow8Q3pf0FCbyct5FjeaAGuZVfEcBYLJtdAMzkEyVEL8mMIwb5gfkXoMpxH0tBQts4gAlNylzycfrRawTAikCtZYjxl-qKH2iM7ZJHZ34HVtwhIudK9o~MQK7Lpf207RDr7~GjLh79tirJU9h2Zc6XpGUepCJDUtibBC-F9Gbp-K9NYN3x0qavO3eJQ0ZpK586IaN0qIckwATVnTEAgsH1SC9bvf9r0Mr4RtcJnQ__&Key-Pair-Id=APKAJ62UNSBCMEIPV4HA","level":"info","message":"Input_Image_Url","timestamp":"2021-09-24 14:48:16","ms":"+5s"}
{"service":"bot-service","sender":"eAK/TToTHpMSe6BJr/epHA==","imageUrl":"https://dl-media.viber.com/4/media/2/short/any/sig/image/0x0/5bd8/e70ec13177de73cc619cb0de2b1cdf097fdb2569f5fa2a144539104589475bd8.jpg?Expires=1632487701&Signature=l~uVGOWYcCRkjd5-0fZyEh5TWRKSp74b-VgYdP8oeUXyxcZ-RdG9nVLGNZl5CG1XYGcTDAalH1n1CyfrKtRKvp7MJYtf4izJiV~41qo4FRwOJzhPNbZuUTZawdSQ08rbozPnvpsLUoff9yGTkKBh2Hc077THrVVBIGtVM~4MoxMARp-Lg4JOZtXuHP4MXF11KwPbrQtFDdDuYkaHVYj3rJPOf7t94zFVWKFZIoQ~9TdFsKoMHQkvlF-sHTbp36aybTsr8CNd~FNQIrpYZvPPkeY9Dsm6yqpfCHmQMt3lSdtjosZfaA56copwNH-o8x1dXDo6NMl34FXa057R9FPs9w__&Key-Pair-Id=APKAJ62UNSBCMEIPV4HA","level":"info","message":"Input_Image_Url","timestamp":"2021-09-24 14:48:22","ms":"+6s"}
{"service":"bot-service","sender":"eAK/TToTHpMSe6BJr/epHA==","text":"Célibataire","level":"info","message":"Input_Message","timestamp":"2021-09-24 14:48:25","ms":"+3s"}
{"service":"bot-service","sender":"eAK/TToTHpMSe6BJr/epHA==","text":"Adresse","level":"info","message":"Input_Message","timestamp":"2021-09-24 14:48:43","ms":"+18s"}
{"service":"bot-service","sender":"eAK/TToTHpMSe6BJr/epHA==","text":"Antananarivo","level":"info","message":"Input_Message","timestamp":"2021-09-24 14:48:46","ms":"+3s"}
{"message":"InputAgenceOnlineSubscriptionChain","level":"silly","service":"bot-service","timestamp":"2021-09-24 14:48:46","ms":"+26ms"}
{"service":"bot-service","sender":"eAK/TToTHpMSe6BJr/epHA==","text":"4","level":"info","message":"Input_Message","timestamp":"2021-09-24 14:48:54","ms":"+7s"}
{"service":"bot-service","sender":"eAK/TToTHpMSe6BJr/epHA==","text":"0347941481","level":"info","message":"Input_Message","timestamp":"2021-09-24 14:49:01","ms":"+8s"}
{"service":"bot-service","sender":"eAK/TToTHpMSe6BJr/epHA==","text":"dev","level":"info","message":"Input_Message","timestamp":"2021-09-24 14:49:12","ms":"+11s"}
{"service":"bot-service","sender":"eAK/TToTHpMSe6BJr/epHA==","payload":"ACCEPTER","level":"info","message":"Input_Payload","timestamp":"2021-09-24 14:49:15","ms":"+3s"}
{"message":"++++ Bot Name   : MyAccès","level":"debug","service":"bot-service","timestamp":"2021-09-24 14:56:36","ms":"+0ms"}
{"message":"++++ Bot Status : DEV","level":"debug","service":"bot-service","timestamp":"2021-09-24 14:56:37","ms":"+880ms"}
{"message":"++++ Bot Access : ACCESS_TO_ALL","level":"debug","service":"bot-service","timestamp":"2021-09-24 14:56:37","ms":"+83ms"}
{"message":"++++ HOST       : https://e8c9-154-126-61-242.ngrok.io","level":"debug","service":"bot-service","timestamp":"2021-09-24 14:56:37","ms":"+17ms"}
{"message":"++++ API HOST   : http://localhost:51943","level":"debug","service":"bot-service","timestamp":"2021-09-24 14:56:37","ms":"+15ms"}
{"message":"Http server is listening on 60067","level":"info","service":"bot-service","timestamp":"2021-09-24 14:56:40","ms":"+3s"}
{"message":"Https server is listening on 60066","level":"info","service":"bot-service","timestamp":"2021-09-24 14:56:40","ms":"+4ms"}
{"service":"bot-service","sender":"eAK/TToTHpMSe6BJr/epHA==","text":"ff","level":"info","message":"Input_Message","timestamp":"2021-09-24 14:56:52","ms":"+12s"}
{"service":"bot-service","sender":"eAK/TToTHpMSe6BJr/epHA==","payload":"Pas encore en compte","level":"info","message":"Input_Payload","timestamp":"2021-09-24 14:56:54","ms":"+3s"}
{"service":"bot-service","sender":"eAK/TToTHpMSe6BJr/epHA==","payload":"Créer votre compte","level":"info","message":"Input_Payload","timestamp":"2021-09-24 14:56:57","ms":"+3s"}
{"service":"bot-service","sender":"eAK/TToTHpMSe6BJr/epHA==","imageUrl":"https://dl-media.viber.com/11/media/2/short/any/sig/image/0x0/90e0/912605f57fb0ebbe740729149592060dbefeddad527f86775c20db45c5f490e0.jpg?Expires=1632488228&Signature=SebYogIA7iZk~8JxkPBAUuQWn2tyJz1oVy4Wf9LLw99Ie45z6icsaU5KcNT4n0xyuxuQXxYlsIqZXHTjvFUkyRrEV9QW7IdvpjlJ3qj2xmoe4FJN4FtnRo0QrRevOX9ROrEc57HglMvcu-KD5Wy7DvXkxSfXLSOFDQiVVvL5I17Z1nxP297p12zTi7X-1vFUh5UB-wKUtfHipEow~T7lHgbdZpTx0n4rWgMuOD0kFCqLEBb3Qyavbgrbq2o~n37JE6k7NeDp~gHKWH3EfY6VKE~IRdTgGYCJzGBcob0QXMQZ32zmHkbh8KrWX34yGBO8shGG9RpILNga~QKySQYHhg__&Key-Pair-Id=APKAJ62UNSBCMEIPV4HA","level":"info","message":"Input_Image_Url","timestamp":"2021-09-24 14:57:09","ms":"+11s"}
{"service":"bot-service","sender":"eAK/TToTHpMSe6BJr/epHA==","imageUrl":"https://dl-media.viber.com/11/media/2/short/any/sig/image/0x0/d77d/76edc9deff2ac8b60c06c4e59367fc9fb30b5e5301e6ab20d35be58aeb88d77d.jpg?Expires=1632488234&Signature=cH30nQna-nsVGNZ~VjNKNYA94X7Ttc5ZXCGyc1gyQJydJQsg9ilE8sCmZpoL5s6MQ-ZkGhjcUlxPmV2S1cNbSmR~Zg~PnJcdW~I4Q7tMwq2Iw4HUIyOL0kdvEKE6a4YQojalzOpewLtP69nQ4LLKdBsUEGWkM14GU1eIC8fdQZ9hU0pWkbf~RE5LiBSsC-RHauepHBVjJExlXuXQvHrb2tmTkVRyASGpnj~18VUqceKtwK64w4LQr1dvMFr3lp9neLTFdKEaCh8~gkrnddQWvOtPH5ZkJ9a5dUbcK~SD9fIfhr1atn2g3BFS9YATC3gkp3X5TOGwu5z5zBJI99lSbw__&Key-Pair-Id=APKAJ62UNSBCMEIPV4HA","level":"info","message":"Input_Image_Url","timestamp":"2021-09-24 14:57:14","ms":"+5s"}
{"service":"bot-service","sender":"eAK/TToTHpMSe6BJr/epHA==","imageUrl":"https://dl-media.viber.com/11/media/2/short/any/sig/image/0x0/516a/fc56c6dd77b6eda88256c116a22195eec57bfc9cddd0fe86984fb2f184e4516a.jpg?Expires=1632488242&Signature=n0otno2a1XosfDtwtWztNWgYo5J-Zoo~NLpiD1SHSwaHhu-XS3qfdp33Kboy5l8pbgS-azXAwKqVD1ppEYQP0~H4YerQkrNVXxkmi30NKuUNEEmDXmRedewtfrWnV4NkJogJboPwXRSQvnBIu1yUoVLMI7PBNyo-HvrtchsOC0JBzSr0n7LrC~PIHlscLGEV6n7E~MtlP~5GpNpg8eA0n4qB-PWnouOKvjXyLCTxp9YA-JtT09nHxRf00ypZjFZ9hR2aFMJtHpVEcFFt60ZJfLx2gXjaYbRp-QOFoN4SlAV780fv2UW3t9UEfq2EHtEsIpK0vzz4O7b1RlCSYG8ymA__&Key-Pair-Id=APKAJ62UNSBCMEIPV4HA","level":"info","message":"Input_Image_Url","timestamp":"2021-09-24 14:57:23","ms":"+9s"}
{"service":"bot-service","sender":"eAK/TToTHpMSe6BJr/epHA==","text":"Célibataire","level":"info","message":"Input_Message","timestamp":"2021-09-24 14:57:26","ms":"+3s"}
{"service":"bot-service","sender":"eAK/TToTHpMSe6BJr/epHA==","text":"adresse","level":"info","message":"Input_Message","timestamp":"2021-09-24 14:57:36","ms":"+10s"}
{"service":"bot-service","sender":"eAK/TToTHpMSe6BJr/epHA==","text":"Antananarivo","level":"info","message":"Input_Message","timestamp":"2021-09-24 14:57:39","ms":"+3s"}
{"message":"InputAgenceOnlineSubscriptionChain","level":"silly","service":"bot-service","timestamp":"2021-09-24 14:57:39","ms":"+28ms"}
{"service":"bot-service","sender":"eAK/TToTHpMSe6BJr/epHA==","text":"1","level":"info","message":"Input_Message","timestamp":"2021-09-24 14:57:43","ms":"+4s"}
{"service":"bot-service","sender":"eAK/TToTHpMSe6BJr/epHA==","text":"0347941481","level":"info","message":"Input_Message","timestamp":"2021-09-24 14:57:48","ms":"+6s"}
{"service":"bot-service","sender":"eAK/TToTHpMSe6BJr/epHA==","text":"Dev","level":"info","message":"Input_Message","timestamp":"2021-09-24 14:57:53","ms":"+4s"}
{"service":"bot-service","sender":"eAK/TToTHpMSe6BJr/epHA==","payload":"ACCEPTER","level":"info","message":"Input_Payload","timestamp":"2021-09-24 14:57:56","ms":"+3s"}
{"message":"++++ Bot Name   : MyAccès","level":"debug","service":"bot-service","timestamp":"2021-09-24 15:01:31","ms":"+0ms"}
{"message":"++++ Bot Status : DEV","level":"debug","service":"bot-service","timestamp":"2021-09-24 15:01:32","ms":"+602ms"}
{"message":"++++ Bot Access : ACCESS_TO_ALL","level":"debug","service":"bot-service","timestamp":"2021-09-24 15:01:32","ms":"+301ms"}
{"message":"++++ HOST       : https://e8c9-154-126-61-242.ngrok.io","level":"debug","service":"bot-service","timestamp":"2021-09-24 15:01:32","ms":"+41ms"}
{"message":"++++ API HOST   : http://localhost:51943","level":"debug","service":"bot-service","timestamp":"2021-09-24 15:01:32","ms":"+37ms"}
{"message":"Http server is listening on 60067","level":"info","service":"bot-service","timestamp":"2021-09-24 15:01:35","ms":"+2s"}
{"message":"Https server is listening on 60066","level":"info","service":"bot-service","timestamp":"2021-09-24 15:01:35","ms":"+3ms"}
{"service":"bot-service","sender":"eAK/TToTHpMSe6BJr/epHA==","payload":"Créer votre compte","level":"info","message":"Input_Payload","timestamp":"2021-09-24 15:02:01","ms":"+26s"}
{"service":"bot-service","sender":"eAK/TToTHpMSe6BJr/epHA==","imageUrl":"https://dl-media.viber.com/4/media/2/short/any/sig/image/0x0/0e35/5fbedd9e258aa64a51688744fb85770aa3bbac6d3029329ae01e6cb97ad10e35.jpg?Expires=1632488534&Signature=Y06t0IxxVbqboIRDogD9z1lBpTSPTJ5zU~PdfRTJxhygUPAVsZvcIdIGsOkuMWL0Kx3o1rCSNb7ed2qt0ptl8AbZGcMO-L9-23RuJu9C7RpMzCBChhiZtEULWPe1NVjnPKv3YevQ~pSvXe5Djd04~BSZjEpcBUMUPV~QC6QvvKS-grL29vT5jdYDerFUIikSYG1aaqWswR~22TOJNi8PY0fCeQp~EELP08QilP-2DS9hmGqd8c32iQLfJLIuR46CqaZygJ92gwpD2o7P8VGT7kFT9yWjrcz39xtTieBT1yhUMnUs7lftvx9m9MMwnNjGMvUdzJMEmbfB3pyn~-7uAw__&Key-Pair-Id=APKAJ62UNSBCMEIPV4HA","level":"info","message":"Input_Image_Url","timestamp":"2021-09-24 15:02:15","ms":"+14s"}
{"service":"bot-service","sender":"eAK/TToTHpMSe6BJr/epHA==","imageUrl":"https://dl-media.viber.com/4/media/2/short/any/sig/image/0x0/44a8/26bfd1ceafae8d6a008ce4218ce7fc9014e3e74a313336631ad033e27e2f44a8.jpg?Expires=1632488543&Signature=lAhLOM4kiCGPg8MhIUR9Bvy4yYJGJZpg5tIzHXRe8b8Bl814zwGULM5ZlOFW3l3WVDVnUoRIDZgqj69tbPCJe7A3p77Rcz3teJ8heW0hfih2bqJyhXONyn-P0X~p-RmiLx5bcv-hZpiUDi-jcbQVX7S9T8cOYzOXoIyEvGwNs2C87PjGytRuY09AKlRo5Ms6PZkjeQtOYkv5SMf92YL2DSIvpnhjdSh-~tfo~UD3BrS4rAPdDga-acMdISuVZFTJv5VbeThSD6-Fjy7OiXrB7n9NokTfxLr0VLEWTzXuC39rxZitzXPSuYEVFAUKIJjtP1R6BI~57Qj7LkQDbSD2Kw__&Key-Pair-Id=APKAJ62UNSBCMEIPV4HA","level":"info","message":"Input_Image_Url","timestamp":"2021-09-24 15:02:23","ms":"+8s"}
{"service":"bot-service","sender":"eAK/TToTHpMSe6BJr/epHA==","imageUrl":"https://dl-media.viber.com/4/media/2/short/any/sig/image/0x0/dc5f/d484e40cbcb0b4f79ba5271d14cd3818d410299f9353209e018e261f119adc5f.jpg?Expires=1632488548&Signature=CH691UZQhBgrI8~jbs5ndm9w9OysK~~zc3EDPyvLkGWvyB9VuUYLhNfvyKcFKqirKduXGeExv9mQlAaLYwmdLvWl2Y~apP7Vxb37cuAV0R10-Ll5A7lIw1E6lFQSZzv7z3sAuqM6yb5E3YJ2sZWFJk-bq2vL2SXgVNxyhYHvIlyIxBvIvRCRNw~DWvh45aoNLCZCqkNXBeS2rOzgeayFz1LNhg~fFLpyGxUxkJSfIXOwuF1OJB4plm6pNmHl-i-9eU9YgQC8trEZ9Y3ATih50leZUTwlREmGd7DsQ-ZBmnUudviKuCMHAX2kRUwQcZGkZEt7C0XNxVzSVPo218CV-g__&Key-Pair-Id=APKAJ62UNSBCMEIPV4HA","level":"info","message":"Input_Image_Url","timestamp":"2021-09-24 15:02:28","ms":"+5s"}
{"service":"bot-service","sender":"eAK/TToTHpMSe6BJr/epHA==","text":"Célibataire","level":"info","message":"Input_Message","timestamp":"2021-09-24 15:02:31","ms":"+3s"}
{"service":"bot-service","sender":"eAK/TToTHpMSe6BJr/epHA==","text":"adresse","level":"info","message":"Input_Message","timestamp":"2021-09-24 15:02:37","ms":"+5s"}
{"service":"bot-service","sender":"eAK/TToTHpMSe6BJr/epHA==","text":"Antananarivo","level":"info","message":"Input_Message","timestamp":"2021-09-24 15:02:40","ms":"+3s"}
{"message":"InputAgenceOnlineSubscriptionChain","level":"silly","service":"bot-service","timestamp":"2021-09-24 15:02:40","ms":"+25ms"}
{"service":"bot-service","sender":"eAK/TToTHpMSe6BJr/epHA==","text":"1","level":"info","message":"Input_Message","timestamp":"2021-09-24 15:02:45","ms":"+5s"}
{"service":"bot-service","sender":"eAK/TToTHpMSe6BJr/epHA==","text":"0347941481","level":"info","message":"Input_Message","timestamp":"2021-09-24 15:02:58","ms":"+13s"}
{"service":"bot-service","sender":"eAK/TToTHpMSe6BJr/epHA==","text":"Dev","level":"info","message":"Input_Message","timestamp":"2021-09-24 15:03:10","ms":"+12s"}
{"service":"bot-service","sender":"eAK/TToTHpMSe6BJr/epHA==","payload":"ACCEPTER","level":"info","message":"Input_Payload","timestamp":"2021-09-24 15:03:21","ms":"+10s"}
{"message":"++++ Bot Name   : MyAccès","level":"debug","service":"bot-service","timestamp":"2021-09-24 15:06:49","ms":"+0ms"}
{"message":"++++ Bot Status : DEV","level":"debug","service":"bot-service","timestamp":"2021-09-24 15:06:49","ms":"+755ms"}
{"message":"++++ Bot Access : ACCESS_TO_ALL","level":"debug","service":"bot-service","timestamp":"2021-09-24 15:06:49","ms":"+25ms"}
{"message":"++++ HOST       : https://e8c9-154-126-61-242.ngrok.io","level":"debug","service":"bot-service","timestamp":"2021-09-24 15:06:49","ms":"+9ms"}
{"message":"++++ API HOST   : http://localhost:51943","level":"debug","service":"bot-service","timestamp":"2021-09-24 15:06:49","ms":"+5ms"}
{"message":"Http server is listening on 60067","level":"info","service":"bot-service","timestamp":"2021-09-24 15:06:52","ms":"+2s"}
{"message":"Https server is listening on 60066","level":"info","service":"bot-service","timestamp":"2021-09-24 15:06:52","ms":"+3ms"}
{"service":"bot-service","sender":"eAK/TToTHpMSe6BJr/epHA==","text":"cc","level":"info","message":"Input_Message","timestamp":"2021-09-24 15:06:53","ms":"+2s"}
{"service":"bot-service","sender":"eAK/TToTHpMSe6BJr/epHA==","payload":"Pas encore en compte","level":"info","message":"Input_Payload","timestamp":"2021-09-24 15:06:57","ms":"+4s"}
{"service":"bot-service","sender":"eAK/TToTHpMSe6BJr/epHA==","payload":"Créer votre compte","level":"info","message":"Input_Payload","timestamp":"2021-09-24 15:07:01","ms":"+4s"}
{"service":"bot-service","sender":"eAK/TToTHpMSe6BJr/epHA==","imageUrl":"https://dl-media.viber.com/4/media/2/short/any/sig/image/0x0/abdb/908166bd0307840b50316c25c04c263450b67b929f9365d3f604928c658babdb.jpg?Expires=1632488833&Signature=SLbIp32GmIgLHMLLk2Ue-T5vhZWEuATan0lJdW8eCTkoqPa9YWAiTIxlsd~xZzUKxDWY9pmtwXPPziEhuf34Odbtd6IOK0FJqcHQBMqTSVGu3YAamQwTk0wHxLbzRJLEX-Ns8AsiytOgxyiPuFbayxs4V46GJ81qxso8y5vQvQIBXUyz~kExLgAMtVCCnsr4oc98JkA5gSJF1tf4Q5vQjLIXv5jPW5GaaCfdYDz5vtxDXjSFcC5ovTFfW06QyoyXFF9t0M3dVxz4KZxYG3PMP-l8UGCWy7oV36ImvxCn-AK-SaisO0DtG7tdAWXjUuKgPT-M82xSTExb6m26-0R0iQ__&Key-Pair-Id=APKAJ62UNSBCMEIPV4HA","level":"info","message":"Input_Image_Url","timestamp":"2021-09-24 15:07:13","ms":"+12s"}
{"service":"bot-service","sender":"eAK/TToTHpMSe6BJr/epHA==","imageUrl":"https://dl-media.viber.com/4/media/2/short/any/sig/image/0x0/3fe0/0da4888d50bb000dbf56c07d10ab7154acfd3a838dbddb52f99e80b06d6f3fe0.jpg?Expires=1632488844&Signature=nvwx2QH9yBGQydMOu7t7Lquyaz3oK1j-A7Dbgl7v35MNGn9Q2JWSldsKCvsvqu6YvgdDLJVcYrKZp7KUh6vDwsuvADxp~j8CzAtc4dMRyfX8bQdz0Zu~d-JjxKRdUpJBuYfjbvMFBz30TpaldwYqkMYqUNTwBZ2N9CcG24QgUjArFcXZ1svfktbEffXv8Po3gVkLibeLR0Cjn5pEG-gab1KvrifhmYau65wOgNbp4PIkogGfFbO32ism1c9AmUKUsZQRDhnHbyZjO~U8HxqtHBwWuz0t2MObJ1fmlOAym2C2WEHAVCpZ4S5YzYfFRK0LE7hILfIu-6EiLXjJYJgyVA__&Key-Pair-Id=APKAJ62UNSBCMEIPV4HA","level":"info","message":"Input_Image_Url","timestamp":"2021-09-24 15:07:24","ms":"+11s"}
{"service":"bot-service","sender":"eAK/TToTHpMSe6BJr/epHA==","imageUrl":"https://dl-media.viber.com/4/media/2/short/any/sig/image/0x0/86ac/d3fbc1d8750d0f86d36d3e7f0ebd9826a22cac5fc5f101ef353e377ef2e186ac.jpg?Expires=1632488849&Signature=L9zf7huW04BeCs4akWXMZrOUgxzRhL2UntV9f2X1qPjbDG0x9t~60gzL~3mIQ19FFBpQvIg8WR1EoxMoy9yrMNP9SKtZRzYkd-G3Q95AuNMMOI46nQRjLaMXsZPvI3bGXZbTf4axyBvobTAdlozfdNeuOMI5QAZGF~gWFeFXRbf2lCeRLQb67C8db8GQbY-JrMevrx9NlocSsCZM-8XFo4IWHPm963X7zVd-yiney62VuRS788Rz1gqWvse1r3Nv--dEbpeiIGfvS-jERz16eHcldsOjA1sbJgRHQZ23hRukG-Z8f-dgKRcPcbxrH1tIqNSO2N34XljVDrQH-c2B8w__&Key-Pair-Id=APKAJ62UNSBCMEIPV4HA","level":"info","message":"Input_Image_Url","timestamp":"2021-09-24 15:07:29","ms":"+5s"}
{"service":"bot-service","sender":"eAK/TToTHpMSe6BJr/epHA==","text":"Célibataire","level":"info","message":"Input_Message","timestamp":"2021-09-24 15:07:33","ms":"+4s"}
{"service":"bot-service","sender":"eAK/TToTHpMSe6BJr/epHA==","text":"adresse","level":"info","message":"Input_Message","timestamp":"2021-09-24 15:07:41","ms":"+8s"}
{"service":"bot-service","sender":"eAK/TToTHpMSe6BJr/epHA==","text":"Antananarivo","level":"info","message":"Input_Message","timestamp":"2021-09-24 15:07:44","ms":"+3s"}
{"message":"InputAgenceOnlineSubscriptionChain","level":"silly","service":"bot-service","timestamp":"2021-09-24 15:07:44","ms":"+27ms"}
{"service":"bot-service","sender":"eAK/TToTHpMSe6BJr/epHA==","text":"1","level":"info","message":"Input_Message","timestamp":"2021-09-24 15:07:49","ms":"+4s"}
{"service":"bot-service","sender":"eAK/TToTHpMSe6BJr/epHA==","text":"0347941478","level":"info","message":"Input_Message","timestamp":"2021-09-24 15:07:55","ms":"+6s"}
{"service":"bot-service","sender":"eAK/TToTHpMSe6BJr/epHA==","text":"Dev","level":"info","message":"Input_Message","timestamp":"2021-09-24 15:08:00","ms":"+5s"}
{"service":"bot-service","sender":"eAK/TToTHpMSe6BJr/epHA==","payload":"ACCEPTER","level":"info","message":"Input_Payload","timestamp":"2021-09-24 15:08:31","ms":"+31s"}
{"message":"++++ Bot Name   : MyAccès","level":"debug","service":"bot-service","timestamp":"2021-09-24 15:13:27","ms":"+0ms"}
{"message":"++++ Bot Status : DEV","level":"debug","service":"bot-service","timestamp":"2021-09-24 15:13:28","ms":"+1s"}
{"message":"++++ Bot Access : ACCESS_TO_ALL","level":"debug","service":"bot-service","timestamp":"2021-09-24 15:13:28","ms":"+109ms"}
{"message":"++++ HOST       : https://e8c9-154-126-61-242.ngrok.io","level":"debug","service":"bot-service","timestamp":"2021-09-24 15:13:28","ms":"+10ms"}
{"message":"++++ API HOST   : http://localhost:51943","level":"debug","service":"bot-service","timestamp":"2021-09-24 15:13:28","ms":"+8ms"}
{"message":"Http server is listening on 60067","level":"info","service":"bot-service","timestamp":"2021-09-24 15:13:29","ms":"+1s"}
{"message":"Https server is listening on 60066","level":"info","service":"bot-service","timestamp":"2021-09-24 15:13:29","ms":"+2ms"}
{"message":"++++ Bot Name   : MyAccès","level":"debug","service":"bot-service","timestamp":"2021-09-24 15:15:04","ms":"+0ms"}
{"message":"++++ Bot Status : DEV","level":"debug","service":"bot-service","timestamp":"2021-09-24 15:15:04","ms":"+240ms"}
{"message":"++++ Bot Access : ACCESS_TO_ALL","level":"debug","service":"bot-service","timestamp":"2021-09-24 15:15:04","ms":"+2ms"}
{"message":"++++ HOST       : https://e8c9-154-126-61-242.ngrok.io","level":"debug","service":"bot-service","timestamp":"2021-09-24 15:15:04","ms":"+156ms"}
{"message":"++++ API HOST   : http://localhost:51943","level":"debug","service":"bot-service","timestamp":"2021-09-24 15:15:04","ms":"+25ms"}
{"message":"Http server is listening on 60067","level":"info","service":"bot-service","timestamp":"2021-09-24 15:15:06","ms":"+1s"}
{"message":"Https server is listening on 60066","level":"info","service":"bot-service","timestamp":"2021-09-24 15:15:06","ms":"+2ms"}
